CMT Inversion Depth Analysis for Alberta Fox Creek M4.2
1 2.953e+00
60 86 82 264 114 9
2 1.558e+00
291 96 79 85 64 13
3 4.095e+00
303 120 83 46 15 31
4 3.161e+00
312 147 89 43 1 57
5 2.750e+00
131 -140 89 41 -1 50
6 2.485e+00
306 150 82 41 9 60
7 2.452e+00
50 56 58 282 131 45
8 2.959e+00
29 57 80 284 162 34
9 2.126e+00
43 42 71 297 155 51
10 2.126e+00
43 42 71 297 155 51
11 2.126e+00
43 42 71 297 155 51
12 2.126e+00
43 42 71 297 155 51
13 2.126e+00
43 42 71 297 155 51
14 2.126e+00
43 42 71 297 155 51
15 2.126e+00
43 42 71 297 155 51
16 2.126e+00
43 42 71 297 155 51
17 2.126e+00
43 42 71 297 155 51
18 2.126e+00
43 42 71 297 155 51
19 2.126e+00
43 42 71 297 155 51
20 2.126e+00
43 42 71 297 155 51
21 2.126e+00
43 42 71 297 155 51
22 2.126e+00
43 42 71 297 155 51
23 2.126e+00
43 42 71 297 155 51
24 2.126e+00
43 42 71 297 155 51
25 2.126e+00
43 42 71 297 155 51
