isoflag=6 Depth=2
Station Information
Station(0): TD002.data  R=206.0km  AZI=123.0  W=1.000  Zcor=68
Station(1): TD009.data  R=241.0km  AZI=169.0  W=1.170  Zcor=91
Station(2): RDEA.data  R=258.0km  AZI=24.0  W=1.252  Zcor=96
Station(3): NBC4.data  R=270.0km  AZI=300.0  W=1.311  Zcor=98
isomoment=7.50933e+20
MT Aki Convention
Mxx=4.377
Mxy=-75.412
Mxz=5.337
Myy=-10.586
Myz=19.845
Mzz=-16.319
eigen1=-4.81482e+20
eigen2=-7.63709e+21
eigen3=8.11857e+21
Mo=7.87783e+21  (8.86951e+21)
Mw=3.93
Strike=4 ; 272
Rake=-165 ; -7
Dip=84 ; 75
Pdc=80
Pclvd=11
Piso=9
Variance=7.311e-10
VarRed=3.054e+01
Var/Pdc=9.085e-12
Quality=1
isoflag=6 Depth=2
Station Information
Station(0): TD002.data  R=206.0km  AZI=123.0  W=1.000  Zcor=68
Station(1): TD009.data  R=241.0km  AZI=169.0  W=1.170  Zcor=91
Station(2): RDEA.data  R=258.0km  AZI=24.0  W=1.252  Zcor=96
Station(3): NBC4.data  R=270.0km  AZI=300.0  W=1.311  Zcor=98
isomoment=7.50933e+20
MT Aki Convention
Mxx=4.377
Mxy=-75.412
Mxz=5.337
Myy=-10.586
Myz=19.845
Mzz=-16.319
eigen1=-4.81482e+20
eigen2=-7.63709e+21
eigen3=8.11857e+21
Mo=7.87783e+21  (8.86951e+21)
Mw=3.93
Strike=4 ; 272
Rake=-165 ; -7
Dip=84 ; 75
Pdc=80
Pclvd=11
Piso=9
Variance=7.311e-10
VarRed=3.054e+01
Var/Pdc=9.085e-12
Quality=1
isoflag=6 Depth=2
Station Information
Station(0): TD002.data  R=206.0km  AZI=123.0  W=1.000  Zcor=68
Station(1): TD009.data  R=241.0km  AZI=169.0  W=1.170  Zcor=91
Station(2): RDEA.data  R=258.0km  AZI=24.0  W=1.252  Zcor=96
Station(3): NBC4.data  R=270.0km  AZI=300.0  W=1.311  Zcor=98
isomoment=7.50933e+20
MT Aki Convention
Mxx=4.377
Mxy=-75.412
Mxz=5.337
Myy=-10.586
Myz=19.845
Mzz=-16.319
eigen1=-4.81482e+20
eigen2=-7.63709e+21
eigen3=8.11857e+21
Mo=7.87783e+21  (8.86951e+21)
Mw=3.93
Strike=4 ; 272
Rake=-165 ; -7
Dip=84 ; 75
Pdc=80
Pclvd=11
Piso=9
Variance=7.311e-10
VarRed=3.054e+01
Var/Pdc=9.085e-12
Quality=1
isoflag=6 Depth=2
Station Information
Station(0): TD002.data  R=206.0km  AZI=123.0  W=1.000  Zcor=68
Station(1): TD009.data  R=241.0km  AZI=169.0  W=1.170  Zcor=91
Station(2): RDEA.data  R=258.0km  AZI=24.0  W=1.252  Zcor=96
Station(3): NBC4.data  R=270.0km  AZI=300.0  W=1.311  Zcor=98
isomoment=7.50933e+20
MT Aki Convention
Mxx=4.377
Mxy=-75.412
Mxz=5.337
Myy=-10.586
Myz=19.845
Mzz=-16.319
eigen1=-4.81482e+20
eigen2=-7.63709e+21
eigen3=8.11857e+21
Mo=7.87783e+21  (8.86951e+21)
Mw=3.93
Strike=4 ; 272
Rake=-165 ; -7
Dip=84 ; 75
Pdc=80
Pclvd=11
Piso=9
Variance=7.311e-10
VarRed=3.054e+01
Var/Pdc=9.085e-12
Quality=1
isoflag=6 Depth=2
Station Information
Station(0): TD002.data  R=206.0km  AZI=123.0  W=1.000  Zcor=68
Station(1): TD009.data  R=241.0km  AZI=169.0  W=1.170  Zcor=91
Station(2): RDEA.data  R=258.0km  AZI=24.0  W=1.252  Zcor=96
Station(3): NBC4.data  R=270.0km  AZI=300.0  W=1.311  Zcor=98
isomoment=7.50933e+20
MT Aki Convention
Mxx=4.377
Mxy=-75.412
Mxz=5.337
Myy=-10.586
Myz=19.845
Mzz=-16.319
eigen1=-4.81482e+20
eigen2=-7.63709e+21
eigen3=8.11857e+21
Mo=7.87783e+21  (8.86951e+21)
Mw=3.93
Strike=4 ; 272
Rake=-165 ; -7
Dip=84 ; 75
Pdc=80
Pclvd=11
Piso=9
Variance=7.311e-10
VarRed=3.054e+01
Var/Pdc=9.085e-12
Quality=1
isoflag=6 Depth=2
Station Information
Station(0): TD002.data  R=206.0km  AZI=123.0  W=1.000  Zcor=68
Station(1): TD009.data  R=241.0km  AZI=169.0  W=1.170  Zcor=91
Station(2): RDEA.data  R=258.0km  AZI=24.0  W=1.252  Zcor=96
Station(3): NBC4.data  R=270.0km  AZI=300.0  W=1.311  Zcor=98
isomoment=7.50933e+20
MT Aki Convention
Mxx=4.377
Mxy=-75.412
Mxz=5.337
Myy=-10.586
Myz=19.845
Mzz=-16.319
eigen1=-4.81482e+20
eigen2=-7.63709e+21
eigen3=8.11857e+21
Mo=7.87783e+21  (8.86951e+21)
Mw=3.93
Strike=4 ; 272
Rake=-165 ; -7
Dip=84 ; 75
Pdc=80
Pclvd=11
Piso=9
Variance=7.311e-10
VarRed=3.054e+01
Var/Pdc=9.085e-12
Quality=1
isoflag=6 Depth=2
Station Information
Station(0): TD002.data  R=206.0km  AZI=123.0  W=1.000  Zcor=68
Station(1): TD009.data  R=241.0km  AZI=169.0  W=1.170  Zcor=91
Station(2): RDEA.data  R=258.0km  AZI=24.0  W=1.252  Zcor=96
Station(3): NBC4.data  R=270.0km  AZI=300.0  W=1.311  Zcor=98
isomoment=7.50933e+20
MT Aki Convention
Mxx=4.377
Mxy=-75.412
Mxz=5.337
Myy=-10.586
Myz=19.845
Mzz=-16.319
eigen1=-4.81482e+20
eigen2=-7.63709e+21
eigen3=8.11857e+21
Mo=7.87783e+21  (8.86951e+21)
Mw=3.93
Strike=4 ; 272
Rake=-165 ; -7
Dip=84 ; 75
Pdc=80
Pclvd=11
Piso=9
Variance=7.311e-10
VarRed=3.054e+01
Var/Pdc=9.085e-12
Quality=1
isoflag=6 Depth=2
Station Information
Station(0): TD002.data  R=206.0km  AZI=123.0  W=1.000  Zcor=68
Station(1): TD009.data  R=241.0km  AZI=169.0  W=1.170  Zcor=91
Station(2): RDEA.data  R=258.0km  AZI=24.0  W=1.252  Zcor=96
Station(3): NBC4.data  R=270.0km  AZI=300.0  W=1.311  Zcor=98
isomoment=7.50933e+20
MT Aki Convention
Mxx=4.377
Mxy=-75.412
Mxz=5.337
Myy=-10.586
Myz=19.845
Mzz=-16.319
eigen1=-4.81482e+20
eigen2=-7.63709e+21
eigen3=8.11857e+21
Mo=7.87783e+21  (8.86951e+21)
Mw=3.93
Strike=4 ; 272
Rake=-165 ; -7
Dip=84 ; 75
Pdc=80
Pclvd=11
Piso=9
Variance=7.311e-10
VarRed=3.054e+01
Var/Pdc=9.085e-12
Quality=1
isoflag=6 Depth=2
Station Information
Station(0): TD002.data  R=206.0km  AZI=123.0  W=1.000  Zcor=68
Station(1): TD009.data  R=241.0km  AZI=169.0  W=1.170  Zcor=91
Station(2): RDEA.data  R=258.0km  AZI=24.0  W=1.252  Zcor=96
Station(3): NBC4.data  R=270.0km  AZI=300.0  W=1.311  Zcor=98
isomoment=7.50933e+20
MT Aki Convention
Mxx=4.377
Mxy=-75.412
Mxz=5.337
Myy=-10.586
Myz=19.845
Mzz=-16.319
eigen1=-4.81482e+20
eigen2=-7.63709e+21
eigen3=8.11857e+21
Mo=7.87783e+21  (8.86951e+21)
Mw=3.93
Strike=4 ; 272
Rake=-165 ; -7
Dip=84 ; 75
Pdc=80
Pclvd=11
Piso=9
Variance=7.311e-10
VarRed=3.054e+01
Var/Pdc=9.085e-12
Quality=1
isoflag=6 Depth=2
Station Information
Station(0): TD002.data  R=206.0km  AZI=123.0  W=1.000  Zcor=68
Station(1): TD009.data  R=241.0km  AZI=169.0  W=1.170  Zcor=91
Station(2): RDEA.data  R=258.0km  AZI=24.0  W=1.252  Zcor=96
Station(3): NBC4.data  R=270.0km  AZI=300.0  W=1.311  Zcor=98
isomoment=7.50933e+20
MT Aki Convention
Mxx=4.377
Mxy=-75.412
Mxz=5.337
Myy=-10.586
Myz=19.845
Mzz=-16.319
eigen1=-4.81482e+20
eigen2=-7.63709e+21
eigen3=8.11857e+21
Mo=7.87783e+21  (8.86951e+21)
Mw=3.93
Strike=4 ; 272
Rake=-165 ; -7
Dip=84 ; 75
Pdc=80
Pclvd=11
Piso=9
Variance=7.311e-10
VarRed=3.054e+01
Var/Pdc=9.085e-12
Quality=1
isoflag=6 Depth=2
Station Information
Station(0): TD002.data  R=206.0km  AZI=123.0  W=1.000  Zcor=68
Station(1): TD009.data  R=241.0km  AZI=169.0  W=1.170  Zcor=91
Station(2): RDEA.data  R=258.0km  AZI=24.0  W=1.252  Zcor=96
Station(3): NBC4.data  R=270.0km  AZI=300.0  W=1.311  Zcor=98
isomoment=7.50933e+20
MT Aki Convention
Mxx=4.377
Mxy=-75.412
Mxz=5.337
Myy=-10.586
Myz=19.845
Mzz=-16.319
eigen1=-4.81482e+20
eigen2=-7.63709e+21
eigen3=8.11857e+21
Mo=7.87783e+21  (8.86951e+21)
Mw=3.93
Strike=4 ; 272
Rake=-165 ; -7
Dip=84 ; 75
Pdc=80
Pclvd=11
Piso=9
Variance=7.311e-10
VarRed=3.054e+01
Var/Pdc=9.085e-12
Quality=1
isoflag=6 Depth=2
Station Information
Station(0): TD002.data  R=206.0km  AZI=123.0  W=1.000  Zcor=68
Station(1): TD009.data  R=241.0km  AZI=169.0  W=1.170  Zcor=91
Station(2): RDEA.data  R=258.0km  AZI=24.0  W=1.252  Zcor=96
Station(3): NBC4.data  R=270.0km  AZI=300.0  W=1.311  Zcor=98
isomoment=7.50933e+20
MT Aki Convention
Mxx=4.377
Mxy=-75.412
Mxz=5.337
Myy=-10.586
Myz=19.845
Mzz=-16.319
eigen1=-4.81482e+20
eigen2=-7.63709e+21
eigen3=8.11857e+21
Mo=7.87783e+21  (8.86951e+21)
Mw=3.93
Strike=4 ; 272
Rake=-165 ; -7
Dip=84 ; 75
Pdc=80
Pclvd=11
Piso=9
Variance=7.311e-10
VarRed=3.054e+01
Var/Pdc=9.085e-12
Quality=1
isoflag=6 Depth=2
Station Information
Station(0): TD002.data  R=206.0km  AZI=123.0  W=1.000  Zcor=68
Station(1): TD009.data  R=241.0km  AZI=169.0  W=1.170  Zcor=91
Station(2): RDEA.data  R=258.0km  AZI=24.0  W=1.252  Zcor=96
Station(3): NBC4.data  R=270.0km  AZI=300.0  W=1.311  Zcor=98
isomoment=7.50933e+20
MT Aki Convention
Mxx=4.377
Mxy=-75.412
Mxz=5.337
Myy=-10.586
Myz=19.845
Mzz=-16.319
eigen1=-4.81482e+20
eigen2=-7.63709e+21
eigen3=8.11857e+21
Mo=7.87783e+21  (8.86951e+21)
Mw=3.93
Strike=4 ; 272
Rake=-165 ; -7
Dip=84 ; 75
Pdc=80
Pclvd=11
Piso=9
Variance=7.311e-10
VarRed=3.054e+01
Var/Pdc=9.085e-12
Quality=1
isoflag=6 Depth=2
Station Information
Station(0): TD002.data  R=206.0km  AZI=123.0  W=1.000  Zcor=68
Station(1): TD009.data  R=241.0km  AZI=169.0  W=1.170  Zcor=91
Station(2): RDEA.data  R=258.0km  AZI=24.0  W=1.252  Zcor=96
Station(3): NBC4.data  R=270.0km  AZI=300.0  W=1.311  Zcor=98
isomoment=7.50933e+20
MT Aki Convention
Mxx=4.377
Mxy=-75.412
Mxz=5.337
Myy=-10.586
Myz=19.845
Mzz=-16.319
eigen1=-4.81482e+20
eigen2=-7.63709e+21
eigen3=8.11857e+21
Mo=7.87783e+21  (8.86951e+21)
Mw=3.93
Strike=4 ; 272
Rake=-165 ; -7
Dip=84 ; 75
Pdc=80
Pclvd=11
Piso=9
Variance=7.311e-10
VarRed=3.054e+01
Var/Pdc=9.085e-12
Quality=1
isoflag=6 Depth=2
Station Information
Station(0): TD002.data  R=206.0km  AZI=123.0  W=1.000  Zcor=68
Station(1): TD009.data  R=241.0km  AZI=169.0  W=1.170  Zcor=91
Station(2): RDEA.data  R=258.0km  AZI=24.0  W=1.252  Zcor=96
Station(3): NBC4.data  R=270.0km  AZI=300.0  W=1.311  Zcor=98
isomoment=7.50933e+20
MT Aki Convention
Mxx=4.377
Mxy=-75.412
Mxz=5.337
Myy=-10.586
Myz=19.845
Mzz=-16.319
eigen1=-4.81482e+20
eigen2=-7.63709e+21
eigen3=8.11857e+21
Mo=7.87783e+21  (8.86951e+21)
Mw=3.93
Strike=4 ; 272
Rake=-165 ; -7
Dip=84 ; 75
Pdc=80
Pclvd=11
Piso=9
Variance=7.311e-10
VarRed=3.054e+01
Var/Pdc=9.085e-12
Quality=1
isoflag=6 Depth=2
Station Information
Station(0): TD002.data  R=206.0km  AZI=123.0  W=1.000  Zcor=68
Station(1): TD009.data  R=241.0km  AZI=169.0  W=1.170  Zcor=91
Station(2): RDEA.data  R=258.0km  AZI=24.0  W=1.252  Zcor=96
Station(3): NBC4.data  R=270.0km  AZI=300.0  W=1.311  Zcor=98
isomoment=7.50933e+20
MT Aki Convention
Mxx=4.377
Mxy=-75.412
Mxz=5.337
Myy=-10.586
Myz=19.845
Mzz=-16.319
eigen1=-4.81482e+20
eigen2=-7.63709e+21
eigen3=8.11857e+21
Mo=7.87783e+21  (8.86951e+21)
Mw=3.93
Strike=4 ; 272
Rake=-165 ; -7
Dip=84 ; 75
Pdc=80
Pclvd=11
Piso=9
Variance=7.311e-10
VarRed=3.054e+01
Var/Pdc=9.085e-12
Quality=1
isoflag=6 Depth=2
Station Information
Station(0): TD002.data  R=206.0km  AZI=123.0  W=1.000  Zcor=68
Station(1): TD009.data  R=241.0km  AZI=169.0  W=1.170  Zcor=91
Station(2): RDEA.data  R=258.0km  AZI=24.0  W=1.252  Zcor=96
Station(3): NBC4.data  R=270.0km  AZI=300.0  W=1.311  Zcor=98
isomoment=7.50933e+20
MT Aki Convention
Mxx=4.377
Mxy=-75.412
Mxz=5.337
Myy=-10.586
Myz=19.845
Mzz=-16.319
eigen1=-4.81482e+20
eigen2=-7.63709e+21
eigen3=8.11857e+21
Mo=7.87783e+21  (8.86951e+21)
Mw=3.93
Strike=4 ; 272
Rake=-165 ; -7
Dip=84 ; 75
Pdc=80
Pclvd=11
Piso=9
Variance=7.311e-10
VarRed=3.054e+01
Var/Pdc=9.085e-12
Quality=1
isoflag=6 Depth=2
Station Information
Station(0): TD002.data  R=206.0km  AZI=123.0  W=1.000  Zcor=68
Station(1): TD009.data  R=241.0km  AZI=169.0  W=1.170  Zcor=91
Station(2): RDEA.data  R=258.0km  AZI=24.0  W=1.252  Zcor=96
Station(3): NBC4.data  R=270.0km  AZI=300.0  W=1.311  Zcor=98
isomoment=7.50933e+20
MT Aki Convention
Mxx=4.377
Mxy=-75.412
Mxz=5.337
Myy=-10.586
Myz=19.845
Mzz=-16.319
eigen1=-4.81482e+20
eigen2=-7.63709e+21
eigen3=8.11857e+21
Mo=7.87783e+21  (8.86951e+21)
Mw=3.93
Strike=4 ; 272
Rake=-165 ; -7
Dip=84 ; 75
Pdc=80
Pclvd=11
Piso=9
Variance=7.311e-10
VarRed=3.054e+01
Var/Pdc=9.085e-12
Quality=1
isoflag=6 Depth=2
Station Information
Station(0): TD002.data  R=206.0km  AZI=123.0  W=1.000  Zcor=68
Station(1): TD009.data  R=241.0km  AZI=169.0  W=1.170  Zcor=91
Station(2): RDEA.data  R=258.0km  AZI=24.0  W=1.252  Zcor=96
Station(3): NBC4.data  R=270.0km  AZI=300.0  W=1.311  Zcor=98
isomoment=7.50933e+20
MT Aki Convention
Mxx=4.377
Mxy=-75.412
Mxz=5.337
Myy=-10.586
Myz=19.845
Mzz=-16.319
eigen1=-4.81482e+20
eigen2=-7.63709e+21
eigen3=8.11857e+21
Mo=7.87783e+21  (8.86951e+21)
Mw=3.93
Strike=4 ; 272
Rake=-165 ; -7
Dip=84 ; 75
Pdc=80
Pclvd=11
Piso=9
Variance=7.311e-10
VarRed=3.054e+01
Var/Pdc=9.085e-12
Quality=1
isoflag=6 Depth=2
Station Information
Station(0): TD002.data  R=206.0km  AZI=123.0  W=1.000  Zcor=68
Station(1): TD009.data  R=241.0km  AZI=169.0  W=1.170  Zcor=91
Station(2): RDEA.data  R=258.0km  AZI=24.0  W=1.252  Zcor=96
Station(3): NBC4.data  R=270.0km  AZI=300.0  W=1.311  Zcor=98
isomoment=7.50933e+20
MT Aki Convention
Mxx=4.377
Mxy=-75.412
Mxz=5.337
Myy=-10.586
Myz=19.845
Mzz=-16.319
eigen1=-4.81482e+20
eigen2=-7.63709e+21
eigen3=8.11857e+21
Mo=7.87783e+21  (8.86951e+21)
Mw=3.93
Strike=4 ; 272
Rake=-165 ; -7
Dip=84 ; 75
Pdc=80
Pclvd=11
Piso=9
Variance=7.311e-10
VarRed=3.054e+01
Var/Pdc=9.085e-12
Quality=1
isoflag=6 Depth=2
Station Information
Station(0): TD002.data  R=206.0km  AZI=123.0  W=1.000  Zcor=68
Station(1): TD009.data  R=241.0km  AZI=169.0  W=1.170  Zcor=91
Station(2): RDEA.data  R=258.0km  AZI=24.0  W=1.252  Zcor=96
Station(3): NBC4.data  R=270.0km  AZI=300.0  W=1.311  Zcor=98
isomoment=7.50933e+20
MT Aki Convention
Mxx=4.377
Mxy=-75.412
Mxz=5.337
Myy=-10.586
Myz=19.845
Mzz=-16.319
eigen1=-4.81482e+20
eigen2=-7.63709e+21
eigen3=8.11857e+21
Mo=7.87783e+21  (8.86951e+21)
Mw=3.93
Strike=4 ; 272
Rake=-165 ; -7
Dip=84 ; 75
Pdc=80
Pclvd=11
Piso=9
Variance=7.311e-10
VarRed=3.054e+01
Var/Pdc=9.085e-12
Quality=1
isoflag=6 Depth=2
Station Information
Station(0): TD002.data  R=206.0km  AZI=123.0  W=1.000  Zcor=68
Station(1): TD009.data  R=241.0km  AZI=169.0  W=1.170  Zcor=91
Station(2): RDEA.data  R=258.0km  AZI=24.0  W=1.252  Zcor=96
Station(3): NBC4.data  R=270.0km  AZI=300.0  W=1.311  Zcor=98
isomoment=7.50933e+20
MT Aki Convention
Mxx=4.377
Mxy=-75.412
Mxz=5.337
Myy=-10.586
Myz=19.845
Mzz=-16.319
eigen1=-4.81482e+20
eigen2=-7.63709e+21
eigen3=8.11857e+21
Mo=7.87783e+21  (8.86951e+21)
Mw=3.93
Strike=4 ; 272
Rake=-165 ; -7
Dip=84 ; 75
Pdc=80
Pclvd=11
Piso=9
Variance=7.311e-10
VarRed=3.054e+01
Var/Pdc=9.085e-12
Quality=1
isoflag=6 Depth=2
Station Information
Station(0): TD002.data  R=206.0km  AZI=123.0  W=1.000  Zcor=68
Station(1): TD009.data  R=241.0km  AZI=169.0  W=1.170  Zcor=91
Station(2): RDEA.data  R=258.0km  AZI=24.0  W=1.252  Zcor=96
Station(3): NBC4.data  R=270.0km  AZI=300.0  W=1.311  Zcor=98
isomoment=7.50933e+20
MT Aki Convention
Mxx=4.377
Mxy=-75.412
Mxz=5.337
Myy=-10.586
Myz=19.845
Mzz=-16.319
eigen1=-4.81482e+20
eigen2=-7.63709e+21
eigen3=8.11857e+21
Mo=7.87783e+21  (8.86951e+21)
Mw=3.93
Strike=4 ; 272
Rake=-165 ; -7
Dip=84 ; 75
Pdc=80
Pclvd=11
Piso=9
Variance=7.311e-10
VarRed=3.054e+01
Var/Pdc=9.085e-12
Quality=1
isoflag=6 Depth=2
Station Information
Station(0): TD002.data  R=206.0km  AZI=123.0  W=1.000  Zcor=68
Station(1): TD009.data  R=241.0km  AZI=169.0  W=1.170  Zcor=91
Station(2): RDEA.data  R=258.0km  AZI=24.0  W=1.252  Zcor=96
Station(3): NBC4.data  R=270.0km  AZI=300.0  W=1.311  Zcor=98
isomoment=7.50933e+20
MT Aki Convention
Mxx=4.377
Mxy=-75.412
Mxz=5.337
Myy=-10.586
Myz=19.845
Mzz=-16.319
eigen1=-4.81482e+20
eigen2=-7.63709e+21
eigen3=8.11857e+21
Mo=7.87783e+21  (8.86951e+21)
Mw=3.93
Strike=4 ; 272
Rake=-165 ; -7
Dip=84 ; 75
Pdc=80
Pclvd=11
Piso=9
Variance=7.311e-10
VarRed=3.054e+01
Var/Pdc=9.085e-12
Quality=1
isoflag=6 Depth=2
Station Information
Station(0): TD002.data  R=206.0km  AZI=123.0  W=1.000  Zcor=68
Station(1): TD009.data  R=241.0km  AZI=169.0  W=1.170  Zcor=91
Station(2): RDEA.data  R=258.0km  AZI=24.0  W=1.252  Zcor=96
Station(3): NBC4.data  R=270.0km  AZI=300.0  W=1.311  Zcor=98
isomoment=7.50933e+20
MT Aki Convention
Mxx=4.377
Mxy=-75.412
Mxz=5.337
Myy=-10.586
Myz=19.845
Mzz=-16.319
eigen1=-4.81482e+20
eigen2=-7.63709e+21
eigen3=8.11857e+21
Mo=7.87783e+21  (8.86951e+21)
Mw=3.93
Strike=4 ; 272
Rake=-165 ; -7
Dip=84 ; 75
Pdc=80
Pclvd=11
Piso=9
Variance=7.311e-10
VarRed=3.054e+01
Var/Pdc=9.085e-12
Quality=1
isoflag=6 Depth=2
Station Information
Station(0): TD002.data  R=206.0km  AZI=123.0  W=1.000  Zcor=68
Station(1): TD009.data  R=241.0km  AZI=169.0  W=1.170  Zcor=91
Station(2): RDEA.data  R=258.0km  AZI=24.0  W=1.252  Zcor=96
Station(3): NBC4.data  R=270.0km  AZI=300.0  W=1.311  Zcor=98
isomoment=7.50933e+20
MT Aki Convention
Mxx=4.377
Mxy=-75.412
Mxz=5.337
Myy=-10.586
Myz=19.845
Mzz=-16.319
eigen1=-4.81482e+20
eigen2=-7.63709e+21
eigen3=8.11857e+21
Mo=7.87783e+21  (8.86951e+21)
Mw=3.93
Strike=4 ; 272
Rake=-165 ; -7
Dip=84 ; 75
Pdc=80
Pclvd=11
Piso=9
Variance=7.311e-10
VarRed=3.054e+01
Var/Pdc=9.085e-12
Quality=1
isoflag=6 Depth=2
Station Information
Station(0): TD002.data  R=206.0km  AZI=123.0  W=1.000  Zcor=68
Station(1): TD009.data  R=241.0km  AZI=169.0  W=1.170  Zcor=91
Station(2): RDEA.data  R=258.0km  AZI=24.0  W=1.252  Zcor=96
Station(3): NBC4.data  R=270.0km  AZI=300.0  W=1.311  Zcor=98
isomoment=7.50933e+20
MT Aki Convention
Mxx=4.377
Mxy=-75.412
Mxz=5.337
Myy=-10.586
Myz=19.845
Mzz=-16.319
eigen1=-4.81482e+20
eigen2=-7.63709e+21
eigen3=8.11857e+21
Mo=7.87783e+21  (8.86951e+21)
Mw=3.93
Strike=4 ; 272
Rake=-165 ; -7
Dip=84 ; 75
Pdc=80
Pclvd=11
Piso=9
Variance=7.311e-10
VarRed=3.054e+01
Var/Pdc=9.085e-12
Quality=1
isoflag=6 Depth=2
Station Information
Station(0): TD002.data  R=206.0km  AZI=123.0  W=1.000  Zcor=68
Station(1): TD009.data  R=241.0km  AZI=169.0  W=1.170  Zcor=91
Station(2): RDEA.data  R=258.0km  AZI=24.0  W=1.252  Zcor=96
Station(3): NBC4.data  R=270.0km  AZI=300.0  W=1.311  Zcor=98
isomoment=7.50933e+20
MT Aki Convention
Mxx=4.377
Mxy=-75.412
Mxz=5.337
Myy=-10.586
Myz=19.845
Mzz=-16.319
eigen1=-4.81482e+20
eigen2=-7.63709e+21
eigen3=8.11857e+21
Mo=7.87783e+21  (8.86951e+21)
Mw=3.93
Strike=4 ; 272
Rake=-165 ; -7
Dip=84 ; 75
Pdc=80
Pclvd=11
Piso=9
Variance=7.311e-10
VarRed=3.054e+01
Var/Pdc=9.085e-12
Quality=1
isoflag=6 Depth=2
Station Information
Station(0): TD002.data  R=206.0km  AZI=123.0  W=1.000  Zcor=68
Station(1): TD009.data  R=241.0km  AZI=169.0  W=1.170  Zcor=91
Station(2): RDEA.data  R=258.0km  AZI=24.0  W=1.252  Zcor=96
Station(3): NBC4.data  R=270.0km  AZI=300.0  W=1.311  Zcor=98
isomoment=7.50933e+20
MT Aki Convention
Mxx=4.377
Mxy=-75.412
Mxz=5.337
Myy=-10.586
Myz=19.845
Mzz=-16.319
eigen1=-4.81482e+20
eigen2=-7.63709e+21
eigen3=8.11857e+21
Mo=7.87783e+21  (8.86951e+21)
Mw=3.93
Strike=4 ; 272
Rake=-165 ; -7
Dip=84 ; 75
Pdc=80
Pclvd=11
Piso=9
Variance=7.311e-10
VarRed=3.054e+01
Var/Pdc=9.085e-12
Quality=1
isoflag=6 Depth=2
Station Information
Station(0): TD002.data  R=206.0km  AZI=123.0  W=1.000  Zcor=68
Station(1): TD009.data  R=241.0km  AZI=169.0  W=1.170  Zcor=91
Station(2): RDEA.data  R=258.0km  AZI=24.0  W=1.252  Zcor=96
Station(3): NBC4.data  R=270.0km  AZI=300.0  W=1.311  Zcor=98
isomoment=7.50933e+20
MT Aki Convention
Mxx=4.377
Mxy=-75.412
Mxz=5.337
Myy=-10.586
Myz=19.845
Mzz=-16.319
eigen1=-4.81482e+20
eigen2=-7.63709e+21
eigen3=8.11857e+21
Mo=7.87783e+21  (8.86951e+21)
Mw=3.93
Strike=4 ; 272
Rake=-165 ; -7
Dip=84 ; 75
Pdc=80
Pclvd=11
Piso=9
Variance=7.311e-10
VarRed=3.054e+01
Var/Pdc=9.085e-12
Quality=1
isoflag=6 Depth=1
Station Information
Station(0): TD002.data  R=206.0km  AZI=123.0  W=1.000  Zcor=68
Station(1): TD009.data  R=241.0km  AZI=169.0  W=1.170  Zcor=91
Station(2): RDEA.data  R=258.0km  AZI=24.0  W=1.252  Zcor=96
Station(3): NBC4.data  R=270.0km  AZI=300.0  W=1.311  Zcor=98
isomoment=7.50933e+20
MT Aki Convention
Mxx=4.377
Mxy=-75.412
Mxz=5.337
Myy=-10.586
Myz=19.845
Mzz=-16.319
eigen1=-4.81482e+20
eigen2=-7.63709e+21
eigen3=8.11857e+21
Mo=7.87783e+21  (8.86951e+21)
Mw=3.93
Strike=4 ; 272
Rake=-165 ; -7
Dip=84 ; 75
Pdc=80
Pclvd=11
Piso=9
Variance=7.311e-10
VarRed=3.054e+01
Var/Pdc=9.085e-12
Quality=1
isoflag=6 Depth=2
Station Information
Station(0): TD002.data  R=206.0km  AZI=123.0  W=1.000  Zcor=68
Station(1): TD009.data  R=241.0km  AZI=169.0  W=1.170  Zcor=91
Station(2): RDEA.data  R=258.0km  AZI=24.0  W=1.252  Zcor=96
Station(3): NBC4.data  R=270.0km  AZI=300.0  W=1.311  Zcor=98
isomoment=7.50933e+20
MT Aki Convention
Mxx=4.377
Mxy=-75.412
Mxz=5.337
Myy=-10.586
Myz=19.845
Mzz=-16.319
eigen1=-4.81482e+20
eigen2=-7.63709e+21
eigen3=8.11857e+21
Mo=7.87783e+21  (8.86951e+21)
Mw=3.93
Strike=4 ; 272
Rake=-165 ; -7
Dip=84 ; 75
Pdc=80
Pclvd=11
Piso=9
Variance=7.311e-10
VarRed=3.054e+01
Var/Pdc=9.085e-12
Quality=1
isoflag=6 Depth=3
Station Information
Station(0): TD002.data  R=206.0km  AZI=123.0  W=1.000  Zcor=68
Station(1): TD009.data  R=241.0km  AZI=169.0  W=1.170  Zcor=91
Station(2): RDEA.data  R=258.0km  AZI=24.0  W=1.252  Zcor=96
Station(3): NBC4.data  R=270.0km  AZI=300.0  W=1.311  Zcor=98
isomoment=7.50933e+20
MT Aki Convention
Mxx=4.377
Mxy=-75.412
Mxz=5.337
Myy=-10.586
Myz=19.845
Mzz=-16.319
eigen1=-4.81482e+20
eigen2=-7.63709e+21
eigen3=8.11857e+21
Mo=7.87783e+21  (8.86951e+21)
Mw=3.93
Strike=4 ; 272
Rake=-165 ; -7
Dip=84 ; 75
Pdc=80
Pclvd=11
Piso=9
Variance=7.311e-10
VarRed=3.054e+01
Var/Pdc=9.085e-12
Quality=1
isoflag=6 Depth=4
Station Information
Station(0): TD002.data  R=206.0km  AZI=123.0  W=1.000  Zcor=68
Station(1): TD009.data  R=241.0km  AZI=169.0  W=1.170  Zcor=91
Station(2): RDEA.data  R=258.0km  AZI=24.0  W=1.252  Zcor=96
Station(3): NBC4.data  R=270.0km  AZI=300.0  W=1.311  Zcor=98
isomoment=7.50933e+20
MT Aki Convention
Mxx=4.377
Mxy=-75.412
Mxz=5.337
Myy=-10.586
Myz=19.845
Mzz=-16.319
eigen1=-4.81482e+20
eigen2=-7.63709e+21
eigen3=8.11857e+21
Mo=7.87783e+21  (8.86951e+21)
Mw=3.93
Strike=4 ; 272
Rake=-165 ; -7
Dip=84 ; 75
Pdc=80
Pclvd=11
Piso=9
Variance=7.311e-10
VarRed=3.054e+01
Var/Pdc=9.085e-12
Quality=1
isoflag=6 Depth=5
Station Information
Station(0): TD002.data  R=206.0km  AZI=123.0  W=1.000  Zcor=68
Station(1): TD009.data  R=241.0km  AZI=169.0  W=1.170  Zcor=91
Station(2): RDEA.data  R=258.0km  AZI=24.0  W=1.252  Zcor=96
Station(3): NBC4.data  R=270.0km  AZI=300.0  W=1.311  Zcor=98
isomoment=7.50933e+20
MT Aki Convention
Mxx=4.377
Mxy=-75.412
Mxz=5.337
Myy=-10.586
Myz=19.845
Mzz=-16.319
eigen1=-4.81482e+20
eigen2=-7.63709e+21
eigen3=8.11857e+21
Mo=7.87783e+21  (8.86951e+21)
Mw=3.93
Strike=4 ; 272
Rake=-165 ; -7
Dip=84 ; 75
Pdc=80
Pclvd=11
Piso=9
Variance=7.311e-10
VarRed=3.054e+01
Var/Pdc=9.085e-12
Quality=1
isoflag=6 Depth=6
Station Information
Station(0): TD002.data  R=206.0km  AZI=123.0  W=1.000  Zcor=68
Station(1): TD009.data  R=241.0km  AZI=169.0  W=1.170  Zcor=91
Station(2): RDEA.data  R=258.0km  AZI=24.0  W=1.252  Zcor=96
Station(3): NBC4.data  R=270.0km  AZI=300.0  W=1.311  Zcor=98
isomoment=7.50933e+20
MT Aki Convention
Mxx=4.377
Mxy=-75.412
Mxz=5.337
Myy=-10.586
Myz=19.845
Mzz=-16.319
eigen1=-4.81482e+20
eigen2=-7.63709e+21
eigen3=8.11857e+21
Mo=7.87783e+21  (8.86951e+21)
Mw=3.93
Strike=4 ; 272
Rake=-165 ; -7
Dip=84 ; 75
Pdc=80
Pclvd=11
Piso=9
Variance=7.311e-10
VarRed=3.054e+01
Var/Pdc=9.085e-12
Quality=1
isoflag=6 Depth=7
Station Information
Station(0): TD002.data  R=206.0km  AZI=123.0  W=1.000  Zcor=68
Station(1): TD009.data  R=241.0km  AZI=169.0  W=1.170  Zcor=91
Station(2): RDEA.data  R=258.0km  AZI=24.0  W=1.252  Zcor=96
Station(3): NBC4.data  R=270.0km  AZI=300.0  W=1.311  Zcor=98
isomoment=7.50933e+20
MT Aki Convention
Mxx=4.377
Mxy=-75.412
Mxz=5.337
Myy=-10.586
Myz=19.845
Mzz=-16.319
eigen1=-4.81482e+20
eigen2=-7.63709e+21
eigen3=8.11857e+21
Mo=7.87783e+21  (8.86951e+21)
Mw=3.93
Strike=4 ; 272
Rake=-165 ; -7
Dip=84 ; 75
Pdc=80
Pclvd=11
Piso=9
Variance=7.311e-10
VarRed=3.054e+01
Var/Pdc=9.085e-12
Quality=1
isoflag=6 Depth=8
Station Information
Station(0): TD002.data  R=206.0km  AZI=123.0  W=1.000  Zcor=68
Station(1): TD009.data  R=241.0km  AZI=169.0  W=1.170  Zcor=91
Station(2): RDEA.data  R=258.0km  AZI=24.0  W=1.252  Zcor=96
Station(3): NBC4.data  R=270.0km  AZI=300.0  W=1.311  Zcor=98
isomoment=7.50933e+20
MT Aki Convention
Mxx=4.377
Mxy=-75.412
Mxz=5.337
Myy=-10.586
Myz=19.845
Mzz=-16.319
eigen1=-4.81482e+20
eigen2=-7.63709e+21
eigen3=8.11857e+21
Mo=7.87783e+21  (8.86951e+21)
Mw=3.93
Strike=4 ; 272
Rake=-165 ; -7
Dip=84 ; 75
Pdc=80
Pclvd=11
Piso=9
Variance=7.311e-10
VarRed=3.054e+01
Var/Pdc=9.085e-12
Quality=1
isoflag=6 Depth=9
Station Information
Station(0): TD002.data  R=206.0km  AZI=123.0  W=1.000  Zcor=68
Station(1): TD009.data  R=241.0km  AZI=169.0  W=1.170  Zcor=91
Station(2): RDEA.data  R=258.0km  AZI=24.0  W=1.252  Zcor=96
Station(3): NBC4.data  R=270.0km  AZI=300.0  W=1.311  Zcor=98
isomoment=7.50933e+20
MT Aki Convention
Mxx=4.377
Mxy=-75.412
Mxz=5.337
Myy=-10.586
Myz=19.845
Mzz=-16.319
eigen1=-4.81482e+20
eigen2=-7.63709e+21
eigen3=8.11857e+21
Mo=7.87783e+21  (8.86951e+21)
Mw=3.93
Strike=4 ; 272
Rake=-165 ; -7
Dip=84 ; 75
Pdc=80
Pclvd=11
Piso=9
Variance=7.311e-10
VarRed=3.054e+01
Var/Pdc=9.085e-12
Quality=1
isoflag=6 Depth=10
Station Information
Station(0): TD002.data  R=206.0km  AZI=123.0  W=1.000  Zcor=68
Station(1): TD009.data  R=241.0km  AZI=169.0  W=1.170  Zcor=91
Station(2): RDEA.data  R=258.0km  AZI=24.0  W=1.252  Zcor=96
Station(3): NBC4.data  R=270.0km  AZI=300.0  W=1.311  Zcor=98
isomoment=7.50933e+20
MT Aki Convention
Mxx=4.377
Mxy=-75.412
Mxz=5.337
Myy=-10.586
Myz=19.845
Mzz=-16.319
eigen1=-4.81482e+20
eigen2=-7.63709e+21
eigen3=8.11857e+21
Mo=7.87783e+21  (8.86951e+21)
Mw=3.93
Strike=4 ; 272
Rake=-165 ; -7
Dip=84 ; 75
Pdc=80
Pclvd=11
Piso=9
Variance=7.311e-10
VarRed=3.054e+01
Var/Pdc=9.085e-12
Quality=1
isoflag=6 Depth=11
Station Information
Station(0): TD002.data  R=206.0km  AZI=123.0  W=1.000  Zcor=68
Station(1): TD009.data  R=241.0km  AZI=169.0  W=1.170  Zcor=91
Station(2): RDEA.data  R=258.0km  AZI=24.0  W=1.252  Zcor=96
Station(3): NBC4.data  R=270.0km  AZI=300.0  W=1.311  Zcor=98
isomoment=7.50933e+20
MT Aki Convention
Mxx=4.377
Mxy=-75.412
Mxz=5.337
Myy=-10.586
Myz=19.845
Mzz=-16.319
eigen1=-4.81482e+20
eigen2=-7.63709e+21
eigen3=8.11857e+21
Mo=7.87783e+21  (8.86951e+21)
Mw=3.93
Strike=4 ; 272
Rake=-165 ; -7
Dip=84 ; 75
Pdc=80
Pclvd=11
Piso=9
Variance=7.311e-10
VarRed=3.054e+01
Var/Pdc=9.085e-12
Quality=1
isoflag=6 Depth=12
Station Information
Station(0): TD002.data  R=206.0km  AZI=123.0  W=1.000  Zcor=68
Station(1): TD009.data  R=241.0km  AZI=169.0  W=1.170  Zcor=91
Station(2): RDEA.data  R=258.0km  AZI=24.0  W=1.252  Zcor=96
Station(3): NBC4.data  R=270.0km  AZI=300.0  W=1.311  Zcor=98
isomoment=7.50933e+20
MT Aki Convention
Mxx=4.377
Mxy=-75.412
Mxz=5.337
Myy=-10.586
Myz=19.845
Mzz=-16.319
eigen1=-4.81482e+20
eigen2=-7.63709e+21
eigen3=8.11857e+21
Mo=7.87783e+21  (8.86951e+21)
Mw=3.93
Strike=4 ; 272
Rake=-165 ; -7
Dip=84 ; 75
Pdc=80
Pclvd=11
Piso=9
Variance=7.311e-10
VarRed=3.054e+01
Var/Pdc=9.085e-12
Quality=1
isoflag=6 Depth=13
Station Information
Station(0): TD002.data  R=206.0km  AZI=123.0  W=1.000  Zcor=68
Station(1): TD009.data  R=241.0km  AZI=169.0  W=1.170  Zcor=91
Station(2): RDEA.data  R=258.0km  AZI=24.0  W=1.252  Zcor=96
Station(3): NBC4.data  R=270.0km  AZI=300.0  W=1.311  Zcor=98
isomoment=7.50933e+20
MT Aki Convention
Mxx=4.377
Mxy=-75.412
Mxz=5.337
Myy=-10.586
Myz=19.845
Mzz=-16.319
eigen1=-4.81482e+20
eigen2=-7.63709e+21
eigen3=8.11857e+21
Mo=7.87783e+21  (8.86951e+21)
Mw=3.93
Strike=4 ; 272
Rake=-165 ; -7
Dip=84 ; 75
Pdc=80
Pclvd=11
Piso=9
Variance=7.311e-10
VarRed=3.054e+01
Var/Pdc=9.085e-12
Quality=1
isoflag=6 Depth=14
Station Information
Station(0): TD002.data  R=206.0km  AZI=123.0  W=1.000  Zcor=68
Station(1): TD009.data  R=241.0km  AZI=169.0  W=1.170  Zcor=91
Station(2): RDEA.data  R=258.0km  AZI=24.0  W=1.252  Zcor=96
Station(3): NBC4.data  R=270.0km  AZI=300.0  W=1.311  Zcor=98
isomoment=7.50933e+20
MT Aki Convention
Mxx=4.377
Mxy=-75.412
Mxz=5.337
Myy=-10.586
Myz=19.845
Mzz=-16.319
eigen1=-4.81482e+20
eigen2=-7.63709e+21
eigen3=8.11857e+21
Mo=7.87783e+21  (8.86951e+21)
Mw=3.93
Strike=4 ; 272
Rake=-165 ; -7
Dip=84 ; 75
Pdc=80
Pclvd=11
Piso=9
Variance=7.311e-10
VarRed=3.054e+01
Var/Pdc=9.085e-12
Quality=1
isoflag=6 Depth=15
Station Information
Station(0): TD002.data  R=206.0km  AZI=123.0  W=1.000  Zcor=68
Station(1): TD009.data  R=241.0km  AZI=169.0  W=1.170  Zcor=91
Station(2): RDEA.data  R=258.0km  AZI=24.0  W=1.252  Zcor=96
Station(3): NBC4.data  R=270.0km  AZI=300.0  W=1.311  Zcor=98
isomoment=7.50933e+20
MT Aki Convention
Mxx=4.377
Mxy=-75.412
Mxz=5.337
Myy=-10.586
Myz=19.845
Mzz=-16.319
eigen1=-4.81482e+20
eigen2=-7.63709e+21
eigen3=8.11857e+21
Mo=7.87783e+21  (8.86951e+21)
Mw=3.93
Strike=4 ; 272
Rake=-165 ; -7
Dip=84 ; 75
Pdc=80
Pclvd=11
Piso=9
Variance=7.311e-10
VarRed=3.054e+01
Var/Pdc=9.085e-12
Quality=1
isoflag=6 Depth=16
Station Information
Station(0): TD002.data  R=206.0km  AZI=123.0  W=1.000  Zcor=68
Station(1): TD009.data  R=241.0km  AZI=169.0  W=1.170  Zcor=91
Station(2): RDEA.data  R=258.0km  AZI=24.0  W=1.252  Zcor=96
Station(3): NBC4.data  R=270.0km  AZI=300.0  W=1.311  Zcor=98
isomoment=7.50933e+20
MT Aki Convention
Mxx=4.377
Mxy=-75.412
Mxz=5.337
Myy=-10.586
Myz=19.845
Mzz=-16.319
eigen1=-4.81482e+20
eigen2=-7.63709e+21
eigen3=8.11857e+21
Mo=7.87783e+21  (8.86951e+21)
Mw=3.93
Strike=4 ; 272
Rake=-165 ; -7
Dip=84 ; 75
Pdc=80
Pclvd=11
Piso=9
Variance=7.311e-10
VarRed=3.054e+01
Var/Pdc=9.085e-12
Quality=1
isoflag=6 Depth=17
Station Information
Station(0): TD002.data  R=206.0km  AZI=123.0  W=1.000  Zcor=68
Station(1): TD009.data  R=241.0km  AZI=169.0  W=1.170  Zcor=91
Station(2): RDEA.data  R=258.0km  AZI=24.0  W=1.252  Zcor=96
Station(3): NBC4.data  R=270.0km  AZI=300.0  W=1.311  Zcor=98
isomoment=7.50933e+20
MT Aki Convention
Mxx=4.377
Mxy=-75.412
Mxz=5.337
Myy=-10.586
Myz=19.845
Mzz=-16.319
eigen1=-4.81482e+20
eigen2=-7.63709e+21
eigen3=8.11857e+21
Mo=7.87783e+21  (8.86951e+21)
Mw=3.93
Strike=4 ; 272
Rake=-165 ; -7
Dip=84 ; 75
Pdc=80
Pclvd=11
Piso=9
Variance=7.311e-10
VarRed=3.054e+01
Var/Pdc=9.085e-12
Quality=1
isoflag=6 Depth=18
Station Information
Station(0): TD002.data  R=206.0km  AZI=123.0  W=1.000  Zcor=68
Station(1): TD009.data  R=241.0km  AZI=169.0  W=1.170  Zcor=91
Station(2): RDEA.data  R=258.0km  AZI=24.0  W=1.252  Zcor=96
Station(3): NBC4.data  R=270.0km  AZI=300.0  W=1.311  Zcor=98
isomoment=7.50933e+20
MT Aki Convention
Mxx=4.377
Mxy=-75.412
Mxz=5.337
Myy=-10.586
Myz=19.845
Mzz=-16.319
eigen1=-4.81482e+20
eigen2=-7.63709e+21
eigen3=8.11857e+21
Mo=7.87783e+21  (8.86951e+21)
Mw=3.93
Strike=4 ; 272
Rake=-165 ; -7
Dip=84 ; 75
Pdc=80
Pclvd=11
Piso=9
Variance=7.311e-10
VarRed=3.054e+01
Var/Pdc=9.085e-12
Quality=1
isoflag=6 Depth=19
Station Information
Station(0): TD002.data  R=206.0km  AZI=123.0  W=1.000  Zcor=68
Station(1): TD009.data  R=241.0km  AZI=169.0  W=1.170  Zcor=91
Station(2): RDEA.data  R=258.0km  AZI=24.0  W=1.252  Zcor=96
Station(3): NBC4.data  R=270.0km  AZI=300.0  W=1.311  Zcor=98
isomoment=7.50933e+20
MT Aki Convention
Mxx=4.377
Mxy=-75.412
Mxz=5.337
Myy=-10.586
Myz=19.845
Mzz=-16.319
eigen1=-4.81482e+20
eigen2=-7.63709e+21
eigen3=8.11857e+21
Mo=7.87783e+21  (8.86951e+21)
Mw=3.93
Strike=4 ; 272
Rake=-165 ; -7
Dip=84 ; 75
Pdc=80
Pclvd=11
Piso=9
Variance=7.311e-10
VarRed=3.054e+01
Var/Pdc=9.085e-12
Quality=1
isoflag=6 Depth=20
Station Information
Station(0): TD002.data  R=206.0km  AZI=123.0  W=1.000  Zcor=68
Station(1): TD009.data  R=241.0km  AZI=169.0  W=1.170  Zcor=91
Station(2): RDEA.data  R=258.0km  AZI=24.0  W=1.252  Zcor=96
Station(3): NBC4.data  R=270.0km  AZI=300.0  W=1.311  Zcor=98
isomoment=7.50933e+20
MT Aki Convention
Mxx=4.377
Mxy=-75.412
Mxz=5.337
Myy=-10.586
Myz=19.845
Mzz=-16.319
eigen1=-4.81482e+20
eigen2=-7.63709e+21
eigen3=8.11857e+21
Mo=7.87783e+21  (8.86951e+21)
Mw=3.93
Strike=4 ; 272
Rake=-165 ; -7
Dip=84 ; 75
Pdc=80
Pclvd=11
Piso=9
Variance=7.311e-10
VarRed=3.054e+01
Var/Pdc=9.085e-12
Quality=1
isoflag=6 Depth=21
Station Information
Station(0): TD002.data  R=206.0km  AZI=123.0  W=1.000  Zcor=68
Station(1): TD009.data  R=241.0km  AZI=169.0  W=1.170  Zcor=91
Station(2): RDEA.data  R=258.0km  AZI=24.0  W=1.252  Zcor=96
Station(3): NBC4.data  R=270.0km  AZI=300.0  W=1.311  Zcor=98
isomoment=7.50933e+20
MT Aki Convention
Mxx=4.377
Mxy=-75.412
Mxz=5.337
Myy=-10.586
Myz=19.845
Mzz=-16.319
eigen1=-4.81482e+20
eigen2=-7.63709e+21
eigen3=8.11857e+21
Mo=7.87783e+21  (8.86951e+21)
Mw=3.93
Strike=4 ; 272
Rake=-165 ; -7
Dip=84 ; 75
Pdc=80
Pclvd=11
Piso=9
Variance=7.311e-10
VarRed=3.054e+01
Var/Pdc=9.085e-12
Quality=1
isoflag=6 Depth=22
Station Information
Station(0): TD002.data  R=206.0km  AZI=123.0  W=1.000  Zcor=68
Station(1): TD009.data  R=241.0km  AZI=169.0  W=1.170  Zcor=91
Station(2): RDEA.data  R=258.0km  AZI=24.0  W=1.252  Zcor=96
Station(3): NBC4.data  R=270.0km  AZI=300.0  W=1.311  Zcor=98
isomoment=7.50933e+20
MT Aki Convention
Mxx=4.377
Mxy=-75.412
Mxz=5.337
Myy=-10.586
Myz=19.845
Mzz=-16.319
eigen1=-4.81482e+20
eigen2=-7.63709e+21
eigen3=8.11857e+21
Mo=7.87783e+21  (8.86951e+21)
Mw=3.93
Strike=4 ; 272
Rake=-165 ; -7
Dip=84 ; 75
Pdc=80
Pclvd=11
Piso=9
Variance=7.311e-10
VarRed=3.054e+01
Var/Pdc=9.085e-12
Quality=1
isoflag=6 Depth=23
Station Information
Station(0): TD002.data  R=206.0km  AZI=123.0  W=1.000  Zcor=68
Station(1): TD009.data  R=241.0km  AZI=169.0  W=1.170  Zcor=91
Station(2): RDEA.data  R=258.0km  AZI=24.0  W=1.252  Zcor=96
Station(3): NBC4.data  R=270.0km  AZI=300.0  W=1.311  Zcor=98
isomoment=7.50933e+20
MT Aki Convention
Mxx=4.377
Mxy=-75.412
Mxz=5.337
Myy=-10.586
Myz=19.845
Mzz=-16.319
eigen1=-4.81482e+20
eigen2=-7.63709e+21
eigen3=8.11857e+21
Mo=7.87783e+21  (8.86951e+21)
Mw=3.93
Strike=4 ; 272
Rake=-165 ; -7
Dip=84 ; 75
Pdc=80
Pclvd=11
Piso=9
Variance=7.311e-10
VarRed=3.054e+01
Var/Pdc=9.085e-12
Quality=1
isoflag=6 Depth=24
Station Information
Station(0): TD002.data  R=206.0km  AZI=123.0  W=1.000  Zcor=68
Station(1): TD009.data  R=241.0km  AZI=169.0  W=1.170  Zcor=91
Station(2): RDEA.data  R=258.0km  AZI=24.0  W=1.252  Zcor=96
Station(3): NBC4.data  R=270.0km  AZI=300.0  W=1.311  Zcor=98
isomoment=7.50933e+20
MT Aki Convention
Mxx=4.377
Mxy=-75.412
Mxz=5.337
Myy=-10.586
Myz=19.845
Mzz=-16.319
eigen1=-4.81482e+20
eigen2=-7.63709e+21
eigen3=8.11857e+21
Mo=7.87783e+21  (8.86951e+21)
Mw=3.93
Strike=4 ; 272
Rake=-165 ; -7
Dip=84 ; 75
Pdc=80
Pclvd=11
Piso=9
Variance=7.311e-10
VarRed=3.054e+01
Var/Pdc=9.085e-12
Quality=1
isoflag=6 Depth=25
Station Information
Station(0): TD002.data  R=206.0km  AZI=123.0  W=1.000  Zcor=68
Station(1): TD009.data  R=241.0km  AZI=169.0  W=1.170  Zcor=91
Station(2): RDEA.data  R=258.0km  AZI=24.0  W=1.252  Zcor=96
Station(3): NBC4.data  R=270.0km  AZI=300.0  W=1.311  Zcor=98
isomoment=7.50933e+20
MT Aki Convention
Mxx=4.377
Mxy=-75.412
Mxz=5.337
Myy=-10.586
Myz=19.845
Mzz=-16.319
eigen1=-4.81482e+20
eigen2=-7.63709e+21
eigen3=8.11857e+21
Mo=7.87783e+21  (8.86951e+21)
Mw=3.93
Strike=4 ; 272
Rake=-165 ; -7
Dip=84 ; 75
Pdc=80
Pclvd=11
Piso=9
Variance=7.311e-10
VarRed=3.054e+01
Var/Pdc=9.085e-12
Quality=1
isoflag=6 Depth=26
Station Information
Station(0): TD002.data  R=206.0km  AZI=123.0  W=1.000  Zcor=68
Station(1): TD009.data  R=241.0km  AZI=169.0  W=1.170  Zcor=91
Station(2): RDEA.data  R=258.0km  AZI=24.0  W=1.252  Zcor=96
Station(3): NBC4.data  R=270.0km  AZI=300.0  W=1.311  Zcor=98
isomoment=7.50933e+20
MT Aki Convention
Mxx=4.377
Mxy=-75.412
Mxz=5.337
Myy=-10.586
Myz=19.845
Mzz=-16.319
eigen1=-4.81482e+20
eigen2=-7.63709e+21
eigen3=8.11857e+21
Mo=7.87783e+21  (8.86951e+21)
Mw=3.93
Strike=4 ; 272
Rake=-165 ; -7
Dip=84 ; 75
Pdc=80
Pclvd=11
Piso=9
Variance=7.311e-10
VarRed=3.054e+01
Var/Pdc=9.085e-12
Quality=1
isoflag=6 Depth=27
Station Information
Station(0): TD002.data  R=206.0km  AZI=123.0  W=1.000  Zcor=68
Station(1): TD009.data  R=241.0km  AZI=169.0  W=1.170  Zcor=91
Station(2): RDEA.data  R=258.0km  AZI=24.0  W=1.252  Zcor=96
Station(3): NBC4.data  R=270.0km  AZI=300.0  W=1.311  Zcor=98
isomoment=7.50933e+20
MT Aki Convention
Mxx=4.377
Mxy=-75.412
Mxz=5.337
Myy=-10.586
Myz=19.845
Mzz=-16.319
eigen1=-4.81482e+20
eigen2=-7.63709e+21
eigen3=8.11857e+21
Mo=7.87783e+21  (8.86951e+21)
Mw=3.93
Strike=4 ; 272
Rake=-165 ; -7
Dip=84 ; 75
Pdc=80
Pclvd=11
Piso=9
Variance=7.311e-10
VarRed=3.054e+01
Var/Pdc=9.085e-12
Quality=1
isoflag=6 Depth=28
Station Information
Station(0): TD002.data  R=206.0km  AZI=123.0  W=1.000  Zcor=68
Station(1): TD009.data  R=241.0km  AZI=169.0  W=1.170  Zcor=91
Station(2): RDEA.data  R=258.0km  AZI=24.0  W=1.252  Zcor=96
Station(3): NBC4.data  R=270.0km  AZI=300.0  W=1.311  Zcor=98
isomoment=7.50933e+20
MT Aki Convention
Mxx=4.377
Mxy=-75.412
Mxz=5.337
Myy=-10.586
Myz=19.845
Mzz=-16.319
eigen1=-4.81482e+20
eigen2=-7.63709e+21
eigen3=8.11857e+21
Mo=7.87783e+21  (8.86951e+21)
Mw=3.93
Strike=4 ; 272
Rake=-165 ; -7
Dip=84 ; 75
Pdc=80
Pclvd=11
Piso=9
Variance=7.311e-10
VarRed=3.054e+01
Var/Pdc=9.085e-12
Quality=1
isoflag=6 Depth=29
Station Information
Station(0): TD002.data  R=206.0km  AZI=123.0  W=1.000  Zcor=68
Station(1): TD009.data  R=241.0km  AZI=169.0  W=1.170  Zcor=91
Station(2): RDEA.data  R=258.0km  AZI=24.0  W=1.252  Zcor=96
Station(3): NBC4.data  R=270.0km  AZI=300.0  W=1.311  Zcor=98
isomoment=7.50933e+20
MT Aki Convention
Mxx=4.377
Mxy=-75.412
Mxz=5.337
Myy=-10.586
Myz=19.845
Mzz=-16.319
eigen1=-4.81482e+20
eigen2=-7.63709e+21
eigen3=8.11857e+21
Mo=7.87783e+21  (8.86951e+21)
Mw=3.93
Strike=4 ; 272
Rake=-165 ; -7
Dip=84 ; 75
Pdc=80
Pclvd=11
Piso=9
Variance=7.311e-10
VarRed=3.054e+01
Var/Pdc=9.085e-12
Quality=1
isoflag=6 Depth=30
Station Information
Station(0): TD002.data  R=206.0km  AZI=123.0  W=1.000  Zcor=68
Station(1): TD009.data  R=241.0km  AZI=169.0  W=1.170  Zcor=91
Station(2): RDEA.data  R=258.0km  AZI=24.0  W=1.252  Zcor=96
Station(3): NBC4.data  R=270.0km  AZI=300.0  W=1.311  Zcor=98
isomoment=7.50933e+20
MT Aki Convention
Mxx=4.377
Mxy=-75.412
Mxz=5.337
Myy=-10.586
Myz=19.845
Mzz=-16.319
eigen1=-4.81482e+20
eigen2=-7.63709e+21
eigen3=8.11857e+21
Mo=7.87783e+21  (8.86951e+21)
Mw=3.93
Strike=4 ; 272
Rake=-165 ; -7
Dip=84 ; 75
Pdc=80
Pclvd=11
Piso=9
Variance=7.311e-10
VarRed=3.054e+01
Var/Pdc=9.085e-12
Quality=1
isoflag=6 Depth=30
Station Information
Station(0): TD002.data  R=206.0km  AZI=123.0  W=1.000  Zcor=68
Station(1): TD009.data  R=241.0km  AZI=169.0  W=1.170  Zcor=91
Station(2): RDEA.data  R=258.0km  AZI=24.0  W=1.252  Zcor=96
Station(3): NBC4.data  R=270.0km  AZI=300.0  W=1.311  Zcor=98
isomoment=7.50933e+20
MT Aki Convention
Mxx=4.377
Mxy=-75.412
Mxz=5.337
Myy=-10.586
Myz=19.845
Mzz=-16.319
eigen1=-4.81482e+20
eigen2=-7.63709e+21
eigen3=8.11857e+21
Mo=7.87783e+21  (8.86951e+21)
Mw=3.93
Strike=4 ; 272
Rake=-165 ; -7
Dip=84 ; 75
Pdc=80
Pclvd=11
Piso=9
Variance=7.311e-10
VarRed=3.054e+01
Var/Pdc=9.085e-12
Quality=1
isoflag=6 Depth=30
Station Information
Station(0): TD002.data  R=206.0km  AZI=123.0  W=1.000  Zcor=68
Station(1): TD009.data  R=241.0km  AZI=169.0  W=1.170  Zcor=91
Station(2): RDEA.data  R=258.0km  AZI=24.0  W=1.252  Zcor=96
Station(3): NBC4.data  R=270.0km  AZI=300.0  W=1.311  Zcor=98
isomoment=7.50933e+20
MT Aki Convention
Mxx=4.377
Mxy=-75.412
Mxz=5.337
Myy=-10.586
Myz=19.845
Mzz=-16.319
eigen1=-4.81482e+20
eigen2=-7.63709e+21
eigen3=8.11857e+21
Mo=7.87783e+21  (8.86951e+21)
Mw=3.93
Strike=4 ; 272
Rake=-165 ; -7
Dip=84 ; 75
Pdc=80
Pclvd=11
Piso=9
Variance=7.311e-10
VarRed=3.054e+01
Var/Pdc=9.085e-12
Quality=1
isoflag=6 Depth=30
Station Information
Station(0): TD002.data  R=206.0km  AZI=123.0  W=1.000  Zcor=68
Station(1): TD009.data  R=241.0km  AZI=169.0  W=1.170  Zcor=91
Station(2): RDEA.data  R=258.0km  AZI=24.0  W=1.252  Zcor=96
Station(3): NBC4.data  R=270.0km  AZI=300.0  W=1.311  Zcor=98
isomoment=7.50933e+20
MT Aki Convention
Mxx=4.377
Mxy=-75.412
Mxz=5.337
Myy=-10.586
Myz=19.845
Mzz=-16.319
eigen1=-4.81482e+20
eigen2=-7.63709e+21
eigen3=8.11857e+21
Mo=7.87783e+21  (8.86951e+21)
Mw=3.93
Strike=4 ; 272
Rake=-165 ; -7
Dip=84 ; 75
Pdc=80
Pclvd=11
Piso=9
Variance=7.311e-10
VarRed=3.054e+01
Var/Pdc=9.085e-12
Quality=1
isoflag=6 Depth=30
Station Information
Station(0): TD002.data  R=206.0km  AZI=123.0  W=1.000  Zcor=68
Station(1): TD009.data  R=241.0km  AZI=169.0  W=1.170  Zcor=91
Station(2): RDEA.data  R=258.0km  AZI=24.0  W=1.252  Zcor=96
Station(3): NBC4.data  R=270.0km  AZI=300.0  W=1.311  Zcor=98
isomoment=7.50933e+20
MT Aki Convention
Mxx=4.377
Mxy=-75.412
Mxz=5.337
Myy=-10.586
Myz=19.845
Mzz=-16.319
eigen1=-4.81482e+20
eigen2=-7.63709e+21
eigen3=8.11857e+21
Mo=7.87783e+21  (8.86951e+21)
Mw=3.93
Strike=4 ; 272
Rake=-165 ; -7
Dip=84 ; 75
Pdc=80
Pclvd=11
Piso=9
Variance=7.311e-10
VarRed=3.054e+01
Var/Pdc=9.085e-12
Quality=1
isoflag=6 Depth=30
Station Information
Station(0): TD002.data  R=206.0km  AZI=123.0  W=1.000  Zcor=68
Station(1): TD009.data  R=241.0km  AZI=169.0  W=1.170  Zcor=91
Station(2): RDEA.data  R=258.0km  AZI=24.0  W=1.252  Zcor=96
Station(3): NBC4.data  R=270.0km  AZI=300.0  W=1.311  Zcor=98
isomoment=7.50933e+20
MT Aki Convention
Mxx=4.377
Mxy=-75.412
Mxz=5.337
Myy=-10.586
Myz=19.845
Mzz=-16.319
eigen1=-4.81482e+20
eigen2=-7.63709e+21
eigen3=8.11857e+21
Mo=7.87783e+21  (8.86951e+21)
Mw=3.93
Strike=4 ; 272
Rake=-165 ; -7
Dip=84 ; 75
Pdc=80
Pclvd=11
Piso=9
Variance=7.311e-10
VarRed=3.054e+01
Var/Pdc=9.085e-12
Quality=1
isoflag=6 Depth=30
Station Information
Station(0): TD002.data  R=206.0km  AZI=123.0  W=1.000  Zcor=68
Station(1): TD009.data  R=241.0km  AZI=169.0  W=1.170  Zcor=91
Station(2): RDEA.data  R=258.0km  AZI=24.0  W=1.252  Zcor=96
Station(3): NBC4.data  R=270.0km  AZI=300.0  W=1.311  Zcor=98
isomoment=7.50933e+20
MT Aki Convention
Mxx=4.377
Mxy=-75.412
Mxz=5.337
Myy=-10.586
Myz=19.845
Mzz=-16.319
eigen1=-4.81482e+20
eigen2=-7.63709e+21
eigen3=8.11857e+21
Mo=7.87783e+21  (8.86951e+21)
Mw=3.93
Strike=4 ; 272
Rake=-165 ; -7
Dip=84 ; 75
Pdc=80
Pclvd=11
Piso=9
Variance=7.311e-10
VarRed=3.054e+01
Var/Pdc=9.085e-12
Quality=1
isoflag=6 Depth=30
Station Information
Station(0): TD002.data  R=206.0km  AZI=123.0  W=1.000  Zcor=68
Station(1): TD009.data  R=241.0km  AZI=169.0  W=1.170  Zcor=91
Station(2): RDEA.data  R=258.0km  AZI=24.0  W=1.252  Zcor=96
Station(3): NBC4.data  R=270.0km  AZI=300.0  W=1.311  Zcor=98
isomoment=7.50933e+20
MT Aki Convention
Mxx=4.377
Mxy=-75.412
Mxz=5.337
Myy=-10.586
Myz=19.845
Mzz=-16.319
eigen1=-4.81482e+20
eigen2=-7.63709e+21
eigen3=8.11857e+21
Mo=7.87783e+21  (8.86951e+21)
Mw=3.93
Strike=4 ; 272
Rake=-165 ; -7
Dip=84 ; 75
Pdc=80
Pclvd=11
Piso=9
Variance=7.311e-10
VarRed=3.054e+01
Var/Pdc=9.085e-12
Quality=1
isoflag=6 Depth=30
Station Information
Station(0): TD002.data  R=206.0km  AZI=123.0  W=1.000  Zcor=68
Station(1): TD009.data  R=241.0km  AZI=169.0  W=1.170  Zcor=91
Station(2): RDEA.data  R=258.0km  AZI=24.0  W=1.252  Zcor=96
Station(3): NBC4.data  R=270.0km  AZI=300.0  W=1.311  Zcor=98
isomoment=7.50933e+20
MT Aki Convention
Mxx=4.377
Mxy=-75.412
Mxz=5.337
Myy=-10.586
Myz=19.845
Mzz=-16.319
eigen1=-4.81482e+20
eigen2=-7.63709e+21
eigen3=8.11857e+21
Mo=7.87783e+21  (8.86951e+21)
Mw=3.93
Strike=4 ; 272
Rake=-165 ; -7
Dip=84 ; 75
Pdc=80
Pclvd=11
Piso=9
Variance=7.311e-10
VarRed=3.054e+01
Var/Pdc=9.085e-12
Quality=1
isoflag=6 Depth=30
Station Information
Station(0): TD002.data  R=206.0km  AZI=123.0  W=1.000  Zcor=68
Station(1): TD009.data  R=241.0km  AZI=169.0  W=1.170  Zcor=91
Station(2): RDEA.data  R=258.0km  AZI=24.0  W=1.252  Zcor=96
Station(3): NBC4.data  R=270.0km  AZI=300.0  W=1.311  Zcor=98
isomoment=7.50933e+20
MT Aki Convention
Mxx=4.377
Mxy=-75.412
Mxz=5.337
Myy=-10.586
Myz=19.845
Mzz=-16.319
eigen1=-4.81482e+20
eigen2=-7.63709e+21
eigen3=8.11857e+21
Mo=7.87783e+21  (8.86951e+21)
Mw=3.93
Strike=4 ; 272
Rake=-165 ; -7
Dip=84 ; 75
Pdc=80
Pclvd=11
Piso=9
Variance=7.311e-10
VarRed=3.054e+01
Var/Pdc=9.085e-12
Quality=1
isoflag=6 Depth=30
Station Information
Station(0): TD002.data  R=206.0km  AZI=123.0  W=1.000  Zcor=68
Station(1): TD009.data  R=241.0km  AZI=169.0  W=1.170  Zcor=91
Station(2): RDEA.data  R=258.0km  AZI=24.0  W=1.252  Zcor=96
Station(3): NBC4.data  R=270.0km  AZI=300.0  W=1.311  Zcor=98
isomoment=7.50933e+20
MT Aki Convention
Mxx=4.377
Mxy=-75.412
Mxz=5.337
Myy=-10.586
Myz=19.845
Mzz=-16.319
eigen1=-4.81482e+20
eigen2=-7.63709e+21
eigen3=8.11857e+21
Mo=7.87783e+21  (8.86951e+21)
Mw=3.93
Strike=4 ; 272
Rake=-165 ; -7
Dip=84 ; 75
Pdc=80
Pclvd=11
Piso=9
Variance=7.311e-10
VarRed=3.054e+01
Var/Pdc=9.085e-12
Quality=1
isoflag=6 Depth=30
Station Information
Station(0): TD002.data  R=206.0km  AZI=123.0  W=1.000  Zcor=68
Station(1): TD009.data  R=241.0km  AZI=169.0  W=1.170  Zcor=91
Station(2): RDEA.data  R=258.0km  AZI=24.0  W=1.252  Zcor=96
Station(3): NBC4.data  R=270.0km  AZI=300.0  W=1.311  Zcor=98
isomoment=7.50933e+20
MT Aki Convention
Mxx=4.377
Mxy=-75.412
Mxz=5.337
Myy=-10.586
Myz=19.845
Mzz=-16.319
eigen1=-4.81482e+20
eigen2=-7.63709e+21
eigen3=8.11857e+21
Mo=7.87783e+21  (8.86951e+21)
Mw=3.93
Strike=4 ; 272
Rake=-165 ; -7
Dip=84 ; 75
Pdc=80
Pclvd=11
Piso=9
Variance=7.311e-10
VarRed=3.054e+01
Var/Pdc=9.085e-12
Quality=1
isoflag=6 Depth=30
Station Information
Station(0): TD002.data  R=206.0km  AZI=123.0  W=1.000  Zcor=68
Station(1): TD009.data  R=241.0km  AZI=169.0  W=1.170  Zcor=91
Station(2): RDEA.data  R=258.0km  AZI=24.0  W=1.252  Zcor=96
Station(3): NBC4.data  R=270.0km  AZI=300.0  W=1.311  Zcor=98
isomoment=7.50933e+20
MT Aki Convention
Mxx=4.377
Mxy=-75.412
Mxz=5.337
Myy=-10.586
Myz=19.845
Mzz=-16.319
eigen1=-4.81482e+20
eigen2=-7.63709e+21
eigen3=8.11857e+21
Mo=7.87783e+21  (8.86951e+21)
Mw=3.93
Strike=4 ; 272
Rake=-165 ; -7
Dip=84 ; 75
Pdc=80
Pclvd=11
Piso=9
Variance=7.311e-10
VarRed=3.054e+01
Var/Pdc=9.085e-12
Quality=1
isoflag=6 Depth=30
Station Information
Station(0): TD002.data  R=206.0km  AZI=123.0  W=1.000  Zcor=68
Station(1): TD009.data  R=241.0km  AZI=169.0  W=1.170  Zcor=91
Station(2): RDEA.data  R=258.0km  AZI=24.0  W=1.252  Zcor=96
Station(3): NBC4.data  R=270.0km  AZI=300.0  W=1.311  Zcor=98
isomoment=7.50933e+20
MT Aki Convention
Mxx=4.377
Mxy=-75.412
Mxz=5.337
Myy=-10.586
Myz=19.845
Mzz=-16.319
eigen1=-4.81482e+20
eigen2=-7.63709e+21
eigen3=8.11857e+21
Mo=7.87783e+21  (8.86951e+21)
Mw=3.93
Strike=4 ; 272
Rake=-165 ; -7
Dip=84 ; 75
Pdc=80
Pclvd=11
Piso=9
Variance=7.311e-10
VarRed=3.054e+01
Var/Pdc=9.085e-12
Quality=1
isoflag=6 Depth=30
Station Information
Station(0): TD002.data  R=206.0km  AZI=123.0  W=1.000  Zcor=68
Station(1): TD009.data  R=241.0km  AZI=169.0  W=1.170  Zcor=91
Station(2): RDEA.data  R=258.0km  AZI=24.0  W=1.252  Zcor=96
Station(3): NBC4.data  R=270.0km  AZI=300.0  W=1.311  Zcor=98
isomoment=7.50933e+20
MT Aki Convention
Mxx=4.377
Mxy=-75.412
Mxz=5.337
Myy=-10.586
Myz=19.845
Mzz=-16.319
eigen1=-4.81482e+20
eigen2=-7.63709e+21
eigen3=8.11857e+21
Mo=7.87783e+21  (8.86951e+21)
Mw=3.93
Strike=4 ; 272
Rake=-165 ; -7
Dip=84 ; 75
Pdc=80
Pclvd=11
Piso=9
Variance=7.311e-10
VarRed=3.054e+01
Var/Pdc=9.085e-12
Quality=1
isoflag=6 Depth=30
Station Information
Station(0): TD002.data  R=206.0km  AZI=123.0  W=1.000  Zcor=68
Station(1): TD009.data  R=241.0km  AZI=169.0  W=1.170  Zcor=91
Station(2): RDEA.data  R=258.0km  AZI=24.0  W=1.252  Zcor=96
Station(3): NBC4.data  R=270.0km  AZI=300.0  W=1.311  Zcor=98
isomoment=7.50933e+20
MT Aki Convention
Mxx=4.377
Mxy=-75.412
Mxz=5.337
Myy=-10.586
Myz=19.845
Mzz=-16.319
eigen1=-4.81482e+20
eigen2=-7.63709e+21
eigen3=8.11857e+21
Mo=7.87783e+21  (8.86951e+21)
Mw=3.93
Strike=4 ; 272
Rake=-165 ; -7
Dip=84 ; 75
Pdc=80
Pclvd=11
Piso=9
Variance=7.311e-10
VarRed=3.054e+01
Var/Pdc=9.085e-12
Quality=1
isoflag=6 Depth=30
Station Information
Station(0): TD002.data  R=206.0km  AZI=123.0  W=1.000  Zcor=68
Station(1): TD009.data  R=241.0km  AZI=169.0  W=1.170  Zcor=91
Station(2): RDEA.data  R=258.0km  AZI=24.0  W=1.252  Zcor=96
Station(3): NBC4.data  R=270.0km  AZI=300.0  W=1.311  Zcor=98
isomoment=7.50933e+20
MT Aki Convention
Mxx=4.377
Mxy=-75.412
Mxz=5.337
Myy=-10.586
Myz=19.845
Mzz=-16.319
eigen1=-4.81482e+20
eigen2=-7.63709e+21
eigen3=8.11857e+21
Mo=7.87783e+21  (8.86951e+21)
Mw=3.93
Strike=4 ; 272
Rake=-165 ; -7
Dip=84 ; 75
Pdc=80
Pclvd=11
Piso=9
Variance=7.311e-10
VarRed=3.054e+01
Var/Pdc=9.085e-12
Quality=1
isoflag=6 Depth=30
Station Information
Station(0): TD002.data  R=206.0km  AZI=123.0  W=1.000  Zcor=68
Station(1): TD009.data  R=241.0km  AZI=169.0  W=1.170  Zcor=91
Station(2): RDEA.data  R=258.0km  AZI=24.0  W=1.252  Zcor=96
Station(3): NBC4.data  R=270.0km  AZI=300.0  W=1.311  Zcor=98
isomoment=7.50933e+20
MT Aki Convention
Mxx=4.377
Mxy=-75.412
Mxz=5.337
Myy=-10.586
Myz=19.845
Mzz=-16.319
eigen1=-4.81482e+20
eigen2=-7.63709e+21
eigen3=8.11857e+21
Mo=7.87783e+21  (8.86951e+21)
Mw=3.93
Strike=4 ; 272
Rake=-165 ; -7
Dip=84 ; 75
Pdc=80
Pclvd=11
Piso=9
Variance=7.311e-10
VarRed=3.054e+01
Var/Pdc=9.085e-12
Quality=1
isoflag=6 Depth=30
Station Information
Station(0): TD002.data  R=206.0km  AZI=123.0  W=1.000  Zcor=68
Station(1): TD009.data  R=241.0km  AZI=169.0  W=1.170  Zcor=91
Station(2): RDEA.data  R=258.0km  AZI=24.0  W=1.252  Zcor=96
Station(3): NBC4.data  R=270.0km  AZI=300.0  W=1.311  Zcor=98
isomoment=7.50933e+20
MT Aki Convention
Mxx=4.377
Mxy=-75.412
Mxz=5.337
Myy=-10.586
Myz=19.845
Mzz=-16.319
eigen1=-4.81482e+20
eigen2=-7.63709e+21
eigen3=8.11857e+21
Mo=7.87783e+21  (8.86951e+21)
Mw=3.93
Strike=4 ; 272
Rake=-165 ; -7
Dip=84 ; 75
Pdc=80
Pclvd=11
Piso=9
Variance=7.311e-10
VarRed=3.054e+01
Var/Pdc=9.085e-12
Quality=1
isoflag=6 Depth=30
Station Information
Station(0): TD002.data  R=206.0km  AZI=123.0  W=1.000  Zcor=68
Station(1): TD009.data  R=241.0km  AZI=169.0  W=1.170  Zcor=91
Station(2): RDEA.data  R=258.0km  AZI=24.0  W=1.252  Zcor=96
Station(3): NBC4.data  R=270.0km  AZI=300.0  W=1.311  Zcor=98
isomoment=7.50933e+20
MT Aki Convention
Mxx=4.377
Mxy=-75.412
Mxz=5.337
Myy=-10.586
Myz=19.845
Mzz=-16.319
eigen1=-4.81482e+20
eigen2=-7.63709e+21
eigen3=8.11857e+21
Mo=7.87783e+21  (8.86951e+21)
Mw=3.93
Strike=4 ; 272
Rake=-165 ; -7
Dip=84 ; 75
Pdc=80
Pclvd=11
Piso=9
Variance=7.311e-10
VarRed=3.054e+01
Var/Pdc=9.085e-12
Quality=1
isoflag=6 Depth=30
Station Information
Station(0): TD002.data  R=206.0km  AZI=123.0  W=1.000  Zcor=68
Station(1): TD009.data  R=241.0km  AZI=169.0  W=1.170  Zcor=91
Station(2): RDEA.data  R=258.0km  AZI=24.0  W=1.252  Zcor=96
Station(3): NBC4.data  R=270.0km  AZI=300.0  W=1.311  Zcor=98
isomoment=7.50933e+20
MT Aki Convention
Mxx=4.377
Mxy=-75.412
Mxz=5.337
Myy=-10.586
Myz=19.845
Mzz=-16.319
eigen1=-4.81482e+20
eigen2=-7.63709e+21
eigen3=8.11857e+21
Mo=7.87783e+21  (8.86951e+21)
Mw=3.93
Strike=4 ; 272
Rake=-165 ; -7
Dip=84 ; 75
Pdc=80
Pclvd=11
Piso=9
Variance=7.311e-10
VarRed=3.054e+01
Var/Pdc=9.085e-12
Quality=1
isoflag=6 Depth=30
Station Information
Station(0): TD002.data  R=206.0km  AZI=123.0  W=1.000  Zcor=68
Station(1): TD009.data  R=241.0km  AZI=169.0  W=1.170  Zcor=91
Station(2): RDEA.data  R=258.0km  AZI=24.0  W=1.252  Zcor=96
Station(3): NBC4.data  R=270.0km  AZI=300.0  W=1.311  Zcor=98
isomoment=7.50933e+20
MT Aki Convention
Mxx=4.377
Mxy=-75.412
Mxz=5.337
Myy=-10.586
Myz=19.845
Mzz=-16.319
eigen1=-4.81482e+20
eigen2=-7.63709e+21
eigen3=8.11857e+21
Mo=7.87783e+21  (8.86951e+21)
Mw=3.93
Strike=4 ; 272
Rake=-165 ; -7
Dip=84 ; 75
Pdc=80
Pclvd=11
Piso=9
Variance=7.311e-10
VarRed=3.054e+01
Var/Pdc=9.085e-12
Quality=1
isoflag=6 Depth=30
Station Information
Station(0): TD002.data  R=206.0km  AZI=123.0  W=1.000  Zcor=68
Station(1): TD009.data  R=241.0km  AZI=169.0  W=1.170  Zcor=91
Station(2): RDEA.data  R=258.0km  AZI=24.0  W=1.252  Zcor=96
Station(3): NBC4.data  R=270.0km  AZI=300.0  W=1.311  Zcor=98
isomoment=7.50933e+20
MT Aki Convention
Mxx=4.377
Mxy=-75.412
Mxz=5.337
Myy=-10.586
Myz=19.845
Mzz=-16.319
eigen1=-4.81482e+20
eigen2=-7.63709e+21
eigen3=8.11857e+21
Mo=7.87783e+21  (8.86951e+21)
Mw=3.93
Strike=4 ; 272
Rake=-165 ; -7
Dip=84 ; 75
Pdc=80
Pclvd=11
Piso=9
Variance=7.311e-10
VarRed=3.054e+01
Var/Pdc=9.085e-12
Quality=1
isoflag=6 Depth=30
Station Information
Station(0): TD002.data  R=206.0km  AZI=123.0  W=1.000  Zcor=68
Station(1): TD009.data  R=241.0km  AZI=169.0  W=1.170  Zcor=91
Station(2): RDEA.data  R=258.0km  AZI=24.0  W=1.252  Zcor=96
Station(3): NBC4.data  R=270.0km  AZI=300.0  W=1.311  Zcor=98
isomoment=7.50933e+20
MT Aki Convention
Mxx=4.377
Mxy=-75.412
Mxz=5.337
Myy=-10.586
Myz=19.845
Mzz=-16.319
eigen1=-4.81482e+20
eigen2=-7.63709e+21
eigen3=8.11857e+21
Mo=7.87783e+21  (8.86951e+21)
Mw=3.93
Strike=4 ; 272
Rake=-165 ; -7
Dip=84 ; 75
Pdc=80
Pclvd=11
Piso=9
Variance=7.311e-10
VarRed=3.054e+01
Var/Pdc=9.085e-12
Quality=1
isoflag=6 Depth=30
Station Information
Station(0): TD002.data  R=206.0km  AZI=123.0  W=1.000  Zcor=68
Station(1): TD009.data  R=241.0km  AZI=169.0  W=1.170  Zcor=91
Station(2): RDEA.data  R=258.0km  AZI=24.0  W=1.252  Zcor=96
Station(3): NBC4.data  R=270.0km  AZI=300.0  W=1.311  Zcor=98
isomoment=7.50933e+20
MT Aki Convention
Mxx=4.377
Mxy=-75.412
Mxz=5.337
Myy=-10.586
Myz=19.845
Mzz=-16.319
eigen1=-4.81482e+20
eigen2=-7.63709e+21
eigen3=8.11857e+21
Mo=7.87783e+21  (8.86951e+21)
Mw=3.93
Strike=4 ; 272
Rake=-165 ; -7
Dip=84 ; 75
Pdc=80
Pclvd=11
Piso=9
Variance=7.311e-10
VarRed=3.054e+01
Var/Pdc=9.085e-12
Quality=1
isoflag=6 Depth=30
Station Information
Station(0): TD002.data  R=206.0km  AZI=123.0  W=1.000  Zcor=68
Station(1): TD009.data  R=241.0km  AZI=169.0  W=1.170  Zcor=91
Station(2): RDEA.data  R=258.0km  AZI=24.0  W=1.252  Zcor=96
Station(3): NBC4.data  R=270.0km  AZI=300.0  W=1.311  Zcor=98
isomoment=7.50933e+20
MT Aki Convention
Mxx=4.377
Mxy=-75.412
Mxz=5.337
Myy=-10.586
Myz=19.845
Mzz=-16.319
eigen1=-4.81482e+20
eigen2=-7.63709e+21
eigen3=8.11857e+21
Mo=7.87783e+21  (8.86951e+21)
Mw=3.93
Strike=4 ; 272
Rake=-165 ; -7
Dip=84 ; 75
Pdc=80
Pclvd=11
Piso=9
Variance=7.311e-10
VarRed=3.054e+01
Var/Pdc=9.085e-12
Quality=1
isoflag=6 Depth=30
Station Information
Station(0): TD002.data  R=206.0km  AZI=123.0  W=1.000  Zcor=68
Station(1): TD009.data  R=241.0km  AZI=169.0  W=1.170  Zcor=91
Station(2): RDEA.data  R=258.0km  AZI=24.0  W=1.252  Zcor=96
Station(3): NBC4.data  R=270.0km  AZI=300.0  W=1.311  Zcor=98
isomoment=7.50933e+20
MT Aki Convention
Mxx=4.377
Mxy=-75.412
Mxz=5.337
Myy=-10.586
Myz=19.845
Mzz=-16.319
eigen1=-4.81482e+20
eigen2=-7.63709e+21
eigen3=8.11857e+21
Mo=7.87783e+21  (8.86951e+21)
Mw=3.93
Strike=4 ; 272
Rake=-165 ; -7
Dip=84 ; 75
Pdc=80
Pclvd=11
Piso=9
Variance=7.311e-10
VarRed=3.054e+01
Var/Pdc=9.085e-12
Quality=1
isoflag=6 Depth=30
Station Information
Station(0): TD002.data  R=206.0km  AZI=123.0  W=1.000  Zcor=68
Station(1): TD009.data  R=241.0km  AZI=169.0  W=1.170  Zcor=91
Station(2): RDEA.data  R=258.0km  AZI=24.0  W=1.252  Zcor=96
Station(3): NBC4.data  R=270.0km  AZI=300.0  W=1.311  Zcor=98
isomoment=7.50933e+20
MT Aki Convention
Mxx=4.377
Mxy=-75.412
Mxz=5.337
Myy=-10.586
Myz=19.845
Mzz=-16.319
eigen1=-4.81482e+20
eigen2=-7.63709e+21
eigen3=8.11857e+21
Mo=7.87783e+21  (8.86951e+21)
Mw=3.93
Strike=4 ; 272
Rake=-165 ; -7
Dip=84 ; 75
Pdc=80
Pclvd=11
Piso=9
Variance=7.311e-10
VarRed=3.054e+01
Var/Pdc=9.085e-12
Quality=1
isoflag=6 Depth=30
Station Information
Station(0): TD002.data  R=206.0km  AZI=123.0  W=1.000  Zcor=68
Station(1): TD009.data  R=241.0km  AZI=169.0  W=1.170  Zcor=91
Station(2): RDEA.data  R=258.0km  AZI=24.0  W=1.252  Zcor=96
Station(3): NBC4.data  R=270.0km  AZI=300.0  W=1.311  Zcor=98
isomoment=7.50933e+20
MT Aki Convention
Mxx=4.377
Mxy=-75.412
Mxz=5.337
Myy=-10.586
Myz=19.845
Mzz=-16.319
eigen1=-4.81482e+20
eigen2=-7.63709e+21
eigen3=8.11857e+21
Mo=7.87783e+21  (8.86951e+21)
Mw=3.93
Strike=4 ; 272
Rake=-165 ; -7
Dip=84 ; 75
Pdc=80
Pclvd=11
Piso=9
Variance=7.311e-10
VarRed=3.054e+01
Var/Pdc=9.085e-12
Quality=1
isoflag=6 Depth=30
Station Information
Station(0): TD002.data  R=206.0km  AZI=123.0  W=1.000  Zcor=68
Station(1): TD009.data  R=241.0km  AZI=169.0  W=1.170  Zcor=91
Station(2): RDEA.data  R=258.0km  AZI=24.0  W=1.252  Zcor=96
Station(3): NBC4.data  R=270.0km  AZI=300.0  W=1.311  Zcor=98
isomoment=7.50933e+20
MT Aki Convention
Mxx=4.377
Mxy=-75.412
Mxz=5.337
Myy=-10.586
Myz=19.845
Mzz=-16.319
eigen1=-4.81482e+20
eigen2=-7.63709e+21
eigen3=8.11857e+21
Mo=7.87783e+21  (8.86951e+21)
Mw=3.93
Strike=4 ; 272
Rake=-165 ; -7
Dip=84 ; 75
Pdc=80
Pclvd=11
Piso=9
Variance=7.311e-10
VarRed=3.054e+01
Var/Pdc=9.085e-12
Quality=1
isoflag=6 Depth=30
Station Information
Station(0): TD002.data  R=206.0km  AZI=123.0  W=1.000  Zcor=68
Station(1): TD009.data  R=241.0km  AZI=169.0  W=1.170  Zcor=91
Station(2): RDEA.data  R=258.0km  AZI=24.0  W=1.252  Zcor=96
Station(3): NBC4.data  R=270.0km  AZI=300.0  W=1.311  Zcor=98
isomoment=7.50933e+20
MT Aki Convention
Mxx=4.377
Mxy=-75.412
Mxz=5.337
Myy=-10.586
Myz=19.845
Mzz=-16.319
eigen1=-4.81482e+20
eigen2=-7.63709e+21
eigen3=8.11857e+21
Mo=7.87783e+21  (8.86951e+21)
Mw=3.93
Strike=4 ; 272
Rake=-165 ; -7
Dip=84 ; 75
Pdc=80
Pclvd=11
Piso=9
Variance=7.311e-10
VarRed=3.054e+01
Var/Pdc=9.085e-12
Quality=1
