#depth variance  VR       nsta
 30  7.311e-10  3.054e+01   4
#mxx        mxy        mxz        myy        myz        mzz
 4.377e+20 -7.541e+21  5.337e+20 -1.059e+21  1.984e+21 -1.632e+21
#st1 rk1 dp1 st2 rk2 dp2
  4 -165  84 272  -7  75
#pdc pclvd piso
 80  11   9

#filename
TD002.data
#dt   npts  dist   Az   Zcor VR
1.000  180 206.0 123.0   68  5.296e+01
#data T          R          Z    synth T          R          Z
 1.086e-05 -5.426e-06  2.255e-06  1.064e-07  2.090e-07 -1.395e-07
 5.503e-06 -2.248e-06  4.401e-06  1.112e-07  2.301e-07 -1.460e-07
-2.753e-06  1.267e-06  3.409e-06  1.162e-07  2.438e-07 -1.537e-07
-8.304e-06  6.209e-06 -7.880e-07  1.224e-07  2.481e-07 -1.642e-07
-6.284e-06  1.264e-05 -6.333e-06  1.290e-07  2.425e-07 -1.771e-07
 2.890e-06  1.906e-05 -1.088e-05  1.343e-07  2.277e-07 -1.886e-07
 1.355e-05  2.232e-05 -1.277e-05  1.363e-07  2.058e-07 -1.932e-07
 1.910e-05  1.961e-05 -1.157e-05  1.336e-07  1.793e-07 -1.871e-07
 1.680e-05  1.204e-05 -8.449e-06  1.255e-07  1.509e-07 -1.696e-07
 8.888e-06  4.939e-06 -5.852e-06  1.118e-07  1.213e-07 -1.431e-07
-6.798e-07  2.901e-06 -6.419e-06  9.276e-08  8.920e-08 -1.107e-07
-8.578e-06  5.749e-06 -1.109e-05  6.885e-08  5.075e-08 -7.438e-08
-1.236e-05  8.637e-06 -1.737e-05  4.036e-08  2.322e-09 -3.346e-08
-1.082e-05  6.190e-06 -2.014e-05  6.644e-09 -5.710e-08  1.410e-08
-5.239e-06 -2.176e-06 -1.572e-05 -3.380e-08 -1.246e-07  7.004e-08
 5.188e-08 -1.118e-05 -5.009e-06 -8.221e-08 -1.945e-07  1.338e-07
 1.822e-07 -1.400e-05  7.087e-06 -1.378e-07 -2.607e-07  2.017e-07
-5.346e-06 -8.095e-06  1.424e-05 -1.965e-07 -3.194e-07  2.679e-07
-1.102e-05  2.362e-06  1.326e-05 -2.516e-07 -3.700e-07  3.274e-07
-1.043e-05  9.729e-06  6.761e-06 -2.962e-07 -4.141e-07  3.784e-07
-3.059e-06  9.800e-06  1.378e-07 -3.254e-07 -4.540e-07  4.217e-07
 5.171e-06  4.992e-06 -2.657e-06 -3.388e-07 -4.915e-07  4.591e-07
 7.243e-06  2.535e-07 -6.250e-07 -3.402e-07 -5.266e-07  4.902e-07
 8.313e-07 -2.376e-06  3.972e-06 -3.356e-07 -5.573e-07  5.124e-07
-1.030e-05 -4.466e-06  6.813e-06 -3.304e-07 -5.809e-07  5.229e-07
-1.923e-05 -7.367e-06  5.309e-06 -3.267e-07 -5.948e-07  5.210e-07
-2.121e-05 -1.020e-05  1.143e-06 -3.237e-07 -5.970e-07  5.087e-07
-1.776e-05 -1.176e-05 -1.876e-06 -3.186e-07 -5.863e-07  4.894e-07
-1.437e-05 -1.192e-05 -2.287e-06 -3.085e-07 -5.609e-07  4.647e-07
-1.367e-05 -1.144e-05 -1.308e-06 -2.913e-07 -5.196e-07  4.334e-07
-1.353e-05 -1.059e-05  6.699e-07 -2.654e-07 -4.621e-07  3.923e-07
-1.140e-05 -8.371e-06  4.061e-06 -2.296e-07 -3.908e-07  3.377e-07
-7.403e-06 -3.481e-06  7.584e-06 -1.835e-07 -3.101e-07  2.677e-07
-3.792e-06  3.762e-06  8.653e-06 -1.274e-07 -2.248e-07  1.842e-07
-2.068e-06  1.107e-05  6.399e-06 -6.286e-08 -1.380e-07  9.220e-08
-1.193e-06  1.586e-05  2.688e-06  8.144e-09 -5.014e-08 -2.057e-09
 9.135e-07  1.692e-05 -1.383e-08  8.317e-08  4.075e-08 -9.395e-08
 5.253e-06  1.517e-05 -2.824e-07  1.589e-07  1.372e-07 -1.819e-07
 9.988e-06  1.228e-05  2.094e-06  2.310e-07  2.406e-07 -2.659e-07
 1.194e-05  8.277e-06  6.188e-06  2.944e-07  3.502e-07 -3.449e-07
 1.012e-05  2.847e-06  9.992e-06  3.451e-07  4.623e-07 -4.155e-07
 6.748e-06 -2.331e-06  1.143e-05  3.818e-07  5.711e-07 -4.746e-07
 4.988e-06 -4.559e-06  9.916e-06  4.068e-07  6.714e-07 -5.213e-07
 6.057e-06 -2.922e-06  7.063e-06  4.248e-07  7.600e-07 -5.575e-07
 9.201e-06  2.404e-07  5.662e-06  4.401e-07  8.370e-07 -5.862e-07
 1.340e-05  1.054e-06  7.862e-06  4.537e-07  9.046e-07 -6.086e-07
 1.767e-05 -1.743e-06  1.335e-05  4.619e-07  9.654e-07 -6.231e-07
 2.123e-05 -5.412e-06  1.933e-05  4.584e-07  1.021e-06 -6.268e-07
 2.332e-05 -6.517e-06  2.257e-05  4.381e-07  1.073e-06 -6.174e-07
 2.180e-05 -4.340e-06  2.124e-05  4.013e-07  1.116e-06 -5.955e-07
 1.493e-05 -9.137e-07  1.574e-05  3.557e-07  1.142e-06 -5.654e-07
 5.224e-06  9.660e-07  8.487e-06  3.148e-07  1.137e-06 -5.352e-07
-1.012e-06 -4.562e-07  2.593e-06  2.940e-07  1.085e-06 -5.137e-07
 8.485e-07 -4.314e-06 -6.175e-07  3.049e-07  9.736e-07 -5.050e-07
 8.960e-06 -7.583e-06 -1.952e-06  3.496e-07  8.049e-07 -5.040e-07
 1.652e-05 -7.805e-06 -2.261e-06  4.145e-07  6.032e-07 -4.962e-07
 1.813e-05 -4.820e-06 -2.329e-06  4.684e-07  4.151e-07 -4.630e-07
 1.319e-05 -2.348e-07 -3.680e-06  4.681e-07  2.960e-07 -3.904e-07
 3.758e-06  4.192e-06 -7.694e-06  3.743e-07  2.864e-07 -2.759e-07
-7.381e-06  6.935e-06 -1.472e-05  1.692e-07  3.906e-07 -1.308e-07
-1.673e-05  5.862e-06 -2.384e-05 -1.335e-07  5.721e-07  2.213e-08
-2.075e-05  8.659e-08 -3.289e-05 -4.883e-07  7.656e-07  1.543e-07
-1.765e-05 -6.917e-06 -3.928e-05 -8.298e-07  8.992e-07  2.392e-07
-8.826e-06 -8.988e-06 -4.089e-05 -1.092e-06  9.195e-07  2.610e-07
 4.998e-07 -3.486e-06 -3.695e-05 -1.226e-06  8.065e-07  2.199e-07
 3.873e-06  4.832e-06 -2.945e-05 -1.219e-06  5.771e-07  1.314e-07
-1.901e-06  7.626e-06 -2.246e-05 -1.092e-06  2.743e-07  1.814e-08
-1.388e-05  2.051e-06 -1.908e-05 -8.924e-07 -5.089e-08 -9.957e-08
-2.386e-05 -6.100e-06 -1.957e-05 -6.730e-07 -3.583e-07 -2.106e-07
-2.474e-05 -9.524e-06 -2.197e-05 -4.711e-07 -6.309e-07 -3.137e-07
-1.737e-05 -7.341e-06 -2.324e-05 -2.993e-07 -8.742e-07 -4.142e-07
-9.544e-06 -4.386e-06 -2.062e-05 -1.500e-07 -1.107e-06 -5.191e-07
-8.353e-06 -4.023e-06 -1.333e-05 -7.097e-09 -1.348e-06 -6.314e-07
-1.397e-05 -4.516e-06 -3.715e-06  1.440e-07 -1.607e-06 -7.473e-07
-1.952e-05 -2.349e-06  4.632e-06  3.103e-07 -1.876e-06 -8.541e-07
-1.736e-05  2.953e-06  9.543e-06  4.902e-07 -2.135e-06 -9.340e-07
-6.900e-06  8.629e-06  1.094e-05  6.769e-07 -2.352e-06 -9.688e-07
 3.941e-06  1.156e-05  1.050e-05  8.641e-07 -2.501e-06 -9.460e-07
 6.626e-06  9.796e-06  1.084e-05  1.050e-06 -2.576e-06 -8.657e-07
 1.453e-06  2.790e-06  1.327e-05  1.239e-06 -2.609e-06 -7.461e-07
-2.581e-06 -5.807e-06  1.681e-05  1.437e-06 -2.671e-06 -6.255e-07
 1.933e-06 -8.081e-06  2.043e-05  1.645e-06 -2.870e-06 -5.570e-07
 1.239e-05 -3.831e-07  2.499e-05  1.863e-06 -3.333e-06 -5.918e-07
 1.989e-05  1.064e-05  3.168e-05  2.081e-06 -4.174e-06 -7.537e-07
 1.934e-05  1.474e-05  3.865e-05  2.291e-06 -5.435e-06 -1.006e-06
 1.365e-05  8.221e-06  4.148e-05  2.486e-06 -7.025e-06 -1.222e-06
 9.115e-06 -3.702e-06  3.732e-05  2.660e-06 -8.647e-06 -1.170e-06
 8.846e-06 -1.200e-05  2.799e-05  2.806e-06 -9.757e-06 -5.336e-07
 1.063e-05 -1.110e-05  1.893e-05  2.904e-06 -9.596e-06  1.020e-06
 1.052e-05 -2.340e-06  1.484e-05  2.916e-06 -7.329e-06  3.713e-06
 7.849e-06  9.290e-06  1.634e-05  2.772e-06 -2.335e-06  7.486e-06
 5.204e-06  2.043e-05  2.114e-05  2.379e-06  5.369e-06  1.180e-05
 3.619e-06  2.925e-05  2.674e-05  1.644e-06  1.474e-05  1.561e-05
 2.791e-08  3.380e-05  3.124e-05  4.976e-07  2.385e-05  1.776e-05
-9.200e-06  3.324e-05  3.224e-05 -1.063e-06  3.061e-05  1.750e-05
-2.181e-05  2.477e-05  2.794e-05 -2.958e-06  3.304e-05  1.438e-05
-3.009e-05  8.315e-06  1.756e-05 -4.998e-06  2.944e-05  8.354e-06
-2.800e-05 -1.040e-05 -1.839e-07 -6.905e-06  1.937e-05  4.313e-07
-1.643e-05 -2.625e-05 -1.924e-05 -8.389e-06  4.644e-06 -7.317e-06
-2.387e-06 -3.552e-05 -3.355e-05 -9.241e-06 -1.101e-05 -1.264e-05
 6.434e-06 -3.755e-05 -4.057e-05 -9.399e-06 -2.320e-05 -1.402e-05
 5.702e-06 -3.382e-05 -4.171e-05 -8.979e-06 -2.851e-05 -1.139e-05
-2.569e-06 -2.737e-05 -3.999e-05 -8.250e-06 -2.614e-05 -6.282e-06
-1.156e-05 -2.008e-05 -3.730e-05 -7.580e-06 -1.853e-05 -1.096e-06
-1.509e-05 -1.290e-05 -3.292e-05 -7.353e-06 -1.002e-05  1.964e-06
-1.232e-05 -7.977e-06 -2.583e-05 -7.911e-06 -4.287e-06  1.877e-06
-7.779e-06 -7.834e-06 -1.646e-05 -9.512e-06 -2.401e-06 -7.808e-07
-7.550e-06 -1.199e-05 -8.005e-06 -1.227e-05 -2.554e-06 -4.458e-06
-1.517e-05 -1.519e-05 -4.438e-06 -1.606e-05 -1.763e-06 -7.763e-06
-2.744e-05 -1.088e-05 -6.353e-06 -2.028e-05  1.686e-06 -1.015e-05
-3.494e-05  2.286e-06 -1.057e-05 -2.368e-05  6.890e-06 -1.167e-05
-2.772e-05  1.759e-05 -1.291e-05 -2.425e-05  1.115e-05 -1.225e-05
-2.009e-06  2.506e-05 -1.323e-05 -1.947e-05  1.206e-05 -1.136e-05
 3.923e-05  2.031e-05 -1.428e-05 -7.041e-06  9.043e-06 -8.499e-06
 8.872e-05  8.664e-06 -1.743e-05  1.392e-05  3.441e-06 -4.355e-06
 1.362e-04  1.254e-06 -2.076e-05  4.182e-05 -2.243e-06 -1.459e-06
 1.693e-04  3.815e-06 -2.168e-05  7.238e-05 -5.448e-06 -2.935e-06
 1.775e-04  1.157e-05 -1.884e-05  9.956e-05 -5.139e-06 -9.225e-06
 1.592e-04  1.592e-05 -1.341e-05  1.162e-04 -2.741e-06 -1.610e-05
 1.257e-04  1.374e-05 -7.637e-06  1.142e-04 -8.718e-07 -1.792e-05
 6.482e-05  3.127e-07 -5.366e-06  8.767e-05 -8.843e-07 -1.339e-05
-2.283e-05 -1.260e-05 -7.202e-06  3.823e-05 -1.869e-06 -6.167e-06
-1.171e-04 -5.432e-06 -9.365e-06 -2.356e-05 -1.579e-06  5.057e-08
-2.055e-04  1.850e-05 -1.151e-05 -8.257e-05  2.077e-06  4.566e-06
-2.628e-04  4.752e-05 -1.249e-05 -1.243e-04  9.414e-06  8.534e-06
-2.615e-04  7.182e-05 -7.730e-06 -1.379e-04  1.846e-05  1.309e-05
-2.014e-04  8.056e-05  3.995e-06 -1.191e-04  2.624e-05  1.891e-05
-9.484e-05  7.274e-05  2.417e-05 -7.316e-05  2.980e-05  2.620e-05
 2.598e-05  4.745e-05  5.262e-05 -1.512e-05  2.666e-05  3.441e-05
 1.189e-04  4.222e-07  8.221e-05  3.479e-05  1.568e-05  4.177e-05
 1.550e-04 -6.372e-05  1.054e-04  5.991e-05 -1.949e-06  4.540e-05
 1.209e-04 -1.289e-04  1.156e-04  5.450e-05 -2.266e-05  4.207e-05
 4.031e-05 -1.676e-04  1.070e-04  2.672e-05 -4.119e-05  2.982e-05
-4.815e-05 -1.610e-04  7.782e-05 -5.403e-06 -5.187e-05  9.428e-06
-1.001e-04 -1.078e-04  2.877e-05 -2.402e-05 -5.059e-05 -1.501e-05
-9.087e-05 -2.876e-05 -3.244e-05 -2.179e-05 -3.670e-05 -3.666e-05
-3.142e-05  4.798e-05 -9.000e-05 -5.380e-06 -1.403e-05 -4.824e-05
 4.043e-05  9.746e-05 -1.224e-04  1.071e-05  9.571e-06 -4.557e-05
 7.686e-05  1.034e-04 -1.156e-04  1.564e-05  2.518e-05 -3.054e-05
 5.865e-05  7.059e-05 -7.400e-05  9.558e-06  2.746e-05 -1.114e-05
 7.796e-07  1.943e-05 -2.018e-05  1.342e-06  1.823e-05  2.588e-06
-5.331e-05 -1.729e-05  1.951e-05 -7.577e-07  5.871e-06  5.063e-06
-6.827e-05 -2.044e-05  3.332e-05  3.512e-06 -5.254e-07 -8.054e-07
-3.230e-05  2.247e-06  2.683e-05  7.734e-06  1.762e-06 -6.372e-06
 3.173e-05  2.031e-05  1.351e-05  6.751e-06  7.379e-06 -5.319e-06
 8.407e-05  1.591e-05  3.599e-06  2.125e-06  9.080e-06  6.422e-07
 8.794e-05 -4.467e-06  1.764e-06 -7.282e-07  5.430e-06  4.920e-06
 3.885e-05 -1.826e-05  6.992e-06  4.920e-07  1.126e-06  4.300e-06
-2.783e-05 -1.678e-05  1.471e-05  2.768e-06  9.063e-08  1.833e-06
-6.113e-05 -6.901e-06  1.754e-05  2.535e-06  1.104e-06  1.340e-06
-3.954e-05  1.494e-06  1.122e-05  3.763e-07  1.181e-06  2.423e-06
 1.598e-05  6.413e-06  4.746e-07 -6.212e-07  9.609e-08  2.756e-06
 5.773e-05  6.205e-06 -5.495e-06  3.027e-07 -6.604e-07  2.169e-06
 5.657e-05  2.530e-06 -5.232e-06  9.628e-07 -8.808e-07  1.794e-06
 1.844e-05 -1.938e-06 -4.035e-06  1.000e-07 -1.158e-06  1.591e-06
-1.825e-05 -6.755e-07 -4.033e-06 -8.695e-07 -1.333e-06  1.105e-06
-2.073e-05  2.641e-06 -1.562e-06 -6.445e-07 -1.192e-06  7.043e-07
 1.463e-05  4.150e-06  3.918e-06 -1.076e-07 -1.095e-06  5.889e-07
 5.440e-05  5.310e-06  4.822e-06 -3.681e-07 -1.110e-06  3.879e-07
 6.041e-05  1.109e-05 -3.919e-06 -8.334e-07 -9.638e-07  1.281e-07
 2.514e-05  1.735e-05 -1.497e-05 -6.651e-07 -7.681e-07  5.498e-08
-1.576e-05  1.288e-05 -1.819e-05 -3.414e-07 -6.876e-07  3.008e-09
-2.665e-05  2.243e-08 -1.192e-05 -4.463e-07 -5.695e-07 -1.064e-07
-5.349e-06 -5.999e-06 -2.844e-06 -5.578e-07 -4.052e-07 -1.111e-07
 1.964e-05 -1.605e-06  1.684e-06 -3.331e-07 -3.148e-07 -8.901e-08
 1.819e-05  4.542e-06 -1.229e-06 -1.431e-07 -2.245e-07 -1.240e-07
-1.170e-05  1.012e-05 -8.447e-06 -1.287e-07 -1.061e-07 -1.067e-07
-4.273e-05  1.817e-05 -1.228e-05 -2.237e-08 -3.212e-08 -7.078e-08
-4.341e-05  2.401e-05 -9.991e-06  1.452e-07  4.037e-08 -7.596e-08
-1.538e-05  1.979e-05 -6.039e-06  1.994e-07  1.252e-07 -4.987e-08
 1.002e-05  1.031e-05 -4.617e-06  2.122e-07  1.717e-07 -1.960e-08
 8.218e-06  3.883e-08 -1.667e-06  2.392e-07  2.108e-07 -2.306e-08
-1.564e-05 -4.392e-06  2.943e-06  2.203e-07  2.499e-07 -7.444e-09
-3.372e-05  1.519e-06  8.471e-07  1.666e-07  2.643e-07  5.102e-09
-2.624e-05  6.749e-06 -5.100e-06  1.131e-07  2.831e-07 -2.556e-09
-4.737e-06 -1.604e-06 -8.187e-06  5.044e-08  3.017e-07  1.955e-09
 1.737e-06 -1.762e-05 -7.772e-06 -2.100e-08  3.025e-07 -5.473e-09
-1.565e-05 -3.111e-05 -4.167e-06 -9.120e-08  3.015e-07 -2.148e-08
-3.366e-05 -3.650e-05  4.649e-07 -1.613e-07  2.853e-07 -2.019e-08
-2.649e-05 -2.995e-05  1.852e-06 -2.329e-07  2.492e-07 -1.772e-08

#filename
TD009.data
#dt   npts  dist   Az   Zcor VR
1.000  180 241.0 169.0   91  3.038e+01
#data T          R          Z    synth T          R          Z
-1.209e-05 -2.753e-05 -8.587e-06  3.312e-07 -1.262e-07  2.273e-07
-1.482e-05 -4.027e-05 -6.023e-06  3.682e-07 -1.356e-07  2.358e-07
-1.166e-05 -5.354e-05 -8.094e-06  3.979e-07 -1.421e-07  2.353e-07
-2.874e-06 -6.620e-05 -1.265e-05  4.146e-07 -1.455e-07  2.268e-07
 7.493e-06 -7.721e-05 -1.577e-05  4.119e-07 -1.458e-07  2.121e-07
 1.357e-05 -8.451e-05 -1.556e-05  3.855e-07 -1.430e-07  1.928e-07
 1.192e-05 -8.633e-05 -1.291e-05  3.366e-07 -1.367e-07  1.699e-07
 4.384e-06 -8.302e-05 -9.783e-06  2.717e-07 -1.259e-07  1.436e-07
-3.549e-06 -7.693e-05 -7.660e-06  2.003e-07 -1.100e-07  1.146e-07
-6.910e-06 -7.039e-05 -7.066e-06  1.306e-07 -8.874e-08  8.350e-08
-4.638e-06 -6.461e-05 -7.762e-06  6.746e-08 -6.366e-08  5.071e-08
 5.719e-07 -5.978e-05 -8.760e-06  1.106e-08 -3.707e-08  1.574e-08
 4.829e-06 -5.554e-05 -8.510e-06 -4.192e-08 -1.126e-08 -2.217e-08
 5.846e-06 -5.074e-05 -5.579e-06 -9.722e-08  1.247e-08 -6.302e-08
 4.173e-06 -4.317e-05  2.854e-07 -1.610e-07  3.412e-08 -1.055e-07
 2.095e-06 -3.036e-05  7.443e-06 -2.371e-07  5.452e-08 -1.475e-07
 1.631e-06 -1.208e-05  1.285e-05 -3.252e-07  7.477e-08 -1.871e-07
 3.247e-06  7.304e-06  1.390e-05 -4.199e-07  9.584e-08 -2.233e-07
 5.858e-06  2.107e-05  1.042e-05 -5.128e-07  1.182e-07 -2.553e-07
 7.941e-06  2.610e-05  4.923e-06 -5.958e-07  1.417e-07 -2.827e-07
 8.901e-06  2.625e-05  1.027e-06 -6.642e-07  1.654e-07 -3.045e-07
 8.924e-06  2.888e-05  8.797e-07 -7.172e-07  1.884e-07 -3.201e-07
 7.855e-06  3.840e-05  3.788e-06 -7.564e-07  2.091e-07 -3.285e-07
 5.316e-06  5.351e-05  7.324e-06 -7.825e-07  2.262e-07 -3.290e-07
 1.852e-06  6.913e-05  9.565e-06 -7.933e-07  2.382e-07 -3.217e-07
-9.848e-07  7.977e-05  1.030e-05 -7.821e-07  2.437e-07 -3.085e-07
-1.973e-06  8.220e-05  1.035e-05 -7.395e-07  2.430e-07 -2.928e-07
-7.419e-07  7.710e-05  1.038e-05 -6.553e-07  2.377e-07 -2.785e-07
 2.684e-06  6.890e-05  1.042e-05 -5.220e-07  2.306e-07 -2.685e-07
 7.429e-06  6.318e-05  1.028e-05 -3.382e-07  2.247e-07 -2.631e-07
 1.113e-05  6.297e-05  1.013e-05 -1.140e-07  2.219e-07 -2.591e-07
 1.106e-05  6.726e-05  1.072e-05  1.256e-07  2.233e-07 -2.498e-07
 6.508e-06  7.222e-05  1.242e-05  3.435e-07  2.288e-07 -2.263e-07
-5.041e-07  7.358e-05  1.449e-05  5.014e-07  2.369e-07 -1.802e-07
-6.791e-06  6.868e-05  1.532e-05  5.743e-07  2.441e-07 -1.072e-07
-1.021e-05  5.730e-05  1.373e-05  5.597e-07  2.460e-07 -9.852e-09
-1.095e-05  4.096e-05  9.836e-06  4.781e-07  2.380e-07  1.023e-07
-1.065e-05  2.172e-05  5.034e-06  3.665e-07  2.174e-07  2.150e-07
-1.038e-05  2.097e-06  1.164e-06  2.677e-07  1.841e-07  3.137e-07
-9.999e-06 -1.490e-05 -7.562e-07  2.206e-07  1.416e-07  3.867e-07
-9.118e-06 -2.720e-05 -7.821e-07  2.510e-07  9.648e-08  4.275e-07
-8.112e-06 -3.548e-05  1.008e-07  3.662e-07  5.653e-08  4.354e-07
-7.446e-06 -4.280e-05 -1.014e-07  5.519e-07  2.796e-08  4.151e-07
-6.350e-06 -5.123e-05 -3.604e-06  7.751e-07  1.296e-08  3.749e-07
-3.384e-06 -5.970e-05 -1.040e-05  9.927e-07  9.012e-09  3.234e-07
 9.567e-07 -6.565e-05 -1.704e-05  1.165e-06  1.050e-08  2.680e-07
 3.241e-06 -6.787e-05 -1.928e-05  1.268e-06  1.132e-08  2.132e-07
 2.867e-07 -6.734e-05 -1.612e-05  1.299e-06  6.816e-09  1.605e-07
-6.930e-06 -6.496e-05 -1.071e-05  1.267e-06 -6.055e-09  1.088e-07
-1.341e-05 -5.985e-05 -7.408e-06  1.187e-06 -2.969e-08  5.477e-08
-1.439e-05 -5.089e-05 -8.296e-06  1.068e-06 -6.638e-08 -5.995e-09
-9.453e-06 -3.959e-05 -1.258e-05  9.092e-07 -1.180e-07 -7.661e-08
-2.373e-06 -2.983e-05 -1.790e-05  7.061e-07 -1.855e-07 -1.575e-07
 2.344e-06 -2.443e-05 -2.159e-05  4.540e-07 -2.684e-07 -2.465e-07
 2.806e-06 -2.274e-05 -2.191e-05  1.544e-07 -3.646e-07 -3.396e-07
 4.915e-07 -2.207e-05 -1.917e-05 -1.829e-07 -4.703e-07 -4.326e-07
-1.163e-06 -2.082e-05 -1.590e-05 -5.424e-07 -5.797e-07 -5.202e-07
 5.901e-07 -1.910e-05 -1.492e-05 -9.075e-07 -6.856e-07 -5.966e-07
 5.411e-06 -1.691e-05 -1.652e-05 -1.266e-06 -7.798e-07 -6.549e-07
 9.874e-06 -1.332e-05 -1.785e-05 -1.610e-06 -8.542e-07 -6.889e-07
 1.038e-05 -7.439e-06 -1.563e-05 -1.940e-06 -9.038e-07 -6.958e-07
 6.336e-06  1.387e-07 -9.605e-06 -2.262e-06 -9.313e-07 -6.785e-07
 6.637e-07  7.597e-06 -2.831e-06 -2.578e-06 -9.519e-07 -6.482e-07
-2.412e-06  1.349e-05  1.266e-06 -2.890e-06 -9.967e-07 -6.230e-07
-6.352e-07  1.751e-05  1.928e-06 -3.198e-06 -1.110e-06 -6.240e-07
 3.991e-06  1.966e-05  1.274e-06 -3.500e-06 -1.342e-06 -6.671e-07
 7.040e-06  1.985e-05  2.540e-06 -3.797e-06 -1.730e-06 -7.517e-07
 6.110e-06  1.878e-05  7.760e-06 -4.087e-06 -2.278e-06 -8.491e-07
 2.896e-06  1.818e-05  1.679e-05 -4.361e-06 -2.919e-06 -8.911e-07
 8.296e-07  1.970e-05  2.767e-05 -4.592e-06 -3.497e-06 -7.684e-07
 1.462e-06  2.323e-05  3.698e-05 -4.729e-06 -3.752e-06 -3.435e-07
 3.638e-06  2.660e-05  4.083e-05 -4.695e-06 -3.357e-06  5.116e-07
 5.899e-06  2.798e-05  3.789e-05 -4.397e-06 -1.994e-06  1.854e-06
 7.586e-06  2.698e-05  3.074e-05 -3.747e-06  5.006e-07  3.591e-06
 7.419e-06  2.321e-05  2.203e-05 -2.686e-06  3.997e-06  5.453e-06
 4.364e-06  1.850e-05  1.494e-05 -1.212e-06  8.056e-06  7.070e-06
-1.375e-06  1.377e-05  1.157e-05  6.248e-07  1.196e-05  8.002e-06
-7.801e-06  8.775e-06  1.149e-05  2.728e-06  1.466e-05  7.717e-06
-1.180e-05  3.181e-06  1.193e-05  4.938e-06  1.498e-05  5.868e-06
-1.089e-05 -2.188e-06  9.925e-06  7.042e-06  1.230e-05  2.717e-06
-5.086e-06 -5.526e-06  5.206e-06  8.823e-06  6.963e-06 -9.744e-07
 2.902e-06 -5.176e-06 -1.875e-07  1.013e-05  8.810e-08 -4.304e-06
 1.015e-05 -4.827e-07 -3.046e-06  1.090e-05 -6.729e-06 -6.406e-06
 1.405e-05  6.493e-06 -1.577e-06  1.121e-05 -1.176e-05 -6.689e-06
 1.388e-05  1.238e-05  2.231e-06  1.122e-05 -1.377e-05 -5.129e-06
 1.131e-05  1.325e-05  4.591e-06  1.112e-05 -1.254e-05 -2.354e-06
 9.696e-06  7.367e-06  2.890e-06  1.110e-05 -9.001e-06  5.364e-07
 1.191e-05 -2.020e-06 -2.144e-06  1.132e-05 -4.826e-06  2.422e-06
 1.808e-05 -8.801e-06 -7.756e-06  1.192e-05 -1.737e-06  2.693e-06
 2.569e-05 -7.868e-06 -1.146e-05  1.305e-05 -6.286e-07  1.480e-06
 3.083e-05  9.198e-07 -1.143e-05  1.490e-05 -1.093e-06 -5.124e-07
 3.135e-05  1.386e-05 -8.884e-06  1.759e-05 -1.788e-06 -2.470e-06
 2.852e-05  2.489e-05 -7.496e-06  2.100e-05 -1.453e-06 -3.907e-06
 2.515e-05  2.864e-05 -1.197e-05  2.447e-05  1.629e-07 -4.774e-06
 2.272e-05  2.322e-05 -2.335e-05  2.667e-05  2.194e-06 -5.158e-06
 2.009e-05  1.076e-05 -3.698e-05  2.561e-05  3.416e-06 -4.925e-06
 1.351e-05 -3.208e-06 -4.487e-05  1.909e-05  3.195e-06 -3.711e-06
-1.820e-06 -1.213e-05 -4.195e-05  5.456e-06  1.868e-06 -1.390e-06
-2.834e-05 -1.187e-05 -3.027e-05 -1.545e-05  3.690e-07  1.351e-06
-6.391e-05 -3.803e-06 -1.799e-05 -4.178e-05 -4.207e-07  2.965e-06
-1.010e-04  7.985e-06 -1.284e-05 -7.020e-05 -1.858e-07  1.844e-06
-1.286e-04  2.037e-05 -1.481e-05 -9.657e-05  7.239e-07 -2.341e-06
-1.404e-04  2.916e-05 -1.643e-05 -1.168e-04  1.731e-06 -7.825e-06
-1.329e-04  3.502e-05 -1.512e-05 -1.275e-04  2.477e-06 -1.150e-05
-1.147e-04  4.140e-05 -9.463e-06 -1.252e-04  2.786e-06 -1.116e-05
-8.815e-05  4.527e-05  1.339e-06 -1.044e-04  2.555e-06 -7.398e-06
-4.768e-05  4.130e-05  1.042e-05 -6.192e-05  2.020e-06 -2.712e-06
 2.322e-06  2.901e-05  1.855e-05 -1.157e-06  1.887e-06  1.145e-06
 6.073e-05  4.410e-06  2.944e-05  6.792e-05  2.678e-06  4.178e-06
 1.225e-04 -3.343e-05  3.979e-05  1.322e-04  4.046e-06  7.058e-06
 1.689e-04 -7.906e-05  4.948e-05  1.768e-04  5.158e-06  9.990e-06
 1.850e-04 -1.241e-04  5.955e-05  1.883e-04  5.356e-06  1.251e-05
 1.617e-04 -1.591e-04  6.547e-05  1.605e-04  4.217e-06  1.396e-05
 1.002e-04 -1.757e-04  6.226e-05  9.811e-05  1.708e-06  1.383e-05
 1.828e-05 -1.704e-04  4.796e-05  1.783e-05 -1.529e-06  1.190e-05
-6.227e-05 -1.405e-04  2.241e-05 -5.581e-05 -4.435e-06  8.351e-06
-1.141e-04 -9.033e-05 -1.242e-05 -9.875e-05 -6.074e-06  4.133e-06
-1.211e-04 -3.097e-05 -4.969e-05 -9.828e-05 -6.084e-06  6.547e-07
-8.400e-05  2.201e-05 -8.000e-05 -6.060e-05 -4.987e-06 -9.628e-07
-1.777e-05  5.433e-05 -9.327e-05 -8.166e-06 -3.970e-06 -6.507e-07
 4.998e-05  6.280e-05 -8.279e-05  3.218e-05 -4.138e-06  4.273e-07
 9.210e-05  5.305e-05 -5.040e-05  4.271e-05 -5.753e-06  4.896e-07
 9.456e-05  3.699e-05 -4.908e-06  2.354e-05 -7.865e-06 -1.797e-06
 6.086e-05  2.906e-05  3.766e-05 -8.480e-06 -8.652e-06 -6.353e-06
 9.505e-06  3.754e-05  6.156e-05 -3.112e-05 -6.467e-06 -1.142e-05
-3.205e-05  6.138e-05  6.043e-05 -3.171e-05 -1.123e-06 -1.431e-05
-4.301e-05  8.895e-05  3.988e-05 -1.475e-05  5.497e-06 -1.297e-05
-2.313e-05  1.057e-04  1.347e-05  3.474e-06  1.021e-05 -7.441e-06
 1.082e-05  1.008e-04 -5.073e-06  8.895e-06  1.048e-05 -3.280e-07
 3.642e-05  7.743e-05 -9.366e-06  6.233e-07  6.313e-06  4.617e-06
 3.680e-05  5.159e-05 -2.540e-06 -1.027e-05  7.024e-07  5.018e-06
 1.270e-05  4.030e-05  4.871e-06 -1.246e-05 -2.458e-06  1.748e-06
-1.898e-05  5.063e-05  5.138e-06 -5.069e-06 -1.464e-06 -1.654e-06
-3.731e-05  7.201e-05 -3.506e-07  3.086e-06  1.725e-06 -2.013e-06
-3.286e-05  8.367e-05 -5.996e-06  3.956e-06  3.429e-06  5.907e-07
-1.285e-05  7.008e-05 -5.436e-06 -1.310e-06  1.989e-06  3.130e-06
 5.864e-06  3.500e-05  1.280e-06 -5.090e-06 -7.098e-07  3.080e-06
 8.726e-06 -2.372e-06  6.944e-06 -3.011e-06 -1.775e-06  1.128e-06
-4.135e-06 -2.276e-05  5.099e-06  1.429e-06 -7.693e-07 -1.415e-07
-1.972e-05 -2.193e-05 -2.865e-06  2.471e-06  3.194e-07  2.867e-07
-2.474e-05 -1.520e-05 -1.114e-05 -2.309e-07  1.375e-07  1.037e-06
-1.553e-05 -2.106e-05 -1.267e-05 -2.056e-06 -5.451e-07  8.611e-07
-1.826e-06 -4.413e-05 -6.768e-06 -4.756e-07 -6.277e-07  2.631e-07
 3.286e-06 -7.082e-05  1.017e-06  1.806e-06 -3.077e-07  9.611e-08
-4.569e-06 -8.444e-05  4.725e-06  1.621e-06 -2.020e-07  1.578e-07
-1.712e-05 -8.231e-05  2.571e-06  5.105e-08 -2.183e-07  1.545e-08
-2.193e-05 -7.581e-05  1.610e-07  2.366e-08 -9.590e-08 -1.278e-07
-1.424e-05 -7.391e-05  1.835e-06  1.441e-06  6.419e-09 -8.784e-08
-2.168e-06 -7.514e-05  5.387e-06  1.896e-06 -3.615e-09 -9.325e-08
 5.376e-06 -7.243e-05  3.955e-06  1.007e-06  4.113e-08 -1.831e-07
 6.771e-06 -6.234e-05 -5.585e-06  6.561e-07  1.260e-07 -1.653e-07
 7.776e-06 -5.071e-05 -1.638e-05  1.343e-06  1.254e-07 -1.026e-07
 1.114e-05 -4.306e-05 -1.992e-05  1.609e-06  1.149e-07 -1.135e-07
 1.314e-05 -3.528e-05 -1.481e-05  1.028e-06  1.480e-07 -9.680e-08
 9.370e-06 -1.842e-05 -9.211e-06  7.436e-07  1.336e-07 -3.513e-08
 1.923e-06  4.301e-06 -9.590e-06  9.933e-07  8.850e-08 -2.838e-08
-3.476e-06  1.841e-05 -1.265e-05  8.680e-07  7.852e-08 -3.143e-08
-4.416e-06  1.985e-05 -1.213e-05  3.239e-07  5.432e-08  1.286e-09
-2.812e-06  2.240e-05 -8.961e-06  5.367e-08  7.617e-09  8.164e-09
-9.531e-07  3.580e-05 -7.770e-06 -4.897e-08 -9.060e-09  8.449e-09
 2.069e-06  5.069e-05 -7.316e-06 -3.972e-07 -2.065e-08  3.800e-08
 5.878e-06  5.703e-05 -2.205e-06 -7.228e-07 -4.329e-08  4.816e-08
 4.154e-06  5.377e-05  6.823e-06 -7.891e-07 -4.697e-08  4.492e-08
-4.071e-06  4.295e-05  1.351e-05 -8.236e-07 -5.126e-08  5.857e-08
-8.430e-06  2.844e-05  1.328e-05 -8.558e-07 -6.859e-08  6.102e-08
-4.977e-06  1.973e-05  6.238e-06 -7.398e-07 -7.664e-08  6.190e-08
 2.057e-06  2.077e-05 -1.258e-06 -5.506e-07 -8.636e-08  8.001e-08
 7.501e-06  2.529e-05 -3.408e-06 -3.566e-07 -1.007e-07  8.739e-08
 6.614e-06  2.713e-05 -2.210e-06 -1.090e-07 -1.044e-07  8.690e-08
 5.258e-07  2.691e-05  7.685e-07  1.759e-07 -1.099e-07  8.727e-08
-8.123e-06  2.776e-05  7.358e-06  4.555e-07 -1.186e-07  7.406e-08
-1.813e-05  2.707e-05  1.619e-05  7.185e-07 -1.226e-07  6.203e-08
-2.361e-05  2.099e-05  1.963e-05  9.371e-07 -1.314e-07  5.846e-08
-1.875e-05  1.206e-05  1.434e-05  1.073e-06 -1.402e-07  5.410e-08
-6.005e-06  4.722e-06  7.531e-06  1.103e-06 -1.431e-07  5.831e-08
 4.513e-06 -1.393e-06  4.904e-06  1.013e-06 -1.453e-07  6.473e-08
 7.303e-06 -6.686e-06  4.769e-06  8.080e-07 -1.403e-07  6.207e-08
 6.446e-06 -8.764e-06  5.703e-06  5.122e-07 -1.284e-07  5.432e-08
 6.103e-06 -8.801e-06  7.699e-06  1.624e-07 -1.132e-07  3.723e-08
 6.670e-06 -1.108e-05  8.662e-06 -2.001e-07 -9.005e-08  1.515e-08

#filename
RDEA.data
#dt   npts  dist   Az   Zcor VR
1.000  180 258.0  24.0   96  2.831e+01
#data T          R          Z    synth T          R          Z
 1.969e-05 -1.206e-05 -1.527e-05  3.137e-07  8.300e-08 -3.033e-07
 1.604e-05 -1.219e-05 -9.238e-06  3.008e-07  7.443e-08 -2.759e-07
 1.080e-05 -1.240e-05 -3.295e-06  2.722e-07  6.284e-08 -2.313e-07
 5.601e-06 -1.099e-05 -8.540e-07  2.252e-07  5.073e-08 -1.724e-07
 1.839e-06 -7.467e-06 -2.815e-06  1.585e-07  4.073e-08 -1.041e-07
 5.211e-07 -3.860e-06 -6.533e-06  7.449e-08  3.428e-08 -3.149e-08
 1.260e-06 -2.312e-06 -7.566e-06 -2.035e-08  3.074e-08  4.145e-08
 1.976e-06 -2.726e-06 -2.805e-06 -1.168e-07  2.763e-08  1.128e-07
 4.494e-07 -3.295e-06  7.182e-06 -2.062e-07  2.191e-08  1.820e-07
-3.793e-06 -3.294e-06  1.783e-05 -2.830e-07  1.154e-08  2.494e-07
-9.318e-06 -3.456e-06  2.306e-05 -3.452e-07 -3.608e-09  3.142e-07
-1.348e-05 -4.766e-06  1.997e-05 -3.942e-07 -2.188e-08  3.748e-07
-1.425e-05 -7.165e-06  1.032e-05 -4.330e-07 -4.067e-08  4.285e-07
-1.247e-05 -7.910e-06 -1.591e-06 -4.653e-07 -5.730e-08  4.727e-07
-1.159e-05 -2.952e-06 -1.128e-05 -4.934e-07 -6.937e-08  5.063e-07
-1.454e-05  8.544e-06 -1.537e-05 -5.175e-07 -7.511e-08  5.297e-07
-2.075e-05  2.187e-05 -1.272e-05 -5.354e-07 -7.400e-08  5.442e-07
-2.648e-05  2.974e-05 -5.368e-06 -5.439e-07 -6.749e-08  5.500e-07
-2.791e-05  2.757e-05  2.648e-06 -5.417e-07 -5.943e-08  5.448e-07
-2.426e-05  1.717e-05  7.319e-06 -5.313e-07 -5.595e-08  5.246e-07
-1.878e-05  6.110e-06  6.867e-06 -5.193e-07 -6.483e-08  4.852e-07
-1.597e-05  2.125e-06  3.084e-06 -5.136e-07 -9.383e-08  4.246e-07
-1.737e-05  6.923e-06  2.332e-07 -5.201e-07 -1.478e-07  3.438e-07
-2.024e-05  1.557e-05  1.681e-06 -5.376e-07 -2.254e-07  2.472e-07
-2.036e-05  2.120e-05  6.885e-06 -5.564e-07 -3.166e-07  1.432e-07
-1.553e-05  1.964e-05  1.171e-05 -5.589e-07 -4.046e-07  4.223e-08
-6.729e-06  1.146e-05  1.172e-05 -5.253e-07 -4.694e-07 -4.544e-08
 2.791e-06  1.153e-06  5.466e-06 -4.399e-07 -4.934e-07 -1.123e-07
 9.646e-06 -5.802e-06 -4.380e-06 -2.950e-07 -4.659e-07 -1.556e-07
 1.228e-05 -6.443e-06 -1.278e-05 -9.339e-08 -3.858e-07 -1.787e-07
 1.180e-05 -2.269e-06 -1.508e-05  1.522e-07 -2.630e-07 -1.900e-07
 1.104e-05  1.994e-06 -1.023e-05  4.203e-07 -1.175e-07 -2.015e-07
 1.205e-05  2.084e-06 -2.230e-06  6.840e-07  2.453e-08 -2.240e-07
 1.442e-05 -2.703e-06  2.804e-06  9.158e-07  1.367e-07 -2.640e-07
 1.600e-05 -9.119e-06  2.030e-06  1.093e-06  1.981e-07 -3.210e-07
 1.529e-05 -1.231e-05 -1.922e-06  1.202e-06  1.996e-07 -3.884e-07
 1.296e-05 -9.869e-06 -4.278e-06  1.240e-06  1.454e-07 -4.562e-07
 1.103e-05 -4.228e-06 -2.699e-06  1.220e-06  5.282e-08 -5.136e-07
 1.097e-05 -9.128e-07  1.374e-06  1.159e-06 -5.371e-08 -5.516e-07
 1.262e-05 -3.576e-06  4.577e-06  1.084e-06 -1.498e-07 -5.647e-07
 1.467e-05 -1.081e-05  4.267e-06  1.012e-06 -2.180e-07 -5.509e-07
 1.550e-05 -1.695e-05  5.924e-07  9.542e-07 -2.513e-07 -5.116e-07
 1.440e-05 -1.699e-05 -2.873e-06  9.066e-07 -2.510e-07 -4.500e-07
 1.191e-05 -1.119e-05 -2.110e-06  8.602e-07 -2.226e-07 -3.701e-07
 8.970e-06 -4.174e-06  3.502e-06  8.052e-07 -1.722e-07 -2.750e-07
 6.086e-06 -3.573e-07  1.061e-05  7.355e-07 -1.051e-07 -1.673e-07
 2.938e-06 -3.125e-07  1.453e-05  6.486e-07 -2.530e-08 -4.811e-08
-8.090e-07 -1.383e-06  1.313e-05  5.447e-07  6.427e-08  8.169e-08
-4.792e-06 -8.200e-07  7.749e-06  4.227e-07  1.614e-07  2.203e-07
-8.428e-06  2.204e-06  1.361e-06  2.789e-07  2.642e-07  3.643e-07
-1.144e-05  6.446e-06 -3.368e-06  1.068e-07  3.706e-07  5.083e-07
-1.381e-05  9.950e-06 -5.104e-06 -9.996e-08  4.785e-07  6.465e-07
-1.547e-05  1.185e-05 -3.710e-06 -3.448e-07  5.859e-07  7.733e-07
-1.596e-05  1.253e-05  2.765e-07 -6.250e-07  6.905e-07  8.838e-07
-1.457e-05  1.229e-05  5.319e-06 -9.311e-07  7.894e-07  9.731e-07
-1.130e-05  1.048e-05  9.045e-06 -1.249e-06  8.792e-07  1.037e-06
-7.573e-06  6.680e-06  9.416e-06 -1.561e-06  9.571e-07  1.074e-06
-5.464e-06  2.384e-06  6.119e-06 -1.856e-06  1.025e-06  1.088e-06
-5.852e-06  2.938e-07  9.015e-07 -2.123e-06  1.096e-06  1.090e-06
-7.462e-06  1.589e-06 -3.935e-06 -2.360e-06  1.197e-06  1.099e-06
-8.372e-06  4.643e-06 -7.414e-06 -2.569e-06  1.371e-06  1.132e-06
-7.859e-06  6.895e-06 -9.841e-06 -2.756e-06  1.666e-06  1.199e-06
-6.393e-06  6.807e-06 -1.198e-05 -2.929e-06  2.112e-06  1.292e-06
-4.488e-06  4.418e-06 -1.428e-05 -3.093e-06  2.698e-06  1.365e-06
-2.122e-06  5.338e-07 -1.660e-05 -3.253e-06  3.337e-06  1.336e-06
 4.830e-07 -3.966e-06 -1.871e-05 -3.402e-06  3.847e-06  1.082e-06
 2.191e-06 -7.843e-06 -1.968e-05 -3.522e-06  3.948e-06  4.620e-07
 2.212e-06 -1.059e-05 -1.744e-05 -3.575e-06  3.312e-06 -6.382e-07
 1.112e-06 -1.334e-05 -1.100e-05 -3.501e-06  1.655e-06 -2.234e-06
 9.539e-08 -1.686e-05 -2.686e-06 -3.228e-06 -1.114e-06 -4.169e-06
 4.517e-07 -1.998e-05  3.796e-06 -2.694e-06 -4.800e-06 -6.141e-06
 2.719e-06 -2.043e-05  6.884e-06 -1.856e-06 -9.001e-06 -7.826e-06
 6.098e-06 -1.754e-05  8.852e-06 -7.091e-07 -1.309e-05 -8.812e-06
 8.442e-06 -1.254e-05  1.175e-05  7.011e-07 -1.597e-05 -8.494e-06
 7.851e-06 -6.472e-06  1.486e-05  2.261e-06 -1.639e-05 -6.545e-06
 5.227e-06 -1.786e-07  1.661e-05  3.808e-06 -1.380e-05 -3.373e-06
 2.703e-06  5.668e-06  1.498e-05  5.184e-06 -8.578e-06  2.466e-07
 1.629e-06  1.129e-05  1.092e-05  6.272e-06 -1.662e-06  3.577e-06
 2.081e-06  1.588e-05  6.573e-06  7.019e-06  5.620e-06  5.858e-06
 2.795e-06  1.828e-05  4.516e-06  7.446e-06  1.161e-05  6.444e-06
 3.062e-06  1.636e-05  5.614e-06  7.643e-06  1.487e-05  5.136e-06
 3.485e-06  8.960e-06  8.586e-06  7.740e-06  1.474e-05  2.384e-06
 5.097e-06 -2.185e-06  1.037e-05  7.858e-06  1.168e-05 -7.716e-07
 7.963e-06 -1.253e-05  7.736e-06  8.077e-06  7.263e-06 -3.120e-06
 1.132e-05 -1.774e-05 -4.263e-08  8.416e-06  3.498e-06 -3.884e-06
 1.453e-05 -1.693e-05 -9.776e-06  8.855e-06  1.794e-06 -3.053e-06
 1.731e-05 -1.282e-05 -1.582e-05  9.396e-06  2.122e-06 -1.299e-06
 1.919e-05 -8.827e-06 -1.431e-05  1.012e-05  3.129e-06  4.797e-07
 1.946e-05 -5.743e-06 -6.084e-06  1.118e-05  3.174e-06  1.745e-06
 1.807e-05 -3.006e-06  3.165e-06  1.270e-05  1.587e-06  2.591e-06
 1.608e-05 -3.387e-07  6.793e-06  1.466e-05 -8.587e-07  3.456e-06
 1.481e-05  2.200e-06  2.118e-06  1.665e-05 -2.605e-06  4.539e-06
 1.509e-05  3.925e-06 -7.099e-06  1.788e-05 -2.572e-06  5.484e-06
 1.634e-05  4.482e-06 -1.420e-05  1.718e-05 -1.020e-06  5.639e-06
 1.592e-05  4.136e-06 -1.494e-05  1.330e-05  6.935e-07  4.647e-06
 1.071e-05  3.407e-06 -9.886e-06  5.273e-06  1.216e-06  2.894e-06
-7.619e-07  3.696e-06 -2.036e-06 -7.381e-06  8.061e-08  1.504e-06
-1.722e-05  7.255e-06  5.991e-06 -2.450e-05 -2.171e-06  1.734e-06
-3.562e-05  1.493e-05  1.290e-05 -4.499e-05 -4.309e-06  4.076e-06
-5.241e-05  2.520e-05  1.874e-05 -6.639e-05 -5.056e-06  7.755e-06
-6.395e-05  3.415e-05  2.333e-05 -8.521e-05 -3.917e-06  1.107e-05
-6.861e-05  3.818e-05  2.614e-05 -9.777e-05 -1.533e-06  1.245e-05
-6.843e-05  3.795e-05  2.786e-05 -1.002e-04  7.207e-07  1.174e-05
-6.371e-05  3.665e-05  2.839e-05 -8.845e-05  1.457e-06  1.018e-05
-5.166e-05  3.531e-05  2.498e-05 -6.089e-05 -1.580e-07  8.732e-06
-2.904e-05  3.024e-05  1.559e-05 -1.997e-05 -4.198e-06  6.812e-06
 4.688e-06  1.788e-05 -2.328e-06  2.955e-05 -1.001e-05  3.045e-06
 4.255e-05 -1.394e-06 -2.560e-05  8.116e-05 -1.637e-05 -3.440e-06
 7.503e-05 -2.597e-05 -4.534e-05  1.250e-04 -2.151e-05 -1.254e-05
 9.066e-05 -5.372e-05 -5.590e-05  1.493e-04 -2.330e-05 -2.322e-05
 8.386e-05 -7.820e-05 -5.448e-05  1.452e-04 -1.990e-05 -3.360e-05
 5.682e-05 -9.050e-05 -4.701e-05  1.103e-04 -1.069e-05 -4.109e-05
 1.591e-05 -8.573e-05 -3.993e-05  5.231e-05  3.297e-06 -4.287e-05
-2.728e-05 -6.155e-05 -3.489e-05 -1.226e-05  1.925e-05 -3.709e-05
-5.629e-05 -2.171e-05 -3.274e-05 -6.346e-05  3.312e-05 -2.389e-05
-6.152e-05  2.045e-05 -3.304e-05 -8.611e-05  4.089e-05 -5.614e-06
-4.333e-05  5.562e-05 -3.124e-05 -7.590e-05  4.003e-05  1.360e-05
-1.230e-05  7.385e-05 -2.309e-05 -4.093e-05  3.037e-05  2.902e-05
 1.515e-05  6.825e-05 -4.320e-06  1.178e-06  1.458e-05  3.682e-05
 2.624e-05  4.733e-05  2.202e-05  3.043e-05 -2.457e-06  3.545e-05
 1.927e-05  2.139e-05  4.718e-05  3.460e-05 -1.539e-05  2.638e-05
 3.653e-06  2.593e-06  6.223e-05  1.604e-05 -2.057e-05  1.371e-05
-6.320e-06 -6.498e-06  6.311e-05 -1.052e-05 -1.773e-05  2.526e-06
-2.454e-06 -1.128e-05  5.239e-05 -2.771e-05 -1.009e-05 -3.378e-06
 1.197e-05 -1.767e-05  3.755e-05 -2.659e-05 -2.677e-06 -3.258e-06
 2.510e-05 -2.752e-05  2.384e-05 -1.167e-05  5.010e-07  4.161e-07
 2.678e-05 -3.487e-05  1.427e-05  3.753e-06 -1.329e-06  3.594e-06
 1.670e-05 -3.592e-05  1.086e-05  8.378e-06 -5.483e-06  3.278e-06
 3.072e-06 -2.817e-05  1.176e-05  1.416e-06 -7.914e-06 -5.132e-07
-5.393e-06 -1.333e-05  1.280e-05 -8.224e-06 -6.300e-06 -4.954e-06
-5.270e-06  1.818e-06  1.188e-05 -1.092e-05 -1.791e-06 -6.758e-06
 8.988e-08  9.953e-06  8.395e-06 -5.047e-06  2.103e-06 -4.942e-06
 4.341e-06  7.742e-06  2.062e-06  2.592e-06  2.707e-06 -1.625e-06
 2.359e-06  2.249e-07 -4.695e-06  4.623e-06  5.770e-07  8.110e-08
-5.229e-06 -3.865e-06 -9.191e-06  6.367e-07 -1.306e-06 -8.599e-07
-1.309e-05  1.034e-06 -8.274e-06 -3.396e-06 -8.314e-07 -2.572e-06
-1.453e-05  1.037e-05 -1.403e-06 -2.592e-06  1.114e-06 -2.671e-06
-8.077e-06  1.611e-05  6.977e-06  1.491e-06  2.121e-06 -1.056e-06
 4.607e-07  1.189e-05  1.298e-05  3.661e-06  1.365e-06  3.503e-07
 4.318e-06  1.311e-06  1.617e-05  1.913e-06  2.694e-07  3.631e-07
 1.553e-06 -7.318e-06  1.739e-05 -5.683e-07  1.649e-07 -1.684e-07
-3.401e-06 -7.141e-06  1.435e-05 -3.043e-07  6.143e-07 -8.113e-08
-5.256e-06  1.371e-06  4.268e-06  1.839e-06  6.118e-07  4.117e-07
-1.803e-06  9.023e-06 -1.003e-05  2.524e-06  2.133e-07  5.445e-07
 3.940e-06  8.757e-06 -2.248e-05  9.929e-07  3.309e-08  3.807e-07
 6.104e-06  1.770e-06 -2.824e-05 -2.710e-07  6.780e-08  3.746e-07
 2.149e-06 -1.301e-06 -2.685e-05  2.723e-07 -1.386e-08  4.356e-07
-3.559e-06  3.661e-06 -2.111e-05  1.084e-06 -1.372e-07  3.229e-07
-4.361e-06  1.126e-05 -1.666e-05  4.935e-07 -1.263e-07  1.993e-07
 9.861e-07  1.330e-05 -1.707e-05 -5.987e-07 -1.030e-07  1.909e-07
 7.648e-06  5.942e-06 -2.051e-05 -6.061e-07 -1.446e-07  1.358e-07
 8.819e-06 -3.672e-06 -2.050e-05  1.569e-08 -1.388e-07  2.122e-08
 3.645e-06 -7.388e-06 -1.149e-05 -6.395e-08 -9.446e-08 -1.415e-08
-2.274e-06 -3.266e-06  9.841e-07 -5.841e-07 -9.005e-08 -2.712e-08
-2.740e-06  1.212e-06  7.116e-06 -4.732e-07 -7.122e-08 -9.456e-08
 3.006e-06  3.747e-07  2.555e-06  5.210e-08 -1.614e-08 -1.314e-07
 8.262e-06 -4.399e-06 -7.446e-06  1.448e-07  9.028e-09 -1.323e-07
 7.119e-06 -6.952e-06 -1.550e-05  3.039e-08  2.756e-08 -1.667e-07
 9.239e-07 -4.761e-06 -1.895e-05  3.159e-07  7.680e-08 -1.901e-07
-4.562e-06  1.679e-06 -1.961e-05  7.003e-07  1.105e-07 -1.789e-07
-7.012e-06  8.720e-06 -1.793e-05  7.520e-07  1.317e-07 -1.871e-07
-8.733e-06  1.146e-05 -1.189e-05  7.554e-07  1.761e-07 -1.954e-07
-1.232e-05  9.018e-06 -2.950e-06  8.931e-07  2.124e-07 -1.811e-07
-1.610e-05  6.389e-06  6.461e-06  8.651e-07  2.306e-07 -1.800e-07
-1.663e-05  8.070e-06  1.219e-05  6.380e-07  2.537e-07 -1.780e-07
-1.304e-05  1.083e-05  1.360e-05  4.335e-07  2.618e-07 -1.556e-07
-8.526e-06  8.673e-06  1.302e-05  2.108e-07  2.487e-07 -1.411e-07
-9.098e-06  4.462e-06  1.382e-05 -9.327e-08  2.334e-07 -1.266e-07
-1.593e-05  4.521e-06  1.861e-05 -3.611e-07  2.050e-07 -1.004e-07
-2.119e-05  8.854e-06  2.359e-05 -5.563e-07  1.640e-07 -8.393e-08
-1.698e-05  1.085e-05  2.124e-05 -7.048e-07  1.237e-07 -6.805e-08
-6.182e-06  8.638e-06  1.109e-05 -7.648e-07  7.545e-08 -4.525e-08
 2.224e-06  5.872e-06  1.758e-06 -7.161e-07  2.353e-08 -2.753e-08
 3.217e-06  4.004e-06  2.577e-07 -5.793e-07 -2.155e-08 -3.986e-09
 1.230e-06  1.437e-06  4.877e-06 -3.660e-07 -6.411e-08  2.498e-08
 3.179e-06 -4.037e-06  6.629e-06 -9.809e-08 -9.693e-08  4.828e-08
 9.909e-06 -1.159e-05  2.348e-06  1.851e-07 -1.163e-07  7.481e-08
 1.618e-05 -1.807e-05 -2.214e-06  4.431e-07 -1.289e-07  1.018e-07
 1.735e-05 -1.804e-05 -1.373e-06  6.374e-07 -1.319e-07  1.237e-07
 1.575e-05 -1.215e-05  5.078e-06  7.358e-07 -1.277e-07  1.446e-07

#filename
NBC4.data
#dt   npts  dist   Az   Zcor VR
1.000  180 270.0 300.0   98 -3.731e+00
#data T          R          Z    synth T          R          Z
-4.969e-06 -1.665e-05  1.016e-07 -1.314e-08 -2.518e-08  6.228e-08
-4.652e-06 -1.151e-05 -7.413e-06  4.131e-08 -3.186e-09 -1.220e-08
 3.039e-06 -5.090e-06 -1.071e-05  1.014e-07  1.657e-08 -9.704e-08
 1.169e-05 -4.144e-07 -7.848e-06  1.607e-07  3.337e-08 -1.855e-07
 1.455e-05  1.143e-06 -1.624e-07  2.138e-07  4.818e-08 -2.702e-07
 9.351e-06  1.388e-08  7.852e-06  2.577e-07  6.250e-08 -3.456e-07
-1.386e-07 -2.327e-06  1.078e-05  2.925e-07  7.688e-08 -4.090e-07
-7.551e-06 -4.122e-06  6.287e-06  3.208e-07  9.043e-08 -4.597e-07
-8.755e-06 -4.075e-06 -2.904e-06  3.465e-07  1.014e-07 -4.970e-07
-4.082e-06 -1.969e-06 -1.068e-05  3.739e-07  1.083e-07 -5.197e-07
 2.718e-06  1.015e-06 -1.159e-05  4.046e-07  1.103e-07 -5.281e-07
 7.379e-06  2.331e-06 -5.165e-06  4.361e-07  1.084e-07 -5.255e-07
 7.392e-06  1.685e-07  3.705e-06  4.603e-07  1.056e-07 -5.185e-07
 3.515e-06 -4.544e-06  8.969e-06  4.645e-07  1.067e-07 -5.135e-07
-7.093e-07 -8.879e-06  8.199e-06  4.352e-07  1.176e-07 -5.125e-07
-2.584e-06 -1.030e-05  4.200e-06  3.628e-07  1.441e-07 -5.117e-07
-3.069e-06 -8.247e-06  1.645e-06  2.474e-07  1.903e-07 -5.023e-07
-4.702e-06 -4.092e-06  2.405e-06  1.010e-07  2.563e-07 -4.741e-07
-7.005e-06 -9.590e-09  4.510e-06 -5.313e-08  3.349e-07 -4.198e-07
-6.711e-06  2.410e-06  4.538e-06 -1.876e-07  4.110e-07 -3.370e-07
-2.346e-06  3.221e-06  6.395e-07 -2.792e-07  4.650e-07 -2.284e-07
 3.104e-06  3.732e-06 -5.721e-06 -3.158e-07  4.786e-07 -1.009e-07
 4.931e-06  5.439e-06 -1.053e-05 -2.979e-07  4.408e-07  3.706e-08
 1.708e-06  8.858e-06 -1.037e-05 -2.378e-07  3.519e-07  1.761e-07
-3.276e-06  1.273e-05 -5.003e-06 -1.562e-07  2.235e-07  3.068e-07
-5.713e-06  1.488e-05  2.058e-06 -7.768e-08  7.572e-08  4.209e-07
-4.839e-06  1.331e-05  6.152e-06 -2.593e-08 -6.670e-08  5.131e-07
-3.665e-06  7.313e-06  5.814e-06 -1.899e-08 -1.792e-07  5.827e-07
-5.240e-06 -9.499e-07  4.091e-06 -6.593e-08 -2.420e-07  6.330e-07
-9.523e-06 -7.434e-06  4.652e-06 -1.652e-07 -2.443e-07  6.683e-07
-1.405e-05 -9.200e-06  7.123e-06 -3.048e-07 -1.877e-07  6.908e-07
-1.595e-05 -6.765e-06  7.628e-06 -4.636e-07 -8.666e-08  7.006e-07
-1.319e-05 -3.294e-06  4.095e-06 -6.163e-07  3.470e-08  6.972e-07
-6.023e-06 -1.254e-06 -9.512e-07 -7.383e-07  1.491e-07  6.801e-07
 1.871e-06 -5.563e-07 -3.785e-06 -8.133e-07  2.346e-07  6.496e-07
 5.426e-06 -4.358e-07 -3.690e-06 -8.368e-07  2.810e-07  6.050e-07
 2.864e-06 -1.477e-06 -3.029e-06 -8.151e-07  2.897e-07  5.445e-07
-2.121e-06 -3.897e-06 -4.002e-06 -7.604e-07  2.686e-07  4.661e-07
-4.240e-06 -5.886e-06 -6.127e-06 -6.844e-07  2.267e-07  3.689e-07
-1.992e-06 -5.201e-06 -6.690e-06 -5.959e-07  1.712e-07  2.539e-07
 1.660e-06 -2.433e-06 -3.977e-06 -4.999e-07  1.072e-07  1.242e-07
 3.419e-06 -1.014e-06  3.809e-08 -3.988e-07  3.796e-08 -1.583e-08
 2.648e-06 -3.241e-06  1.009e-06 -2.941e-07 -3.487e-08 -1.632e-07
 5.438e-07 -7.376e-06 -2.560e-06 -1.861e-07 -1.118e-07 -3.171e-07
-1.253e-06 -9.283e-06 -6.521e-06 -7.423e-08 -1.956e-07 -4.778e-07
-1.433e-06 -6.896e-06 -5.486e-06  4.328e-08 -2.901e-07 -6.431e-07
-1.703e-07 -1.620e-06  1.017e-06  1.700e-07 -3.996e-07 -8.066e-07
 1.594e-07  4.092e-06  8.130e-06  3.102e-07 -5.260e-07 -9.595e-07
-2.153e-06  7.981e-06  1.079e-05  4.675e-07 -6.673e-07 -1.094e-06
-5.296e-06  8.346e-06  7.651e-06  6.430e-07 -8.170e-07 -1.204e-06
-5.401e-06  5.552e-06  5.064e-07  8.333e-07 -9.652e-07 -1.287e-06
-1.413e-07  2.327e-06 -7.359e-06  1.031e-06 -1.101e-06 -1.340e-06
 9.049e-06  1.970e-06 -1.222e-05  1.227e-06 -1.214e-06 -1.361e-06
 1.785e-05  4.874e-06 -1.113e-05  1.412e-06 -1.305e-06 -1.355e-06
 2.213e-05  7.555e-06 -4.944e-06  1.581e-06 -1.386e-06 -1.333e-06
 2.027e-05  7.162e-06  5.573e-07  1.733e-06 -1.496e-06 -1.316e-06
 1.343e-05  5.678e-06 -5.289e-07  1.872e-06 -1.693e-06 -1.330e-06
 5.015e-06  7.137e-06 -8.058e-06  2.004e-06 -2.046e-06 -1.393e-06
-6.176e-07  1.187e-05 -1.555e-05  2.133e-06 -2.603e-06 -1.500e-06
-1.383e-06  1.629e-05 -1.649e-05  2.259e-06 -3.356e-06 -1.606e-06
 7.763e-07  1.723e-05 -9.507e-06  2.376e-06 -4.202e-06 -1.610e-06
 2.379e-06  1.442e-05  2.257e-06  2.465e-06 -4.907e-06 -1.355e-06
 1.576e-06  8.863e-06  1.430e-05  2.499e-06 -5.104e-06 -6.472e-07
-2.970e-07  1.450e-06  2.304e-05  2.441e-06 -4.350e-06  6.858e-07
 2.433e-07 -7.510e-06  2.677e-05  2.249e-06 -2.241e-06  2.705e-06
 4.930e-06 -1.788e-05  2.570e-05  1.890e-06  1.402e-06  5.269e-06
 1.111e-05 -2.861e-05  2.136e-05  1.349e-06  6.405e-06  8.026e-06
 1.476e-05 -3.725e-05  1.542e-05  6.326e-07  1.219e-05  1.043e-05
 1.491e-05 -3.994e-05  8.864e-06 -2.350e-07  1.761e-05  1.169e-05
 1.332e-05 -3.406e-05  2.576e-06 -1.208e-06  2.101e-05  1.096e-05
 1.120e-05 -2.204e-05 -2.474e-06 -2.209e-06  2.100e-05  8.108e-06
 6.923e-06 -9.159e-06 -6.234e-06 -3.145e-06  1.729e-05  3.778e-06
-2.692e-06  2.435e-06 -8.697e-06 -3.929e-06  1.046e-05 -1.146e-06
-1.687e-05  1.265e-05 -9.759e-06 -4.510e-06  1.554e-06 -5.711e-06
-3.047e-05  2.227e-05 -1.063e-05 -4.882e-06 -7.775e-06 -8.796e-06
-3.773e-05  3.042e-05 -1.168e-05 -5.086e-06 -1.546e-05 -9.495e-06
-3.700e-05  3.434e-05 -1.112e-05 -5.198e-06 -1.965e-05 -7.580e-06
-3.071e-05  3.138e-05 -6.286e-06 -5.299e-06 -1.940e-05 -3.698e-06
-2.220e-05  2.118e-05  3.746e-06 -5.452e-06 -1.521e-05  7.514e-07
-1.509e-05  7.384e-06  1.449e-05 -5.695e-06 -9.046e-06  4.175e-06
-1.218e-05 -4.558e-06  1.948e-05 -6.036e-06 -3.605e-06  5.479e-06
-1.413e-05 -9.763e-06  1.576e-05 -6.480e-06 -8.913e-07  4.507e-06
-1.772e-05 -8.207e-06  6.060e-06 -7.053e-06 -1.133e-06  2.036e-06
-1.764e-05 -5.234e-06 -2.970e-06 -7.807e-06 -2.768e-06 -7.401e-07
-1.169e-05 -6.555e-06 -6.269e-06 -8.789e-06 -3.608e-06 -2.925e-06
-3.237e-06 -1.171e-05 -4.243e-06 -9.963e-06 -2.406e-06 -4.334e-06
 1.741e-06 -1.378e-05 -1.931e-06 -1.112e-05  2.814e-07 -5.304e-06
-1.773e-08 -6.252e-06 -3.688e-06 -1.184e-05  2.608e-06 -6.079e-06
-5.944e-06  8.865e-06 -8.887e-06 -1.148e-05  2.983e-06 -6.355e-06
-9.093e-06  2.109e-05 -1.306e-05 -9.362e-06  1.422e-06 -5.439e-06
-2.700e-06  2.128e-05 -1.258e-05 -4.981e-06 -5.239e-07 -2.922e-06
 1.426e-05  1.025e-05 -8.651e-06  1.694e-06 -1.153e-06  5.722e-07
 3.563e-05 -1.571e-06 -6.024e-06  1.016e-05  1.785e-07  3.221e-06
 5.195e-05 -4.179e-06 -8.918e-06  1.973e-05  2.872e-06  2.897e-06
 5.883e-05  4.029e-06 -1.803e-05  2.986e-05  5.522e-06 -1.249e-06
 5.912e-05  1.654e-05 -2.854e-05  4.002e-05  6.658e-06 -7.752e-06
 5.793e-05  2.602e-05 -3.373e-05  4.922e-05  5.722e-06 -1.350e-05
 5.888e-05  2.892e-05 -3.080e-05  5.637e-05  3.524e-06 -1.579e-05
 5.981e-05  2.558e-05 -2.259e-05  6.050e-05  1.389e-06 -1.395e-05
 5.303e-05  1.783e-05 -1.563e-05  5.968e-05  6.952e-08 -9.728e-06
 3.441e-05  5.860e-06 -1.510e-05  5.063e-05 -2.284e-07 -5.957e-06
 7.984e-06 -1.314e-05 -1.343e-05  3.114e-05  7.687e-07 -4.032e-06
-2.098e-05 -4.136e-05 -5.058e-06  2.104e-06  3.413e-06 -2.842e-06
-5.321e-05 -7.143e-05  1.191e-05 -3.325e-05  7.630e-06 -3.257e-07
-7.819e-05 -9.762e-05  3.597e-05 -6.970e-05  1.263e-05  4.747e-06
-8.359e-05 -1.122e-04  6.051e-05 -9.932e-05  1.683e-05  1.240e-05
-6.581e-05 -1.043e-04  8.361e-05 -1.133e-04  1.808e-05  2.174e-05
-2.777e-05 -7.114e-05  1.057e-04 -1.050e-04  1.466e-05  3.096e-05
 1.249e-05 -1.810e-05  1.208e-04 -7.352e-05  6.309e-06  3.716e-05
 3.303e-05  4.481e-05  1.153e-04 -2.594e-05 -5.609e-06  3.729e-05
 2.387e-05  1.003e-04  8.061e-05  2.351e-05 -1.826e-05  3.003e-05
-8.604e-06  1.300e-04  1.895e-05  5.963e-05 -2.805e-05  1.653e-05
-4.557e-05  1.255e-04 -5.628e-05  7.218e-05 -3.210e-05  2.699e-08
-6.983e-05  9.177e-05 -1.236e-04  5.932e-05 -2.910e-05 -1.526e-05
-6.917e-05  4.098e-05 -1.624e-04  2.870e-05 -1.969e-05 -2.546e-05
-4.408e-05 -1.508e-05 -1.570e-04 -5.097e-06 -6.714e-06 -2.821e-05
-4.481e-06 -6.463e-05 -1.115e-04 -2.682e-05  5.473e-06 -2.346e-05
 3.163e-05 -9.127e-05 -4.733e-05 -2.826e-05  1.270e-05 -1.381e-05
 4.949e-05 -8.451e-05  9.520e-06 -1.232e-05  1.280e-05 -3.714e-06
 4.533e-05 -5.124e-05  4.400e-05  9.224e-06  6.887e-06  2.350e-06
 2.842e-05 -1.187e-05  5.575e-05  2.300e-05 -9.487e-07  2.061e-06
 9.600e-06  1.462e-05  5.141e-05  2.213e-05 -5.652e-06 -3.432e-06
-4.437e-06  2.328e-05  3.892e-05  9.990e-06 -4.085e-06 -1.000e-05
-1.182e-05  2.183e-05  2.573e-05 -3.133e-06  2.938e-06 -1.281e-05
-1.082e-05  1.940e-05  1.658e-05 -8.008e-06  1.094e-05 -9.253e-06
-4.675e-06  2.245e-05  1.013e-05 -3.156e-06  1.453e-05 -8.830e-07
 1.228e-06  2.849e-05  1.869e-06  4.987e-06  1.109e-05  7.407e-06
 1.040e-06  2.857e-05 -6.898e-06  8.350e-06  2.915e-06  1.061e-05
-3.778e-06  1.535e-05 -1.019e-05  4.378e-06 -4.302e-06  7.280e-06
-7.761e-06 -5.932e-06 -4.637e-06 -2.375e-06 -5.780e-06  8.255e-07
-6.366e-06 -1.771e-05  5.151e-06 -5.404e-06 -1.605e-06 -3.200e-06
-4.204e-07 -9.578e-06  1.143e-05 -2.809e-06  3.408e-06 -1.849e-06
 6.062e-06  9.554e-06  8.101e-06  1.431e-06  4.266e-06  2.613e-06
 9.526e-06  2.399e-05 -3.355e-06  2.398e-06  6.238e-07  5.155e-06
 9.368e-06  2.773e-05 -1.269e-05 -3.619e-07 -3.226e-06  3.316e-06
 8.760e-06  2.287e-05 -1.276e-05 -2.994e-06 -3.414e-06 -3.780e-07
 1.146e-05  1.664e-05 -6.373e-06 -2.412e-06 -7.375e-07 -1.841e-06
 1.723e-05  1.315e-05 -1.508e-06  1.504e-07  1.030e-06 -4.121e-07
 2.208e-05  9.017e-06 -2.420e-06  1.277e-06  2.450e-07  1.045e-06
 1.840e-05 -6.630e-07 -5.445e-06 -6.042e-09 -1.112e-06  5.777e-07
 5.186e-06 -1.491e-05 -5.250e-06 -1.355e-06 -1.021e-06 -5.814e-07
-8.792e-06 -2.317e-05 -5.122e-07 -7.588e-07 -1.224e-07 -7.094e-07
-1.340e-05 -1.789e-05  4.766e-06  7.351e-07  1.351e-07 -2.038e-07
-8.019e-06 -2.418e-06  7.079e-06  9.522e-07 -1.135e-07 -1.628e-07
-2.216e-06  1.188e-05  6.184e-06 -1.093e-07 -5.862e-08 -3.753e-07
-3.450e-06  1.412e-05  3.473e-06 -6.272e-07  1.569e-07 -2.352e-07
-6.698e-06  5.167e-06  1.566e-06 -2.904e-09  1.055e-07 -2.416e-08
-2.956e-06 -5.511e-06  2.660e-06  4.265e-07  1.607e-08 -6.492e-08
 7.720e-06 -8.827e-06  5.798e-06 -1.532e-07  9.482e-08 -4.313e-08
 1.507e-05 -6.931e-06  5.835e-06 -7.905e-07  9.698e-08  1.415e-07
 1.129e-05 -8.490e-06 -7.929e-07 -6.353e-07 -1.743e-08  1.889e-07
-1.347e-06 -1.544e-05 -9.389e-06 -3.355e-07 -4.725e-08  1.470e-07
-9.358e-06 -1.994e-05 -1.246e-05 -6.209e-07 -6.200e-08  2.237e-07
-5.247e-06 -1.304e-05 -7.476e-06 -9.771e-07 -1.629e-07  2.819e-07
 2.869e-06  2.208e-07 -2.510e-06 -7.797e-07 -2.171e-07  2.462e-07
 3.417e-06  6.608e-06 -2.779e-06 -4.359e-07 -2.123e-07  2.713e-07
-3.212e-06 -2.987e-08 -4.013e-06 -4.121e-07 -2.552e-07  3.156e-07
-6.699e-06 -1.029e-05 -2.008e-06 -3.561e-07 -2.809e-07  2.786e-07
-2.965e-07 -1.370e-05  2.801e-06  9.841e-09 -2.486e-07  2.584e-07
 7.064e-06 -1.126e-05  7.863e-06  3.174e-07 -2.442e-07  2.631e-07
 4.565e-06 -1.166e-05  1.181e-05  3.860e-07 -2.419e-07  2.108e-07
-4.706e-06 -1.580e-05  1.446e-05  4.856e-07 -1.918e-07  1.637e-07
-7.012e-06 -1.479e-05  1.288e-05  6.216e-07 -1.498e-07  1.455e-07
 1.904e-06 -5.306e-06  5.086e-06  5.721e-07 -1.118e-07  9.383e-08
 1.084e-05  6.763e-07 -3.272e-06  4.138e-07 -4.597e-08  4.720e-08
 8.032e-06 -3.883e-06 -5.421e-06  2.826e-07  2.716e-09  2.471e-08
-1.738e-07 -1.195e-05 -2.165e-06  1.031e-07  3.223e-08 -1.908e-08
-1.164e-06 -1.173e-05  1.098e-06 -1.254e-07  6.655e-08 -5.497e-08
-7.615e-08 -2.686e-06  2.450e-07 -3.034e-07  7.918e-08 -7.391e-08
-8.574e-06  2.954e-06 -4.147e-06 -4.294e-07  7.857e-08 -1.111e-07
-2.109e-05  4.347e-07 -1.088e-05 -5.114e-07  8.372e-08 -1.400e-07
-1.907e-05 -3.009e-06 -1.653e-05 -5.095e-07  7.620e-08 -1.564e-07
-2.373e-06 -4.110e-06 -1.615e-05 -4.212e-07  6.770e-08 -1.850e-07
 1.031e-05 -3.820e-06 -8.858e-06 -2.668e-07  6.905e-08 -2.047e-07
 1.415e-05 -7.216e-07  2.016e-06 -6.279e-08  6.654e-08 -2.169e-07
 1.726e-05  6.828e-06  1.262e-05  1.568e-07  7.206e-08 -2.299e-07
 1.533e-05  8.972e-06  1.954e-05  3.517e-07  8.756e-08 -2.227e-07
 9.152e-07  2.042e-06  1.758e-05  4.916e-07  1.006e-07 -2.051e-07
-1.346e-05 -1.096e-06  8.020e-06  5.553e-07  1.160e-07 -1.850e-07
-1.593e-05  8.568e-06  3.650e-07  5.316e-07  1.260e-07 -1.554e-07
