CMT Inversion Depth Analysis for Alberta Fox Creek M4.2
30 3.054e+01
4 -165 84 272 -7 75
30 3.054e+01
4 -165 84 272 -7 75
30 3.054e+01
4 -165 84 272 -7 75
30 3.054e+01
4 -165 84 272 -7 75
30 3.054e+01
4 -165 84 272 -7 75
30 3.054e+01
4 -165 84 272 -7 75
30 3.054e+01
4 -165 84 272 -7 75
30 3.054e+01
4 -165 84 272 -7 75
30 3.054e+01
4 -165 84 272 -7 75
30 3.054e+01
4 -165 84 272 -7 75
30 3.054e+01
4 -165 84 272 -7 75
30 3.054e+01
4 -165 84 272 -7 75
30 3.054e+01
4 -165 84 272 -7 75
30 3.054e+01
4 -165 84 272 -7 75
30 3.054e+01
4 -165 84 272 -7 75
30 3.054e+01
4 -165 84 272 -7 75
30 3.054e+01
4 -165 84 272 -7 75
30 3.054e+01
4 -165 84 272 -7 75
30 3.054e+01
4 -165 84 272 -7 75
30 3.054e+01
4 -165 84 272 -7 75
30 3.054e+01
4 -165 84 272 -7 75
30 3.054e+01
4 -165 84 272 -7 75
30 3.054e+01
4 -165 84 272 -7 75
30 3.054e+01
4 -165 84 272 -7 75
30 3.054e+01
4 -165 84 272 -7 75
30 3.054e+01
4 -165 84 272 -7 75
30 3.054e+01
4 -165 84 272 -7 75
30 3.054e+01
4 -165 84 272 -7 75
30 3.054e+01
4 -165 84 272 -7 75
30 3.054e+01
4 -165 84 272 -7 75
