#depth variance  VR       nsta
 25  1.061e-09  2.126e+00   4
#mxx        mxy        mxz        myy        myz        mzz
 3.136e+22  3.435e+22  2.424e+22  2.111e+23 -6.499e+22  2.034e+23
#st1 rk1 dp1 st2 rk2 dp2
 43  42  71 297 155  51
#pdc pclvd piso
 41   5  54

#filename
TD002.data
#dt   npts  dist   Az   Zcor VR
1.000  180 206.0 123.0   68  1.406e+00
#data T          R          Z    synth T          R          Z
 1.086e-05 -5.426e-06  2.255e-06  5.251e-06 -6.934e-07 -9.879e-07
 5.503e-06 -2.248e-06  4.401e-06  6.659e-06 -2.222e-07 -1.458e-06
-2.753e-06  1.267e-06  3.409e-06  8.031e-06  1.456e-07 -1.777e-06
-8.304e-06  6.209e-06 -7.880e-07  9.186e-06  4.022e-07 -2.069e-06
-6.284e-06  1.264e-05 -6.333e-06  9.885e-06  6.315e-07 -2.278e-06
 2.890e-06  1.906e-05 -1.088e-05  9.878e-06  8.248e-07 -2.401e-06
 1.355e-05  2.232e-05 -1.277e-05  8.969e-06  1.051e-06 -2.458e-06
 1.910e-05  1.961e-05 -1.157e-05  7.095e-06  1.296e-06 -2.376e-06
 1.680e-05  1.204e-05 -8.449e-06  4.369e-06  1.497e-06 -2.248e-06
 8.888e-06  4.939e-06 -5.852e-06  1.076e-06  1.652e-06 -2.139e-06
-6.798e-07  2.901e-06 -6.419e-06 -2.412e-06  1.703e-06 -2.075e-06
-8.578e-06  5.749e-06 -1.109e-05 -5.730e-06  1.625e-06 -2.091e-06
-1.236e-05  8.637e-06 -1.737e-05 -8.571e-06  1.426e-06 -2.102e-06
-1.082e-05  6.190e-06 -2.014e-05 -1.071e-05  1.147e-06 -2.020e-06
-5.239e-06 -2.176e-06 -1.572e-05 -1.200e-05  8.643e-07 -1.765e-06
 5.188e-08 -1.118e-05 -5.009e-06 -1.242e-05  5.935e-07 -1.343e-06
 1.822e-07 -1.400e-05  7.087e-06 -1.195e-05  3.209e-07 -8.965e-07
-5.346e-06 -8.095e-06  1.424e-05 -1.057e-05  3.523e-08 -5.585e-07
-1.102e-05  2.362e-06  1.326e-05 -8.302e-06 -2.732e-07 -3.783e-07
-1.043e-05  9.729e-06  6.761e-06 -5.218e-06 -6.001e-07 -2.896e-07
-3.059e-06  9.800e-06  1.378e-07 -1.448e-06 -9.389e-07 -1.711e-07
 5.171e-06  4.992e-06 -2.657e-06  2.764e-06 -1.258e-06  7.927e-08
 7.243e-06  2.535e-07 -6.250e-07  7.051e-06 -1.523e-06  5.148e-07
 8.313e-07 -2.376e-06  3.972e-06  1.096e-05 -1.732e-06  1.072e-06
-1.030e-05 -4.466e-06  6.813e-06  1.401e-05 -1.897e-06  1.585e-06
-1.923e-05 -7.367e-06  5.309e-06  1.577e-05 -2.023e-06  1.900e-06
-2.121e-05 -1.020e-05  1.143e-06  1.592e-05 -2.098e-06  1.995e-06
-1.776e-05 -1.176e-05 -1.876e-06  1.437e-05 -2.103e-06  1.978e-06
-1.437e-05 -1.192e-05 -2.287e-06  1.123e-05 -2.018e-06  1.970e-06
-1.367e-05 -1.144e-05 -1.308e-06  6.804e-06 -1.827e-06  2.022e-06
-1.353e-05 -1.059e-05  6.699e-07  1.498e-06 -1.528e-06  2.117e-06
-1.140e-05 -8.371e-06  4.061e-06 -4.221e-06 -1.131e-06  2.198e-06
-7.403e-06 -3.481e-06  7.584e-06 -9.797e-06 -6.613e-07  2.195e-06
-3.792e-06  3.762e-06  8.653e-06 -1.463e-05 -1.614e-07  2.073e-06
-2.068e-06  1.107e-05  6.399e-06 -1.816e-05  3.236e-07  1.854e-06
-1.193e-06  1.586e-05  2.688e-06 -1.998e-05  7.660e-07  1.602e-06
 9.135e-07  1.692e-05 -1.383e-08 -1.983e-05  1.151e-06  1.344e-06
 5.253e-06  1.517e-05 -2.824e-07 -1.763e-05  1.474e-06  1.030e-06
 9.988e-06  1.228e-05  2.094e-06 -1.352e-05  1.759e-06  5.908e-07
 1.194e-05  8.277e-06  6.188e-06 -7.949e-06  2.043e-06  4.277e-08
 1.012e-05  2.847e-06  9.992e-06 -1.603e-06  2.336e-06 -5.309e-07
 6.748e-06 -2.331e-06  1.143e-05  4.673e-06  2.602e-06 -1.067e-06
 4.988e-06 -4.559e-06  9.916e-06  1.001e-05  2.795e-06 -1.538e-06
 6.057e-06 -2.922e-06  7.063e-06  1.362e-05  2.870e-06 -1.909e-06
 9.201e-06  2.404e-07  5.662e-06  1.495e-05  2.811e-06 -2.173e-06
 1.340e-05  1.054e-06  7.862e-06  1.383e-05  2.657e-06 -2.401e-06
 1.767e-05 -1.743e-06  1.335e-05  1.058e-05  2.459e-06 -2.666e-06
 2.123e-05 -5.412e-06  1.933e-05  5.874e-06  2.224e-06 -2.960e-06
 2.332e-05 -6.517e-06  2.257e-05  5.954e-07  1.951e-06 -3.225e-06
 2.180e-05 -4.340e-06  2.124e-05 -4.339e-06  1.662e-06 -3.407e-06
 1.493e-05 -9.137e-07  1.574e-05 -8.058e-06  1.350e-06 -3.464e-06
 5.224e-06  9.660e-07  8.487e-06 -9.827e-06  9.717e-07 -3.366e-06
-1.012e-06 -4.562e-07  2.593e-06 -9.216e-06  5.141e-07 -3.090e-06
 8.485e-07 -4.314e-06 -6.175e-07 -6.273e-06  6.083e-09 -2.640e-06
 8.960e-06 -7.583e-06 -1.952e-06 -1.571e-06 -5.217e-07 -2.082e-06
 1.652e-05 -7.805e-06 -2.261e-06  3.957e-06 -1.039e-06 -1.509e-06
 1.813e-05 -4.820e-06 -2.329e-06  9.277e-06 -1.528e-06 -9.412e-07
 1.319e-05 -2.348e-07 -3.680e-06  1.346e-05 -2.013e-06 -3.412e-07
 3.758e-06  4.192e-06 -7.694e-06  1.576e-05 -2.504e-06  2.639e-07
-7.381e-06  6.935e-06 -1.472e-05  1.570e-05 -2.922e-06  8.074e-07
-1.673e-05  5.862e-06 -2.384e-05  1.319e-05 -3.161e-06  1.309e-06
-2.075e-05  8.659e-08 -3.289e-05  8.621e-06 -3.205e-06  1.846e-06
-1.765e-05 -6.917e-06 -3.928e-05  2.826e-06 -3.133e-06  2.440e-06
-8.826e-06 -8.988e-06 -4.089e-05 -3.117e-06 -3.053e-06  3.040e-06
 4.998e-07 -3.486e-06 -3.695e-05 -8.134e-06 -3.020e-06  3.551e-06
 3.873e-06  4.832e-06 -2.945e-05 -1.137e-05 -2.952e-06  3.852e-06
-1.901e-06  7.626e-06 -2.246e-05 -1.235e-05 -2.695e-06  3.875e-06
-1.388e-05  2.051e-06 -1.908e-05 -1.107e-05 -2.222e-06  3.688e-06
-2.386e-05 -6.100e-06 -1.957e-05 -7.937e-06 -1.694e-06  3.425e-06
-2.474e-05 -9.524e-06 -2.197e-05 -3.768e-06 -1.254e-06  3.136e-06
-1.737e-05 -7.341e-06 -2.324e-05  4.104e-07 -8.622e-07  2.748e-06
-9.544e-06 -4.386e-06 -2.062e-05  3.586e-06 -3.710e-07  2.161e-06
-8.353e-06 -4.023e-06 -1.333e-05  5.018e-06  3.030e-07  1.388e-06
-1.397e-05 -4.516e-06 -3.715e-06  4.412e-06  1.096e-06  5.727e-07
-1.952e-05 -2.349e-06  4.632e-06  1.964e-06  1.830e-06 -1.669e-07
-1.736e-05  2.953e-06  9.543e-06 -1.701e-06  2.386e-06 -8.854e-07
-6.900e-06  8.629e-06  1.094e-05 -5.663e-06  2.861e-06 -1.715e-06
 3.941e-06  1.156e-05  1.050e-05 -8.894e-06  3.465e-06 -2.635e-06
 6.626e-06  9.796e-06  1.084e-05 -1.051e-05  4.252e-06 -3.450e-06
 1.453e-06  2.790e-06  1.327e-05 -9.985e-06  5.016e-06 -3.974e-06
-2.581e-06 -5.807e-06  1.681e-05 -7.330e-06  5.481e-06 -4.156e-06
 1.933e-06 -8.081e-06  2.043e-05 -3.080e-06  5.551e-06 -4.090e-06
 1.239e-05 -3.831e-07  2.499e-05  1.828e-06  5.380e-06 -3.915e-06
 1.989e-05  1.064e-05  3.168e-05  6.302e-06  5.162e-06 -3.673e-06
 1.934e-05  1.474e-05  3.865e-05  9.382e-06  4.907e-06 -3.296e-06
 1.365e-05  8.221e-06  4.148e-05  1.047e-05  4.441e-06 -2.705e-06
 9.115e-06 -3.702e-06  3.732e-05  9.469e-06  3.619e-06 -1.924e-06
 8.846e-06 -1.200e-05  2.799e-05  6.760e-06  2.517e-06 -1.085e-06
 1.063e-05 -1.110e-05  1.893e-05  3.135e-06  1.381e-06 -2.854e-07
 1.052e-05 -2.340e-06  1.484e-05 -4.018e-07  3.730e-07  5.196e-07
 7.849e-06  9.290e-06  1.634e-05 -2.886e-06 -5.554e-07  1.407e-06
 5.204e-06  2.043e-05  2.114e-05 -3.663e-06 -1.555e-06  2.351e-06
 3.619e-06  2.925e-05  2.674e-05 -2.601e-06 -2.689e-06  3.225e-06
 2.791e-08  3.380e-05  3.124e-05 -1.424e-07 -3.832e-06  3.900e-06
-9.200e-06  3.324e-05  3.224e-05  2.841e-06 -4.745e-06  4.369e-06
-2.181e-05  2.477e-05  2.794e-05  5.318e-06 -5.294e-06  4.745e-06
-3.009e-05  8.315e-06  1.756e-05  6.400e-06 -5.554e-06  5.110e-06
-2.800e-05 -1.040e-05 -1.839e-07  5.612e-06 -5.677e-06  5.457e-06
-1.643e-05 -2.625e-05 -1.924e-05  3.034e-06 -5.731e-06  5.741e-06
-2.387e-06 -3.552e-05 -3.355e-05 -7.305e-07 -5.654e-06  5.902e-06
 6.434e-06 -3.755e-05 -4.057e-05 -4.745e-06 -5.340e-06  5.911e-06
 5.702e-06 -3.382e-05 -4.171e-05 -7.997e-06 -4.784e-06  5.763e-06
-2.569e-06 -2.737e-05 -3.999e-05 -9.644e-06 -4.094e-06  5.446e-06
-1.156e-05 -2.008e-05 -3.730e-05 -9.245e-06 -3.369e-06  4.950e-06
-1.509e-05 -1.290e-05 -3.292e-05 -6.928e-06 -2.647e-06  4.292e-06
-1.232e-05 -7.977e-06 -2.583e-05 -3.371e-06 -1.904e-06  3.510e-06
-7.779e-06 -7.834e-06 -1.646e-05  4.257e-07 -1.099e-06  2.668e-06
-7.550e-06 -1.199e-05 -8.005e-06  3.466e-06 -2.565e-07  1.818e-06
-1.517e-05 -1.519e-05 -4.438e-06  5.058e-06  5.232e-07  9.457e-07
-2.744e-05 -1.088e-05 -6.353e-06  5.013e-06  1.165e-06  9.988e-09
-3.494e-05  2.286e-06 -1.057e-05  3.702e-06  1.650e-06 -9.918e-07
-2.772e-05  1.759e-05 -1.291e-05  1.915e-06  1.999e-06 -2.042e-06
-2.009e-06  2.506e-05 -1.323e-05  5.656e-07  2.265e-06 -3.117e-06
 3.923e-05  2.031e-05 -1.428e-05  3.551e-07  2.478e-06 -4.175e-06
 8.872e-05  8.664e-06 -1.743e-05  1.538e-06  2.601e-06 -5.158e-06
 1.362e-04  1.254e-06 -2.076e-05  3.834e-06  2.568e-06 -5.997e-06
 1.693e-04  3.815e-06 -2.168e-05  6.509e-06  2.356e-06 -6.637e-06
 1.775e-04  1.157e-05 -1.884e-05  8.611e-06  1.983e-06 -7.099e-06
 1.592e-04  1.592e-05 -1.341e-05  9.283e-06  1.497e-06 -7.463e-06
 1.257e-04  1.374e-05 -7.637e-06  8.042e-06  9.661e-07 -7.759e-06
 6.482e-05  3.127e-07 -5.366e-06  4.943e-06  4.536e-07 -7.951e-06
-2.283e-05 -1.260e-05 -7.202e-06  5.700e-07 -1.606e-08 -8.006e-06
-1.171e-04 -5.432e-06 -9.365e-06 -4.135e-06 -4.572e-07 -7.890e-06
-2.055e-04  1.850e-05 -1.151e-05 -8.171e-06 -8.692e-07 -7.571e-06
-2.628e-04  4.752e-05 -1.249e-05 -1.080e-05 -1.210e-06 -7.061e-06
-2.615e-04  7.182e-05 -7.730e-06 -1.175e-05 -1.450e-06 -6.395e-06
-2.014e-04  8.056e-05  3.995e-06 -1.133e-05 -1.598e-06 -5.585e-06
-9.484e-05  7.274e-05  2.417e-05 -1.021e-05 -1.656e-06 -4.651e-06
 2.598e-05  4.745e-05  5.262e-05 -9.160e-06 -1.623e-06 -3.646e-06
 1.189e-04  4.222e-07  8.221e-05 -8.719e-06 -1.498e-06 -2.607e-06
 1.550e-04 -6.372e-05  1.054e-04 -8.957e-06 -1.237e-06 -1.520e-06
 1.209e-04 -1.289e-04  1.156e-04 -9.460e-06 -7.951e-07 -3.606e-07
 4.031e-05 -1.676e-04  1.070e-04 -9.507e-06 -2.267e-07  8.702e-07
-4.815e-05 -1.610e-04  7.782e-05 -8.366e-06  3.563e-07  2.132e-06
-1.001e-04 -1.078e-04  2.877e-05 -5.602e-06  8.825e-07  3.342e-06
-9.087e-05 -2.876e-05 -3.244e-05 -1.271e-06  1.315e-06  4.402e-06
-3.142e-05  4.798e-05 -9.000e-05  4.056e-06  1.645e-06  5.246e-06
 4.043e-05  9.746e-05 -1.224e-04  9.444e-06  1.905e-06  5.833e-06
 7.686e-05  1.034e-04 -1.156e-04  1.386e-05  2.094e-06  6.115e-06
 5.865e-05  7.059e-05 -7.400e-05  1.648e-05  2.140e-06  6.079e-06
 7.796e-07  1.943e-05 -2.018e-05  1.697e-05  2.002e-06  5.805e-06
-5.331e-05 -1.729e-05  1.951e-05  1.553e-05  1.699e-06  5.391e-06
-6.827e-05 -2.044e-05  3.332e-05  1.276e-05  1.241e-06  4.864e-06
-3.230e-05  2.247e-06  2.683e-05  9.462e-06  6.051e-07  4.198e-06
 3.173e-05  2.031e-05  1.351e-05  6.301e-06 -2.220e-07  3.379e-06
 8.407e-05  1.591e-05  3.599e-06  3.617e-06 -1.216e-06  2.460e-06
 8.794e-05 -4.467e-06  1.764e-06  1.334e-06 -2.287e-06  1.606e-06
 3.885e-05 -1.826e-05  6.992e-06 -8.946e-07 -3.290e-06  1.029e-06
-2.783e-05 -1.678e-05  1.471e-05 -3.390e-06 -4.105e-06  8.411e-07
-6.113e-05 -6.901e-06  1.754e-05 -6.194e-06 -4.701e-06  1.001e-06
-3.954e-05  1.494e-06  1.122e-05 -8.962e-06 -5.089e-06  1.400e-06
 1.598e-05  6.413e-06  4.746e-07 -1.104e-05 -5.218e-06  1.948e-06
 5.773e-05  6.205e-06 -5.495e-06 -1.164e-05 -4.947e-06  2.563e-06
 5.657e-05  2.530e-06 -5.232e-06 -1.021e-05 -4.163e-06  3.141e-06
 1.844e-05 -1.938e-06 -4.035e-06 -6.616e-06 -2.906e-06  3.547e-06
-1.825e-05 -6.755e-07 -4.033e-06 -1.378e-06 -1.378e-06  3.659e-06
-2.073e-05  2.641e-06 -1.562e-06  4.500e-06  1.496e-07  3.440e-06
 1.463e-05  4.150e-06  3.918e-06  9.781e-06  1.468e-06  2.966e-06
 5.440e-05  5.310e-06  4.822e-06  1.334e-05  2.506e-06  2.339e-06
 6.041e-05  1.109e-05 -3.919e-06  1.449e-05  3.253e-06  1.620e-06
 2.514e-05  1.735e-05 -1.497e-05  1.316e-05  3.652e-06  8.940e-07
-1.576e-05  1.288e-05 -1.819e-05  9.876e-06  3.663e-06  3.359e-07
-2.665e-05  2.243e-08 -1.192e-05  5.479e-06  3.384e-06  1.727e-07
-5.349e-06 -5.999e-06 -2.844e-06  8.053e-07  3.084e-06  5.677e-07
 1.964e-05 -1.605e-06  1.684e-06 -3.598e-06  3.108e-06  1.468e-06
 1.819e-05  4.542e-06 -1.229e-06 -7.508e-06  3.689e-06  2.561e-06
-1.170e-05  1.012e-05 -8.447e-06 -1.090e-05  4.834e-06  3.414e-06
-4.273e-05  1.817e-05 -1.228e-05 -1.373e-05  6.382e-06  3.634e-06
-4.341e-05  2.401e-05 -9.991e-06 -1.579e-05  8.113e-06  2.948e-06
-1.538e-05  1.979e-05 -6.039e-06 -1.663e-05  9.770e-06  1.225e-06
 1.002e-05  1.031e-05 -4.617e-06 -1.567e-05  1.098e-05 -1.553e-06
 8.218e-06  3.883e-08 -1.667e-06 -1.253e-05  1.120e-05 -5.234e-06
-1.564e-05 -4.392e-06  2.943e-06 -7.302e-06  9.894e-06 -9.372e-06
-3.372e-05  1.519e-06  8.471e-07 -6.979e-07  6.795e-06 -1.324e-05
-2.624e-05  6.749e-06 -5.100e-06  6.050e-06  2.101e-06 -1.600e-05
-4.737e-06 -1.604e-06 -8.187e-06  1.155e-05 -3.570e-06 -1.693e-05
 1.737e-06 -1.762e-05 -7.772e-06  1.464e-05 -9.362e-06 -1.561e-05
-1.565e-05 -3.111e-05 -4.167e-06  1.475e-05 -1.439e-05 -1.205e-05
-3.366e-05 -3.650e-05  4.649e-07  1.208e-05 -1.785e-05 -6.559e-06
-2.649e-05 -2.995e-05  1.852e-06  7.538e-06 -1.904e-05  1.722e-07

#filename
TD009.data
#dt   npts  dist   Az   Zcor VR
1.000  180 241.0 169.0   91  1.237e+00
#data T          R          Z    synth T          R          Z
-1.209e-05 -2.753e-05 -8.587e-06 -1.965e-06  2.638e-06 -5.602e-07
-1.482e-05 -4.027e-05 -6.023e-06 -1.304e-06  2.212e-06 -2.355e-07
-1.166e-05 -5.354e-05 -8.094e-06 -5.129e-07  1.614e-06 -1.167e-07
-2.874e-06 -6.620e-05 -1.265e-05  3.268e-07  9.519e-07 -8.776e-08
 7.493e-06 -7.721e-05 -1.577e-05  1.144e-06  2.613e-07 -1.782e-08
 1.357e-05 -8.451e-05 -1.556e-05  1.865e-06 -3.549e-07  8.579e-08
 1.192e-05 -8.633e-05 -1.291e-05  2.405e-06 -8.100e-07  2.598e-07
 4.384e-06 -8.302e-05 -9.783e-06  2.673e-06 -1.090e-06  4.546e-07
-3.549e-06 -7.693e-05 -7.660e-06  2.593e-06 -1.162e-06  6.400e-07
-6.910e-06 -7.039e-05 -7.066e-06  2.140e-06 -1.070e-06  8.195e-07
-4.638e-06 -6.461e-05 -7.762e-06  1.363e-06 -8.776e-07  9.458e-07
 5.719e-07 -5.978e-05 -8.760e-06  3.833e-07 -6.597e-07  1.038e-06
 4.829e-06 -5.554e-05 -8.510e-06 -6.360e-07 -4.933e-07  1.105e-06
 5.846e-06 -5.074e-05 -5.579e-06 -1.526e-06 -3.894e-07  1.127e-06
 4.173e-06 -4.317e-05  2.854e-07 -2.137e-06 -3.458e-07  1.074e-06
 2.095e-06 -3.036e-05  7.443e-06 -2.358e-06 -3.560e-07  9.172e-07
 1.631e-06 -1.208e-05  1.285e-05 -2.151e-06 -4.232e-07  7.181e-07
 3.247e-06  7.304e-06  1.390e-05 -1.571e-06 -5.820e-07  5.744e-07
 5.858e-06  2.107e-05  1.042e-05 -7.626e-07 -8.563e-07  5.391e-07
 7.941e-06  2.610e-05  4.923e-06  8.509e-08 -1.236e-06  5.788e-07
 8.901e-06  2.625e-05  1.027e-06  8.012e-07 -1.644e-06  5.930e-07
 8.924e-06  2.888e-05  8.797e-07  1.270e-06 -1.955e-06  5.059e-07
 7.855e-06  3.840e-05  3.788e-06  1.434e-06 -2.058e-06  3.072e-07
 5.316e-06  5.351e-05  7.324e-06  1.275e-06 -1.913e-06  6.161e-08
 1.852e-06  6.913e-05  9.565e-06  8.158e-07 -1.569e-06 -1.414e-07
-9.848e-07  7.977e-05  1.030e-05  1.329e-07 -1.117e-06 -2.562e-07
-1.973e-06  8.220e-05  1.035e-05 -6.394e-07 -6.380e-07 -2.911e-07
-7.419e-07  7.710e-05  1.038e-05 -1.337e-06 -1.868e-07 -2.730e-07
 2.684e-06  6.890e-05  1.042e-05 -1.816e-06  1.886e-07 -2.132e-07
 7.429e-06  6.318e-05  1.028e-05 -1.990e-06  4.457e-07 -1.229e-07
 1.113e-05  6.297e-05  1.013e-05 -1.847e-06  5.634e-07 -3.730e-08
 1.106e-05  6.726e-05  1.072e-05 -1.428e-06  5.572e-07 -3.452e-09
 6.508e-06  7.222e-05  1.242e-05 -8.095e-07  4.830e-07 -4.730e-08
-5.041e-07  7.358e-05  1.449e-05 -9.002e-08  4.116e-07 -1.474e-07
-6.791e-06  6.868e-05  1.532e-05  6.098e-07  3.880e-07 -2.417e-07
-1.021e-05  5.730e-05  1.373e-05  1.162e-06  4.240e-07 -2.661e-07
-1.095e-05  4.096e-05  9.836e-06  1.462e-06  5.330e-07 -1.927e-07
-1.065e-05  2.172e-05  5.034e-06  1.454e-06  7.459e-07 -4.275e-08
-1.038e-05  2.097e-06  1.164e-06  1.157e-06  1.060e-06  1.241e-07
-9.999e-06 -1.490e-05 -7.562e-07  6.561e-07  1.391e-06  2.426e-07
-9.118e-06 -2.720e-05 -7.821e-07  8.519e-08  1.618e-06  2.666e-07
-8.112e-06 -3.548e-05  1.008e-07 -4.040e-07  1.688e-06  1.688e-07
-7.446e-06 -4.280e-05 -1.014e-07 -6.831e-07  1.654e-06 -5.498e-08
-6.350e-06 -5.123e-05 -3.604e-06 -6.818e-07  1.616e-06 -3.643e-07
-3.384e-06 -5.970e-05 -1.040e-05 -4.019e-07  1.601e-06 -6.628e-07
 9.567e-07 -6.565e-05 -1.704e-05  9.116e-08  1.525e-06 -8.411e-07
 3.241e-06 -6.787e-05 -1.928e-05  6.871e-07  1.272e-06 -8.694e-07
 2.867e-07 -6.734e-05 -1.612e-05  1.250e-06  8.331e-07 -8.362e-07
-6.930e-06 -6.496e-05 -1.071e-05  1.643e-06  3.482e-07 -8.680e-07
-1.341e-05 -5.985e-05 -7.408e-06  1.754e-06 -5.481e-09 -1.019e-06
-1.439e-05 -5.089e-05 -8.296e-06  1.540e-06 -1.701e-07 -1.245e-06
-9.453e-06 -3.959e-05 -1.258e-05  1.039e-06 -2.491e-07 -1.474e-06
-2.373e-06 -2.983e-05 -1.790e-05  3.635e-07 -3.930e-07 -1.670e-06
 2.344e-06 -2.443e-05 -2.159e-05 -3.275e-07 -6.447e-07 -1.838e-06
 2.806e-06 -2.274e-05 -2.191e-05 -8.766e-07 -9.195e-07 -1.951e-06
 4.915e-07 -2.207e-05 -1.917e-05 -1.167e-06 -1.138e-06 -1.941e-06
-1.163e-06 -2.082e-05 -1.590e-05 -1.152e-06 -1.339e-06 -1.745e-06
 5.901e-07 -1.910e-05 -1.492e-05 -8.730e-07 -1.651e-06 -1.364e-06
 5.411e-06 -1.691e-05 -1.652e-05 -4.443e-07 -2.147e-06 -8.898e-07
 9.874e-06 -1.332e-05 -1.785e-05 -2.233e-08 -2.731e-06 -4.519e-07
 1.038e-05 -7.439e-06 -1.563e-05  2.436e-07 -3.181e-06 -1.117e-07
 6.336e-06  1.387e-07 -9.605e-06  2.585e-07 -3.318e-06  1.782e-07
 6.637e-07  7.597e-06 -2.831e-06  8.119e-09 -3.131e-06  5.280e-07
-2.412e-06  1.349e-05  1.266e-06 -4.434e-07 -2.761e-06  1.019e-06
-6.352e-07  1.751e-05  1.928e-06 -9.770e-07 -2.373e-06  1.634e-06
 3.991e-06  1.966e-05  1.274e-06 -1.450e-06 -2.025e-06  2.280e-06
 7.040e-06  1.985e-05  2.540e-06 -1.725e-06 -1.673e-06  2.867e-06
 6.110e-06  1.878e-05  7.760e-06 -1.706e-06 -1.277e-06  3.345e-06
 2.896e-06  1.818e-05  1.679e-05 -1.371e-06 -8.611e-07  3.677e-06
 8.296e-07  1.970e-05  2.767e-05 -7.886e-07 -4.870e-07  3.832e-06
 1.462e-06  2.323e-05  3.698e-05 -1.084e-07 -1.792e-07  3.788e-06
 3.638e-06  2.660e-05  4.083e-05  4.892e-07  1.290e-07  3.562e-06
 5.899e-06  2.798e-05  3.789e-05  8.577e-07  5.353e-07  3.222e-06
 7.586e-06  2.698e-05  3.074e-05  9.421e-07  1.061e-06  2.847e-06
 7.419e-06  2.321e-05  2.203e-05  7.957e-07  1.618e-06  2.467e-06
 4.364e-06  1.850e-05  1.494e-05  5.468e-07  2.063e-06  2.058e-06
-1.375e-06  1.377e-05  1.157e-05  3.368e-07  2.292e-06  1.567e-06
-7.801e-06  8.775e-06  1.149e-05  2.677e-07  2.309e-06  9.459e-07
-1.180e-05  3.181e-06  1.193e-05  3.801e-07  2.193e-06  1.978e-07
-1.089e-05 -2.188e-06  9.925e-06  6.557e-07  2.022e-06 -6.266e-07
-5.086e-06 -5.526e-06  5.206e-06  1.029e-06  1.830e-06 -1.452e-06
 2.902e-06 -5.176e-06 -1.875e-07  1.399e-06  1.622e-06 -2.197e-06
 1.015e-05 -4.827e-07 -3.046e-06  1.650e-06  1.388e-06 -2.793e-06
 1.405e-05  6.493e-06 -1.577e-06  1.678e-06  1.139e-06 -3.218e-06
 1.388e-05  1.238e-05  2.231e-06  1.433e-06  9.128e-07 -3.498e-06
 1.131e-05  1.325e-05  4.591e-06  9.601e-07  7.373e-07 -3.696e-06
 9.696e-06  7.367e-06  2.890e-06  3.911e-07  6.072e-07 -3.869e-06
 1.191e-05 -2.020e-06 -2.144e-06 -1.011e-07  5.032e-07 -4.015e-06
 1.808e-05 -8.801e-06 -7.756e-06 -3.817e-07  4.146e-07 -4.069e-06
 2.569e-05 -7.868e-06 -1.146e-05 -4.187e-07  3.563e-07 -3.959e-06
 3.083e-05  9.198e-07 -1.143e-05 -2.941e-07  3.647e-07 -3.634e-06
 3.135e-05  1.386e-05 -8.884e-06 -1.557e-07  4.619e-07 -3.080e-06
 2.852e-05  2.489e-05 -7.496e-06 -1.412e-07  6.351e-07 -2.312e-06
 2.515e-05  2.864e-05 -1.197e-05 -3.156e-07  8.468e-07 -1.381e-06
 2.272e-05  2.322e-05 -2.335e-05 -6.497e-07  1.049e-06 -3.628e-07
 2.009e-05  1.076e-05 -3.698e-05 -1.043e-06  1.215e-06  6.539e-07
 1.351e-05 -3.208e-06 -4.487e-05 -1.376e-06  1.352e-06  1.593e-06
-1.820e-06 -1.213e-05 -4.195e-05 -1.552e-06  1.473e-06  2.425e-06
-2.834e-05 -1.187e-05 -3.027e-05 -1.525e-06  1.563e-06  3.174e-06
-6.391e-05 -3.803e-06 -1.799e-05 -1.304e-06  1.582e-06  3.880e-06
-1.010e-04  7.985e-06 -1.284e-05 -9.427e-07  1.496e-06  4.556e-06
-1.286e-04  2.037e-05 -1.481e-05 -5.316e-07  1.304e-06  5.153e-06
-1.404e-04  2.916e-05 -1.643e-05 -1.721e-07  1.055e-06  5.561e-06
-1.329e-04  3.502e-05 -1.512e-05  4.932e-08  8.205e-07  5.677e-06
-1.147e-04  4.140e-05 -9.463e-06  9.608e-08  6.585e-07  5.450e-06
-8.815e-05  4.527e-05  1.339e-06  6.120e-09  5.945e-07  4.900e-06
-4.768e-05  4.130e-05  1.042e-05 -1.134e-07  6.120e-07  4.099e-06
 2.322e-06  2.901e-05  1.855e-05 -1.278e-07  6.615e-07  3.142e-06
 6.073e-05  4.410e-06  2.944e-05  5.952e-08  6.900e-07  2.116e-06
 1.225e-04 -3.343e-05  3.979e-05  4.484e-07  6.490e-07  1.074e-06
 1.689e-04 -7.906e-05  4.948e-05  9.234e-07  4.982e-07  3.924e-08
 1.850e-04 -1.241e-04  5.955e-05  1.294e-06  2.380e-07 -9.799e-07
 1.617e-04 -1.591e-04  6.547e-05  1.383e-06 -8.055e-08 -1.966e-06
 1.002e-04 -1.757e-04  6.226e-05  1.109e-06 -3.890e-07 -2.873e-06
 1.828e-05 -1.704e-04  4.796e-05  5.368e-07 -6.253e-07 -3.627e-06
-6.227e-05 -1.405e-04  2.241e-05 -1.421e-07 -7.490e-07 -4.145e-06
-1.141e-04 -9.033e-05 -1.242e-05 -6.858e-07 -7.591e-07 -4.372e-06
-1.211e-04 -3.097e-05 -4.969e-05 -9.011e-07 -6.810e-07 -4.312e-06
-8.400e-05  2.201e-05 -8.000e-05 -7.260e-07 -5.397e-07 -4.028e-06
-1.777e-05  5.433e-05 -9.327e-05 -2.591e-07 -3.611e-07 -3.630e-06
 4.998e-05  6.280e-05 -8.279e-05  2.798e-07 -1.829e-07 -3.246e-06
 9.210e-05  5.305e-05 -5.040e-05  6.456e-07 -4.530e-08 -2.989e-06
 9.456e-05  3.699e-05 -4.908e-06  6.815e-07  1.752e-08 -2.902e-06
 6.086e-05  2.906e-05  3.766e-05  3.977e-07 -2.782e-08 -2.945e-06
 9.505e-06  3.754e-05  6.156e-05 -2.820e-08 -2.279e-07 -2.971e-06
-3.205e-05  6.138e-05  6.043e-05 -3.316e-07 -6.440e-07 -2.777e-06
-4.301e-05  8.895e-05  3.988e-05 -2.884e-07 -1.319e-06 -2.189e-06
-2.313e-05  1.057e-04  1.347e-05  1.718e-07 -2.216e-06 -1.153e-06
 1.082e-05  1.008e-04 -5.073e-06  9.223e-07 -3.174e-06  2.516e-07
 3.642e-05  7.743e-05 -9.366e-06  1.687e-06 -3.915e-06  1.860e-06
 3.680e-05  5.159e-05 -2.540e-06  2.157e-06 -4.127e-06  3.499e-06
 1.270e-05  4.030e-05  4.871e-06  2.123e-06 -3.582e-06  5.019e-06
-1.898e-05  5.063e-05  5.138e-06  1.562e-06 -2.241e-06  6.270e-06
-3.731e-05  7.201e-05 -3.506e-07  6.381e-07 -2.697e-07  7.047e-06
-3.286e-05  8.367e-05 -5.996e-06 -3.756e-07  1.983e-06  7.087e-06
-1.285e-05  7.008e-05 -5.436e-06 -1.214e-06  4.055e-06  6.154e-06
 5.864e-06  3.500e-05  1.280e-06 -1.723e-06  5.486e-06  4.174e-06
 8.726e-06 -2.372e-06  6.944e-06 -1.900e-06  5.919e-06  1.346e-06
-4.135e-06 -2.276e-05  5.099e-06 -1.873e-06  5.161e-06 -1.858e-06
-1.972e-05 -2.193e-05 -2.865e-06 -1.814e-06  3.207e-06 -4.793e-06
-2.474e-05 -1.520e-05 -1.114e-05 -1.855e-06  2.410e-07 -6.818e-06
-1.553e-05 -2.106e-05 -1.267e-05 -2.014e-06 -3.384e-06 -7.457e-06
-1.826e-06 -4.413e-05 -6.768e-06 -2.187e-06 -7.149e-06 -6.508e-06
 3.286e-06 -7.082e-05  1.017e-06 -2.184e-06 -1.040e-05 -4.100e-06
-4.569e-06 -8.444e-05  4.725e-06 -1.820e-06 -1.248e-05 -6.686e-07
-1.712e-05 -8.231e-05  2.571e-06 -1.008e-06 -1.288e-05  3.129e-06
-2.193e-05 -7.581e-05  1.610e-07  1.741e-07 -1.143e-05  6.546e-06
-1.424e-05 -7.391e-05  1.835e-06  1.483e-06 -8.359e-06  8.895e-06
-2.168e-06 -7.514e-05  5.387e-06  2.590e-06 -4.232e-06  9.682e-06
 5.376e-06 -7.243e-05  3.955e-06  3.214e-06  2.104e-07  8.685e-06
 6.771e-06 -6.234e-05 -5.585e-06  3.228e-06  4.193e-06  6.009e-06
 7.776e-06 -5.071e-05 -1.638e-05  2.695e-06  7.043e-06  2.090e-06
 1.114e-05 -4.306e-05 -1.992e-05  1.824e-06  8.327e-06 -2.365e-06
 1.314e-05 -3.528e-05 -1.481e-05  8.725e-07  7.950e-06 -6.492e-06
 9.370e-06 -1.842e-05 -9.211e-06  4.760e-08  6.214e-06 -9.458e-06
 1.923e-06  4.301e-06 -9.590e-06 -5.502e-07  3.751e-06 -1.071e-05
-3.476e-06  1.841e-05 -1.265e-05 -9.267e-07  1.315e-06 -1.014e-05
-4.416e-06  1.985e-05 -1.213e-05 -1.147e-06 -4.361e-07 -8.104e-06
-2.812e-06  2.240e-05 -8.961e-06 -1.272e-06 -1.116e-06 -5.254e-06
-9.531e-07  3.580e-05 -7.770e-06 -1.312e-06 -6.794e-07 -2.360e-06
 2.069e-06  5.069e-05 -7.316e-06 -1.223e-06  6.161e-07 -8.618e-08
 5.878e-06  5.703e-05 -2.205e-06 -9.432e-07  2.298e-06  1.146e-06
 4.154e-06  5.377e-05  6.823e-06 -4.409e-07  3.795e-06  1.244e-06
-4.071e-06  4.295e-05  1.351e-05  2.425e-07  4.588e-06  4.648e-07
-8.430e-06  2.844e-05  1.328e-05  9.706e-07  4.373e-06 -6.907e-07
-4.977e-06  1.973e-05  6.238e-06  1.535e-06  3.192e-06 -1.641e-06
 2.057e-06  2.077e-05 -1.258e-06  1.727e-06  1.452e-06 -1.912e-06
 7.501e-06  2.529e-05 -3.408e-06  1.436e-06 -2.175e-07 -1.301e-06
 6.614e-06  2.713e-05 -2.210e-06  7.165e-07 -1.218e-06  6.716e-08
 5.258e-07  2.691e-05  7.685e-07 -2.217e-07 -1.214e-06  1.790e-06
-8.123e-06  2.776e-05  7.358e-06 -1.105e-06 -2.291e-07  3.316e-06
-1.813e-05  2.707e-05  1.619e-05 -1.713e-06  1.385e-06  4.132e-06
-2.361e-05  2.099e-05  1.963e-05 -1.950e-06  3.086e-06  3.945e-06
-1.875e-05  1.206e-05  1.434e-05 -1.848e-06  4.291e-06  2.775e-06
-6.005e-06  4.722e-06  7.531e-06 -1.506e-06  4.523e-06  9.580e-07
 4.513e-06 -1.393e-06  4.904e-06 -1.031e-06  3.554e-06 -9.351e-07
 7.303e-06 -6.686e-06  4.769e-06 -4.971e-07  1.515e-06 -2.274e-06
 6.446e-06 -8.764e-06  5.703e-06  5.314e-08 -1.113e-06 -2.578e-06
 6.103e-06 -8.801e-06  7.699e-06  5.932e-07 -3.633e-06 -1.691e-06
 6.670e-06 -1.108e-05  8.662e-06  1.082e-06 -5.367e-06  1.271e-07

#filename
RDEA.data
#dt   npts  dist   Az   Zcor VR
1.000  180 258.0  24.0   96 -8.568e+00
#data T          R          Z    synth T          R          Z
 1.969e-05 -1.206e-05 -1.527e-05 -1.267e-05  1.053e-06  1.135e-07
 1.604e-05 -1.219e-05 -9.238e-06 -9.981e-06  1.084e-06 -2.520e-07
 1.080e-05 -1.240e-05 -3.295e-06 -5.697e-06  1.084e-06 -5.890e-07
 5.601e-06 -1.099e-05 -8.540e-07 -4.397e-07  1.063e-06 -8.515e-07
 1.839e-06 -7.467e-06 -2.815e-06  4.906e-06  9.947e-07 -9.650e-07
 5.211e-07 -3.860e-06 -6.533e-06  9.413e-06  8.319e-07 -1.008e-06
 1.260e-06 -2.312e-06 -7.566e-06  1.236e-05  6.034e-07 -1.026e-06
 1.976e-06 -2.726e-06 -2.805e-06  1.336e-05  3.203e-07 -1.011e-06
 4.494e-07 -3.295e-06  7.182e-06  1.238e-05  2.704e-08 -9.988e-07
-3.793e-06 -3.294e-06  1.783e-05  9.666e-06 -2.346e-07 -9.707e-07
-9.318e-06 -3.456e-06  2.306e-05  5.737e-06 -4.632e-07 -9.532e-07
-1.348e-05 -4.766e-06  1.997e-05  1.374e-06 -6.245e-07 -9.626e-07
-1.425e-05 -7.165e-06  1.032e-05 -2.508e-06 -7.129e-07 -9.572e-07
-1.247e-05 -7.910e-06 -1.591e-06 -5.072e-06 -7.315e-07 -9.374e-07
-1.159e-05 -2.952e-06 -1.128e-05 -5.777e-06 -6.762e-07 -8.755e-07
-1.454e-05  8.544e-06 -1.537e-05 -4.513e-06 -5.857e-07 -7.300e-07
-2.075e-05  2.187e-05 -1.272e-05 -1.605e-06 -4.899e-07 -4.980e-07
-2.648e-05  2.974e-05 -5.368e-06  2.281e-06 -3.950e-07 -2.153e-07
-2.791e-05  2.757e-05  2.648e-06  6.279e-06 -3.059e-07  5.120e-08
-2.426e-05  1.717e-05  7.319e-06  9.489e-06 -2.469e-07  2.650e-07
-1.878e-05  6.110e-06  6.867e-06  1.115e-05 -2.321e-07  4.046e-07
-1.597e-05  2.125e-06  3.084e-06  1.079e-05 -2.104e-07  4.687e-07
-1.737e-05  6.923e-06  2.332e-07  8.370e-06 -1.263e-07  4.963e-07
-2.024e-05  1.557e-05  1.681e-06  4.299e-06  2.062e-08  5.262e-07
-2.036e-05  2.120e-05  6.885e-06 -6.223e-07  1.885e-07  5.903e-07
-1.553e-05  1.964e-05  1.171e-05 -5.406e-06  3.218e-07  6.988e-07
-6.729e-06  1.146e-05  1.172e-05 -9.120e-06  3.932e-07  8.101e-07
 2.791e-06  1.153e-06  5.466e-06 -1.110e-05  4.361e-07  8.466e-07
 9.646e-06 -5.802e-06 -4.380e-06 -1.105e-05  5.140e-07  7.741e-07
 1.228e-05 -6.443e-06 -1.278e-05 -9.154e-06  6.377e-07  6.424e-07
 1.180e-05 -2.269e-06 -1.508e-05 -5.986e-06  7.438e-07  5.187e-07
 1.104e-05  1.994e-06 -1.023e-05 -2.449e-06  7.607e-07  4.289e-07
 1.205e-05  2.084e-06 -2.230e-06  4.827e-07  6.701e-07  3.657e-07
 1.442e-05 -2.703e-06  2.804e-06  2.033e-06  5.158e-07  3.177e-07
 1.600e-05 -9.119e-06  2.030e-06  1.827e-06  3.586e-07  2.860e-07
 1.529e-05 -1.231e-05 -1.922e-06 -3.333e-08  2.165e-07  2.837e-07
 1.296e-05 -9.869e-06 -4.278e-06 -3.001e-06  4.339e-08  3.154e-07
 1.103e-05 -4.228e-06 -2.699e-06 -6.217e-06 -1.983e-07  3.464e-07
 1.097e-05 -9.128e-07  1.374e-06 -8.727e-06 -4.520e-07  3.219e-07
 1.262e-05 -3.576e-06  4.577e-06 -9.747e-06 -6.139e-07  2.276e-07
 1.467e-05 -1.081e-05  4.267e-06 -8.870e-06 -6.493e-07  1.083e-07
 1.550e-05 -1.695e-05  5.924e-07 -6.170e-06 -6.128e-07  3.232e-08
 1.440e-05 -1.699e-05 -2.873e-06 -2.165e-06 -5.887e-07  4.838e-08
 1.191e-05 -1.119e-05 -2.110e-06  2.283e-06 -6.327e-07  1.476e-07
 8.970e-06 -4.174e-06  3.502e-06  6.170e-06 -7.402e-07  2.731e-07
 6.086e-06 -3.573e-07  1.061e-05  8.628e-06 -8.678e-07  3.872e-07
 2.938e-06 -3.125e-07  1.453e-05  9.211e-06 -9.843e-07  4.862e-07
-8.090e-07 -1.383e-06  1.313e-05  8.024e-06 -1.084e-06  5.556e-07
-4.792e-06 -8.200e-07  7.749e-06  5.647e-06 -1.163e-06  5.701e-07
-8.428e-06  2.204e-06  1.361e-06  2.939e-06 -1.187e-06  5.281e-07
-1.144e-05  6.446e-06 -3.368e-06  8.055e-07 -1.093e-06  4.751e-07
-1.381e-05  9.950e-06 -5.104e-06 -4.733e-08 -8.583e-07  4.875e-07
-1.547e-05  1.185e-05 -3.710e-06  6.677e-07 -5.415e-07  5.939e-07
-1.596e-05  1.253e-05  2.765e-07  2.724e-06 -2.262e-07  7.427e-07
-1.457e-05  1.229e-05  5.319e-06  5.452e-06  3.871e-08  8.612e-07
-1.130e-05  1.048e-05  9.045e-06  7.938e-06  2.525e-07  8.998e-07
-7.573e-06  6.680e-06  9.416e-06  9.295e-06  4.451e-07  8.416e-07
-5.464e-06  2.384e-06  6.119e-06  8.937e-06  6.354e-07  7.046e-07
-5.852e-06  2.938e-07  9.015e-07  6.785e-06  8.172e-07  5.057e-07
-7.462e-06  1.589e-06 -3.935e-06  3.284e-06  9.965e-07  2.497e-07
-8.372e-06  4.643e-06 -7.414e-06 -7.492e-07  1.193e-06 -3.662e-08
-7.859e-06  6.895e-06 -9.841e-06 -4.363e-06  1.404e-06 -3.028e-07
-6.393e-06  6.807e-06 -1.198e-05 -6.739e-06  1.600e-06 -5.016e-07
-4.488e-06  4.418e-06 -1.428e-05 -7.440e-06  1.732e-06 -6.207e-07
-2.122e-06  5.338e-07 -1.660e-05 -6.566e-06  1.760e-06 -7.137e-07
 4.830e-07 -3.966e-06 -1.871e-05 -4.724e-06  1.675e-06 -8.596e-07
 2.191e-06 -7.843e-06 -1.968e-05 -2.805e-06  1.506e-06 -1.078e-06
 2.212e-06 -1.059e-05 -1.744e-05 -1.672e-06  1.279e-06 -1.319e-06
 1.112e-06 -1.334e-05 -1.100e-05 -1.856e-06  1.016e-06 -1.508e-06
 9.539e-08 -1.686e-05 -2.686e-06 -3.377e-06  7.325e-07 -1.590e-06
 4.517e-07 -1.998e-05  3.796e-06 -5.743e-06  4.313e-07 -1.552e-06
 2.719e-06 -2.043e-05  6.884e-06 -8.127e-06  1.268e-07 -1.403e-06
 6.098e-06 -1.754e-05  8.852e-06 -9.648e-06 -1.632e-07 -1.157e-06
 8.442e-06 -1.254e-05  1.175e-05 -9.662e-06 -4.396e-07 -8.404e-07
 7.851e-06 -6.472e-06  1.486e-05 -7.962e-06 -7.013e-07 -4.990e-07
 5.227e-06 -1.786e-07  1.661e-05 -4.850e-06 -9.312e-07 -1.634e-07
 2.703e-06  5.668e-06  1.498e-05 -1.050e-06 -1.113e-06  1.550e-07
 1.629e-06  1.129e-05  1.092e-05  2.506e-06 -1.227e-06  4.540e-07
 2.081e-06  1.588e-05  6.573e-06  4.981e-06 -1.255e-06  7.466e-07
 2.795e-06  1.828e-05  4.516e-06  5.929e-06 -1.206e-06  1.058e-06
 3.062e-06  1.636e-05  5.614e-06  5.457e-06 -1.099e-06  1.394e-06
 3.485e-06  8.960e-06  8.586e-06  4.181e-06 -9.451e-07  1.721e-06
 5.097e-06 -2.185e-06  1.037e-05  2.971e-06 -7.581e-07  1.970e-06
 7.963e-06 -1.253e-05  7.736e-06  2.597e-06 -5.463e-07  2.070e-06
 1.132e-05 -1.774e-05 -4.263e-08  3.420e-06 -3.003e-07  1.994e-06
 1.453e-05 -1.693e-05 -9.776e-06  5.257e-06 -1.794e-08  1.760e-06
 1.731e-05 -1.282e-05 -1.582e-05  7.471e-06  2.817e-07  1.411e-06
 1.919e-05 -8.827e-06 -1.431e-05  9.220e-06  5.694e-07  9.971e-07
 1.946e-05 -5.743e-06 -6.084e-06  9.760e-06  8.090e-07  5.575e-07
 1.807e-05 -3.006e-06  3.165e-06  8.709e-06  9.696e-07  8.602e-08
 1.608e-05 -3.387e-07  6.793e-06  6.180e-06  1.044e-06 -4.492e-07
 1.481e-05  2.200e-06  2.118e-06  2.735e-06  1.039e-06 -1.065e-06
 1.509e-05  3.925e-06 -7.099e-06 -8.091e-07  9.575e-07 -1.758e-06
 1.634e-05  4.482e-06 -1.420e-05 -3.651e-06  8.037e-07 -2.508e-06
 1.592e-05  4.136e-06 -1.494e-05 -5.275e-06  5.863e-07 -3.278e-06
 1.071e-05  3.407e-06 -9.886e-06 -5.624e-06  3.052e-07 -4.016e-06
-7.619e-07  3.696e-06 -2.036e-06 -5.094e-06 -4.094e-08 -4.645e-06
-1.722e-05  7.255e-06  5.991e-06 -4.360e-06 -4.481e-07 -5.062e-06
-3.562e-05  1.493e-05  1.290e-05 -4.087e-06 -9.101e-07 -5.197e-06
-5.241e-05  2.520e-05  1.874e-05 -4.631e-06 -1.409e-06 -5.052e-06
-6.395e-05  3.415e-05  2.333e-05 -5.870e-06 -1.896e-06 -4.665e-06
-6.861e-05  3.818e-05  2.614e-05 -7.251e-06 -2.281e-06 -4.075e-06
-6.843e-05  3.795e-05  2.786e-05 -8.026e-06 -2.461e-06 -3.312e-06
-6.371e-05  3.665e-05  2.839e-05 -7.570e-06 -2.363e-06 -2.385e-06
-5.166e-05  3.531e-05  2.498e-05 -5.661e-06 -1.974e-06 -1.296e-06
-2.904e-05  3.024e-05  1.559e-05 -2.583e-06 -1.325e-06 -9.860e-08
 4.688e-06  1.788e-05 -2.328e-06  9.781e-07 -5.017e-07  1.083e-06
 4.255e-05 -1.394e-06 -2.560e-05  4.216e-06  3.812e-07  2.112e-06
 7.503e-05 -2.597e-05 -4.534e-05  6.513e-06  1.229e-06  2.884e-06
 9.066e-05 -5.372e-05 -5.590e-05  7.647e-06  1.962e-06  3.342e-06
 8.386e-05 -7.820e-05 -5.448e-05  7.812e-06  2.481e-06  3.486e-06
 5.682e-05 -9.050e-05 -4.701e-05  7.464e-06  2.702e-06  3.389e-06
 1.591e-05 -8.573e-05 -3.993e-05  7.070e-06  2.597e-06  3.182e-06
-2.728e-05 -6.155e-05 -3.489e-05  6.886e-06  2.187e-06  3.031e-06
-5.629e-05 -2.171e-05 -3.274e-05  6.846e-06  1.558e-06  3.103e-06
-6.152e-05  2.045e-05 -3.304e-05  6.594e-06  8.665e-07  3.489e-06
-4.333e-05  5.562e-05 -3.124e-05  5.666e-06  2.846e-07  4.142e-06
-1.230e-05  7.385e-05 -2.309e-05  3.737e-06 -4.297e-08  4.907e-06
 1.515e-05  6.825e-05 -4.320e-06  8.119e-07  1.638e-08  5.571e-06
 2.624e-05  4.733e-05  2.202e-05 -2.734e-06  5.570e-07  5.892e-06
 1.927e-05  2.139e-05  4.718e-05 -6.281e-06  1.556e-06  5.637e-06
 3.653e-06  2.593e-06  6.223e-05 -9.189e-06  2.832e-06  4.643e-06
-6.320e-06 -6.498e-06  6.311e-05 -1.102e-05  4.052e-06  2.858e-06
-2.454e-06 -1.128e-05  5.239e-05 -1.166e-05  4.796e-06  3.766e-07
 1.197e-05 -1.767e-05  3.755e-05 -1.131e-05  4.675e-06 -2.547e-06
 2.510e-05 -2.752e-05  2.384e-05 -1.030e-05  3.475e-06 -5.522e-06
 2.678e-05 -3.487e-05  1.427e-05 -8.917e-06  1.214e-06 -8.107e-06
 1.670e-05 -3.592e-05  1.086e-05 -7.260e-06 -1.870e-06 -9.859e-06
 3.072e-06 -2.817e-05  1.176e-05 -5.238e-06 -5.359e-06 -1.036e-05
-5.393e-06 -1.333e-05  1.280e-05 -2.670e-06 -8.694e-06 -9.311e-06
-5.270e-06  1.818e-06  1.188e-05  5.184e-07 -1.126e-05 -6.660e-06
 8.988e-08  9.953e-06  8.395e-06  4.151e-06 -1.251e-05 -2.716e-06
 4.341e-06  7.742e-06  2.062e-06  7.780e-06 -1.208e-05  1.858e-06
 2.359e-06  2.249e-07 -4.695e-06  1.079e-05 -9.927e-06  6.188e-06
-5.229e-06 -3.865e-06 -9.191e-06  1.258e-05 -6.291e-06  9.440e-06
-1.309e-05  1.034e-06 -8.274e-06  1.277e-05 -1.698e-06  1.104e-05
-1.453e-05  1.037e-05 -1.403e-06  1.131e-05  3.153e-06  1.076e-05
-8.077e-06  1.611e-05  6.977e-06  8.584e-06  7.491e-06  8.724e-06
 4.607e-07  1.189e-05  1.298e-05  5.190e-06  1.059e-05  5.360e-06
 4.318e-06  1.311e-06  1.617e-05  1.758e-06  1.192e-05  1.329e-06
 1.553e-06 -7.318e-06  1.739e-05 -1.270e-06  1.131e-05 -2.585e-06
-3.401e-06 -7.141e-06  1.435e-05 -3.723e-06  9.030e-06 -5.637e-06
-5.256e-06  1.371e-06  4.268e-06 -5.648e-06  5.718e-06 -7.300e-06
-1.803e-06  9.023e-06 -1.003e-05 -7.159e-06  2.184e-06 -7.376e-06
 3.940e-06  8.757e-06 -2.248e-05 -8.235e-06 -8.132e-07 -6.009e-06
 6.104e-06  1.770e-06 -2.824e-05 -8.613e-06 -2.765e-06 -3.640e-06
 2.149e-06 -1.301e-06 -2.685e-05 -7.879e-06 -3.487e-06 -8.880e-07
-3.559e-06  3.661e-06 -2.111e-05 -5.727e-06 -3.102e-06  1.587e-06
-4.361e-06  1.126e-05 -1.666e-05 -2.224e-06 -1.986e-06  3.241e-06
 9.861e-07  1.330e-05 -1.707e-05  2.103e-06 -6.702e-07  3.812e-06
 7.648e-06  5.942e-06 -2.051e-05  6.379e-06  3.155e-07  3.411e-06
 8.819e-06 -3.672e-06 -2.050e-05  9.639e-06  6.010e-07  2.447e-06
 3.645e-06 -7.388e-06 -1.149e-05  1.112e-05  8.951e-08  1.461e-06
-2.274e-06 -3.266e-06  9.841e-07  1.050e-05 -1.008e-06  9.172e-07
-2.740e-06  1.212e-06  7.116e-06  8.004e-06 -2.272e-06  1.035e-06
 3.006e-06  3.747e-07  2.555e-06  4.270e-06 -3.236e-06  1.749e-06
 8.262e-06 -4.399e-06 -7.446e-06  1.147e-07 -3.534e-06  2.750e-06
 7.119e-06 -6.952e-06 -1.550e-05 -3.765e-06 -3.018e-06  3.576e-06
 9.239e-07 -4.761e-06 -1.895e-05 -6.935e-06 -1.812e-06  3.773e-06
-4.562e-06  1.679e-06 -1.961e-05 -9.207e-06 -2.768e-07  3.047e-06
-7.012e-06  8.720e-06 -1.793e-05 -1.051e-05  1.084e-06  1.374e-06
-8.733e-06  1.146e-05 -1.189e-05 -1.077e-05  1.792e-06 -9.643e-07
-1.232e-05  9.018e-06 -2.950e-06 -9.850e-06  1.591e-06 -3.460e-06
-1.610e-05  6.389e-06  6.461e-06 -7.613e-06  5.379e-07 -5.546e-06
-1.663e-05  8.070e-06  1.219e-05 -4.082e-06 -1.024e-06 -6.754e-06
-1.304e-05  1.083e-05  1.360e-05  3.712e-07 -2.578e-06 -6.854e-06
-8.526e-06  8.673e-06  1.302e-05  4.953e-06 -3.603e-06 -5.925e-06
-9.098e-06  4.462e-06  1.382e-05  8.610e-06 -3.743e-06 -4.326e-06
-1.593e-05  4.521e-06  1.861e-05  1.040e-05 -2.904e-06 -2.575e-06
-2.119e-05  8.854e-06  2.359e-05  9.874e-06 -1.290e-06 -1.195e-06
-1.698e-05  1.085e-05  2.124e-05  7.289e-06  6.319e-07 -5.379e-07
-6.182e-06  8.638e-06  1.109e-05  3.471e-06  2.301e-06 -6.648e-07
 2.224e-06  5.872e-06  1.758e-06 -4.963e-07  3.260e-06 -1.339e-06
 3.217e-06  4.004e-06  2.577e-07 -3.647e-06  3.309e-06 -2.108e-06
 1.230e-06  1.437e-06  4.877e-06 -5.381e-06  2.580e-06 -2.480e-06
 3.179e-06 -4.037e-06  6.629e-06 -5.534e-06  1.467e-06 -2.129e-06
 9.909e-06 -1.159e-05  2.348e-06 -4.289e-06  4.575e-07 -1.024e-06
 1.618e-05 -1.807e-05 -2.214e-06 -2.022e-06 -3.840e-08  5.683e-07
 1.735e-05 -1.804e-05 -1.373e-06  8.402e-07  1.701e-07  2.194e-06
 1.575e-05 -1.215e-05  5.078e-06  3.887e-06  9.798e-07  3.387e-06

#filename
NBC4.data
#dt   npts  dist   Az   Zcor VR
1.000  180 270.0 300.0   96  1.029e+01
#data T          R          Z    synth T          R          Z
 1.448e-05 -1.033e-05  1.066e-05 -7.685e-06  7.356e-07 -2.607e-06
 3.354e-06 -1.682e-05  7.715e-06 -4.205e-06  6.358e-07 -2.300e-06
-4.969e-06 -1.665e-05  1.016e-07 -2.516e-07  5.178e-07 -1.909e-06
-4.652e-06 -1.151e-05 -7.413e-06  3.320e-06  3.898e-07 -1.390e-06
 3.039e-06 -5.090e-06 -1.071e-05  5.722e-06  1.853e-07 -8.145e-07
 1.169e-05 -4.144e-07 -7.848e-06  6.442e-06 -3.560e-08 -2.977e-07
 1.455e-05  1.143e-06 -1.624e-07  5.341e-06 -2.267e-07  1.680e-07
 9.351e-06  1.388e-08  7.852e-06  2.647e-06 -3.645e-07  5.643e-07
-1.386e-07 -2.327e-06  1.078e-05 -1.106e-06 -4.037e-07  9.489e-07
-7.551e-06 -4.122e-06  6.287e-06 -5.162e-06 -3.648e-07  1.345e-06
-8.755e-06 -4.075e-06 -2.904e-06 -8.676e-06 -2.623e-07  1.726e-06
-4.082e-06 -1.969e-06 -1.068e-05 -1.089e-05 -1.404e-07  2.133e-06
 2.718e-06  1.015e-06 -1.159e-05 -1.127e-05 -1.459e-08  2.501e-06
 7.379e-06  2.331e-06 -5.165e-06 -9.715e-06  2.038e-07  2.762e-06
 7.392e-06  1.685e-07  3.705e-06 -6.516e-06  5.265e-07  2.922e-06
 3.515e-06 -4.544e-06  8.969e-06 -2.349e-06  8.748e-07  2.973e-06
-7.093e-07 -8.879e-06  8.199e-06  1.907e-06  1.174e-06  2.931e-06
-2.584e-06 -1.030e-05  4.200e-06  5.372e-06  1.383e-06  2.775e-06
-3.069e-06 -8.247e-06  1.645e-06  7.368e-06  1.523e-06  2.467e-06
-4.702e-06 -4.092e-06  2.405e-06  7.558e-06  1.632e-06  2.001e-06
-7.005e-06 -9.590e-09  4.510e-06  6.015e-06  1.741e-06  1.442e-06
-6.711e-06  2.410e-06  4.538e-06  3.230e-06  1.806e-06  9.079e-07
-2.346e-06  3.221e-06  6.395e-07  1.232e-08  1.749e-06  4.228e-07
 3.104e-06  3.732e-06 -5.721e-06 -2.710e-06  1.573e-06 -6.526e-08
 4.931e-06  5.439e-06 -1.053e-05 -4.150e-06  1.341e-06 -5.801e-07
 1.708e-06  8.858e-06 -1.037e-05 -3.868e-06  1.101e-06 -1.101e-06
-3.276e-06  1.273e-05 -5.003e-06 -1.878e-06  8.461e-07 -1.581e-06
-5.713e-06  1.488e-05  2.058e-06  1.363e-06  5.351e-07 -1.978e-06
-4.839e-06  1.331e-05  6.152e-06  5.067e-06  1.478e-07 -2.269e-06
-3.665e-06  7.313e-06  5.814e-06  8.312e-06 -2.778e-07 -2.457e-06
-5.240e-06 -9.499e-07  4.091e-06  1.027e-05 -6.652e-07 -2.547e-06
-9.523e-06 -7.434e-06  4.652e-06  1.044e-05 -1.003e-06 -2.505e-06
-1.405e-05 -9.200e-06  7.123e-06  8.774e-06 -1.376e-06 -2.310e-06
-1.595e-05 -6.765e-06  7.628e-06  5.685e-06 -1.821e-06 -2.004e-06
-1.319e-05 -3.294e-06  4.095e-06  1.954e-06 -2.235e-06 -1.666e-06
-6.023e-06 -1.254e-06 -9.512e-07 -1.494e-06 -2.473e-06 -1.334e-06
 1.871e-06 -5.563e-07 -3.785e-06 -3.830e-06 -2.484e-06 -9.757e-07
 5.426e-06 -4.358e-07 -3.690e-06 -4.554e-06 -2.348e-06 -5.135e-07
 2.864e-06 -1.477e-06 -3.029e-06 -3.659e-06 -2.192e-06  7.326e-08
-2.121e-06 -3.897e-06 -4.002e-06 -1.625e-06 -2.064e-06  6.820e-07
-4.240e-06 -5.886e-06 -6.127e-06  7.401e-07 -1.886e-06  1.193e-06
-1.992e-06 -5.201e-06 -6.690e-06  2.553e-06 -1.553e-06  1.589e-06
 1.660e-06 -2.433e-06 -3.977e-06  3.115e-06 -1.063e-06  1.931e-06
 3.419e-06 -1.014e-06  3.809e-08  2.107e-06 -5.411e-07  2.254e-06
 2.648e-06 -3.241e-06  1.009e-06 -3.206e-07 -1.308e-07  2.498e-06
 5.438e-07 -7.376e-06 -2.560e-06 -3.588e-06  1.826e-07  2.545e-06
-1.253e-06 -9.283e-06 -6.521e-06 -6.844e-06  5.555e-07  2.366e-06
-1.433e-06 -6.896e-06 -5.486e-06 -9.200e-06  1.091e-06  2.053e-06
-1.703e-07 -1.620e-06  1.017e-06 -1.001e-05  1.719e-06  1.719e-06
 1.594e-07  4.092e-06  8.130e-06 -9.075e-06  2.254e-06  1.416e-06
-2.153e-06  7.981e-06  1.079e-05 -6.731e-06  2.548e-06  1.089e-06
-5.296e-06  8.346e-06  7.651e-06 -3.694e-06  2.631e-06  6.241e-07
-5.401e-06  5.552e-06  5.064e-07 -8.303e-07  2.640e-06 -1.413e-08
-1.413e-07  2.327e-06 -7.359e-06  1.112e-06  2.649e-06 -7.451e-07
 9.049e-06  1.970e-06 -1.222e-05  1.715e-06  2.606e-06 -1.456e-06
 1.785e-05  4.874e-06 -1.113e-05  1.018e-06  2.417e-06 -2.085e-06
 2.213e-05  7.555e-06 -4.944e-06 -4.775e-07  2.045e-06 -2.647e-06
 2.027e-05  7.162e-06  5.573e-07 -1.989e-06  1.559e-06 -3.167e-06
 1.343e-05  5.678e-06 -5.289e-07 -2.730e-06  1.074e-06 -3.592e-06
 5.015e-06  7.137e-06 -8.058e-06 -2.183e-06  6.315e-07 -3.840e-06
-6.176e-07  1.187e-05 -1.555e-05 -2.747e-07  1.748e-07 -3.890e-06
-1.383e-06  1.629e-05 -1.649e-05  2.590e-06 -3.669e-07 -3.791e-06
 7.763e-07  1.723e-05 -9.507e-06  5.661e-06 -9.968e-07 -3.607e-06
 2.379e-06  1.442e-05  2.257e-06  8.109e-06 -1.624e-06 -3.366e-06
 1.576e-06  8.863e-06  1.430e-05  9.299e-06 -2.134e-06 -3.045e-06
-2.970e-07  1.450e-06  2.304e-05  8.994e-06 -2.494e-06 -2.605e-06
 2.433e-07 -7.510e-06  2.677e-05  7.410e-06 -2.740e-06 -2.034e-06
 4.930e-06 -1.788e-05  2.570e-05  5.134e-06 -2.908e-06 -1.340e-06
 1.111e-05 -2.861e-05  2.136e-05  2.919e-06 -3.009e-06 -5.624e-07
 1.476e-05 -3.725e-05  1.542e-05  1.424e-06 -3.022e-06  2.345e-07
 1.491e-05 -3.994e-05  8.864e-06  9.880e-07 -2.911e-06  9.959e-07
 1.332e-05 -3.406e-05  2.576e-06  1.502e-06 -2.682e-06  1.693e-06
 1.120e-05 -2.204e-05 -2.474e-06  2.453e-06 -2.371e-06  2.304e-06
 6.923e-06 -9.159e-06 -6.234e-06  3.122e-06 -2.006e-06  2.810e-06
-2.692e-06  2.435e-06 -8.697e-06  2.881e-06 -1.602e-06  3.211e-06
-1.687e-05  1.265e-05 -9.759e-06  1.453e-06 -1.154e-06  3.525e-06
-3.047e-05  2.227e-05 -1.063e-05 -9.749e-07 -6.507e-07  3.761e-06
-3.773e-05  3.042e-05 -1.168e-05 -3.828e-06 -1.034e-07  3.906e-06
-3.700e-05  3.434e-05 -1.112e-05 -6.364e-06  4.438e-07  3.926e-06
-3.071e-05  3.138e-05 -6.286e-06 -7.946e-06  9.553e-07  3.794e-06
-2.220e-05  2.118e-05  3.746e-06 -8.266e-06  1.416e-06  3.500e-06
-1.509e-05  7.384e-06  1.449e-05 -7.437e-06  1.818e-06  3.032e-06
-1.218e-05 -4.558e-06  1.948e-05 -5.925e-06  2.154e-06  2.388e-06
-1.413e-05 -9.763e-06  1.576e-05 -4.366e-06  2.400e-06  1.621e-06
-1.772e-05 -8.207e-06  6.060e-06 -3.306e-06  2.505e-06  8.106e-07
-1.764e-05 -5.234e-06 -2.970e-06 -2.991e-06  2.420e-06  2.495e-08
-1.169e-05 -6.555e-06 -6.269e-06 -3.280e-06  2.121e-06 -6.812e-07
-3.237e-06 -1.171e-05 -4.243e-06 -3.710e-06  1.625e-06 -1.265e-06
 1.741e-06 -1.378e-05 -1.931e-06 -3.691e-06  9.899e-07 -1.692e-06
-1.773e-08 -6.252e-06 -3.688e-06 -2.771e-06  3.013e-07 -1.919e-06
-5.944e-06  8.865e-06 -8.887e-06 -8.447e-07 -3.578e-07 -1.912e-06
-9.093e-06  2.109e-05 -1.306e-05  1.776e-06 -9.175e-07 -1.678e-06
-2.700e-06  2.128e-05 -1.258e-05  4.472e-06 -1.318e-06 -1.243e-06
 1.426e-05  1.025e-05 -8.651e-06  6.559e-06 -1.502e-06 -6.610e-07
 3.563e-05 -1.571e-06 -6.024e-06  7.551e-06 -1.430e-06 -3.704e-08
 5.195e-05 -4.179e-06 -8.918e-06  7.351e-06 -1.129e-06  4.962e-07
 5.883e-05  4.029e-06 -1.803e-05  6.267e-06 -6.985e-07  8.297e-07
 5.912e-05  1.654e-05 -2.854e-05  4.863e-06 -2.601e-07  8.896e-07
 5.793e-05  2.602e-05 -3.373e-05  3.709e-06  6.847e-08  6.451e-07
 5.888e-05  2.892e-05 -3.080e-05  3.132e-06  1.844e-07  1.591e-07
 5.981e-05  2.558e-05 -2.259e-05  3.069e-06  4.695e-08 -4.026e-07
 5.303e-05  1.783e-05 -1.563e-05  3.111e-06 -3.329e-07 -8.448e-07
 3.441e-05  5.860e-06 -1.510e-05  2.709e-06 -9.345e-07 -1.003e-06
 7.984e-06 -1.314e-05 -1.343e-05  1.446e-06 -1.669e-06 -7.556e-07
-2.098e-05 -4.136e-05 -5.058e-06 -7.521e-07 -2.310e-06 -6.793e-08
-5.321e-05 -7.143e-05  1.191e-05 -3.538e-06 -2.575e-06  9.566e-07
-7.819e-05 -9.762e-05  3.597e-05 -6.254e-06 -2.238e-06  2.093e-06
-8.359e-05 -1.122e-04  6.051e-05 -8.180e-06 -1.185e-06  3.048e-06
-6.581e-05 -1.043e-04  8.361e-05 -8.811e-06  5.304e-07  3.504e-06
-2.777e-05 -7.114e-05  1.057e-04 -8.061e-06  2.676e-06  3.189e-06
 1.249e-05 -1.810e-05  1.208e-04 -6.299e-06  4.907e-06  1.950e-06
 3.303e-05  4.481e-05  1.153e-04 -4.166e-06  6.811e-06 -2.306e-07
 2.387e-05  1.003e-04  8.061e-05 -2.280e-06  7.893e-06 -3.208e-06
-8.604e-06  1.300e-04  1.895e-05 -9.575e-07  7.676e-06 -6.605e-06
-4.557e-05  1.255e-04 -5.628e-05 -1.009e-07  5.912e-06 -9.822e-06
-6.983e-05  9.177e-05 -1.236e-04  7.135e-07  2.701e-06 -1.218e-05
-6.917e-05  4.098e-05 -1.624e-04  1.987e-06 -1.517e-06 -1.308e-05
-4.408e-05 -1.508e-05 -1.570e-04  3.995e-06 -6.065e-06 -1.210e-05
-4.481e-06 -6.463e-05 -1.115e-04  6.590e-06 -1.019e-05 -9.149e-06
 3.163e-05 -9.127e-05 -4.733e-05  9.202e-06 -1.316e-05 -4.487e-06
 4.949e-05 -8.451e-05  9.520e-06  1.106e-05 -1.439e-05  1.324e-06
 4.533e-05 -5.124e-05  4.400e-05  1.150e-05 -1.343e-05  7.433e-06
 2.842e-05 -1.187e-05  5.575e-05  1.023e-05 -1.023e-05  1.277e-05
 9.600e-06  1.462e-05  5.141e-05  7.450e-06 -5.234e-06  1.630e-05
-4.437e-06  2.328e-05  3.892e-05  3.782e-06  6.730e-07  1.731e-05
-1.182e-05  2.183e-05  2.573e-05  2.182e-09  6.411e-06  1.566e-05
-1.082e-05  1.940e-05  1.658e-05 -3.251e-06  1.100e-05  1.173e-05
-4.675e-06  2.245e-05  1.013e-05 -5.677e-06  1.375e-05  6.337e-06
 1.228e-06  2.849e-05  1.869e-06 -7.348e-06  1.429e-05  4.442e-07
 1.040e-06  2.857e-05 -6.898e-06 -8.560e-06  1.262e-05 -4.980e-06
-3.778e-06  1.535e-05 -1.019e-05 -9.589e-06  9.118e-06 -9.075e-06
-7.761e-06 -5.932e-06 -4.637e-06 -1.045e-05  4.590e-06 -1.122e-05
-6.366e-06 -1.771e-05  5.151e-06 -1.083e-05  1.499e-07 -1.121e-05
-4.204e-07 -9.578e-06  1.143e-05 -1.022e-05 -3.164e-06 -9.357e-06
 6.062e-06  9.554e-06  8.101e-06 -8.226e-06 -4.767e-06 -6.411e-06
 9.526e-06  2.399e-05 -3.355e-06 -4.787e-06 -4.686e-06 -3.300e-06
 9.368e-06  2.773e-05 -1.269e-05 -3.299e-07 -3.398e-06 -8.094e-07
 8.760e-06  2.287e-05 -1.276e-05  4.331e-06 -1.550e-06  6.076e-07
 1.146e-05  1.664e-05 -6.373e-06  8.251e-06  2.527e-07  8.741e-07
 1.723e-05  1.315e-05 -1.508e-06  1.069e-05  1.520e-06  2.463e-07
 2.208e-05  9.017e-06 -2.420e-06  1.137e-05  1.901e-06 -7.817e-07
 1.840e-05 -6.630e-07 -5.445e-06  1.047e-05  1.275e-06 -1.590e-06
 5.186e-06 -1.491e-05 -5.250e-06  8.454e-06 -1.007e-07 -1.605e-06
-8.792e-06 -2.317e-05 -5.122e-07  5.811e-06 -1.603e-06 -5.538e-07
-1.340e-05 -1.789e-05  4.766e-06  2.904e-06 -2.513e-06  1.379e-06
-8.019e-06 -2.418e-06  7.079e-06 -7.381e-08 -2.353e-06  3.619e-06
-2.216e-06  1.188e-05  6.184e-06 -3.033e-06 -1.106e-06  5.425e-06
-3.450e-06  1.412e-05  3.473e-06 -5.840e-06  8.010e-07  6.204e-06
-6.698e-06  5.167e-06  1.566e-06 -8.189e-06  2.736e-06  5.719e-06
-2.956e-06 -5.511e-06  2.660e-06 -9.581e-06  4.100e-06  4.106e-06
 7.720e-06 -8.827e-06  5.798e-06 -9.493e-06  4.460e-06  1.798e-06
 1.507e-05 -6.931e-06  5.835e-06 -7.646e-06  3.630e-06 -5.813e-07
 1.129e-05 -8.490e-06 -7.929e-07 -4.216e-06  1.725e-06 -2.375e-06
-1.347e-06 -1.544e-05 -9.389e-06  1.515e-07 -8.234e-07 -3.066e-06
-9.358e-06 -1.994e-05 -1.246e-05  4.515e-06 -3.326e-06 -2.459e-06
-5.247e-06 -1.304e-05 -7.476e-06  7.928e-06 -5.048e-06 -7.927e-07
 2.869e-06  2.208e-07 -2.510e-06  9.720e-06 -5.514e-06  1.334e-06
 3.417e-06  6.608e-06 -2.779e-06  9.685e-06 -4.696e-06  3.206e-06
-3.212e-06 -2.987e-08 -4.013e-06  8.080e-06 -3.006e-06  4.241e-06
-6.699e-06 -1.029e-05 -2.008e-06  5.446e-06 -1.126e-06  4.174e-06
-2.965e-07 -1.370e-05  2.801e-06  2.340e-06  2.824e-07  3.128e-06
 7.064e-06 -1.126e-05  7.863e-06 -8.421e-07  8.187e-07  1.531e-06
 4.565e-06 -1.166e-05  1.181e-05 -3.851e-06  4.293e-07 -3.409e-08
-4.706e-06 -1.580e-05  1.446e-05 -6.445e-06 -6.072e-07 -1.019e-06
-7.012e-06 -1.479e-05  1.288e-05 -8.268e-06 -1.778e-06 -1.115e-06
 1.904e-06 -5.306e-06  5.086e-06 -8.882e-06 -2.522e-06 -3.681e-07
 1.084e-05  6.763e-07 -3.272e-06 -7.958e-06 -2.415e-06  8.359e-07
 8.032e-06 -3.883e-06 -5.421e-06 -5.492e-06 -1.333e-06  1.917e-06
-1.738e-07 -1.195e-05 -2.165e-06 -1.925e-06  4.701e-07  2.331e-06
-1.164e-06 -1.173e-05  1.098e-06  1.925e-06  2.440e-06  1.800e-06
-7.615e-08 -2.686e-06  2.450e-07  5.085e-06  3.947e-06  4.189e-07
-8.574e-06  2.954e-06 -4.147e-06  6.728e-06  4.519e-06 -1.379e-06
-2.109e-05  4.347e-07 -1.088e-05  6.450e-06  4.032e-06 -2.984e-06
-1.907e-05 -3.009e-06 -1.653e-05  4.403e-06  2.764e-06 -3.839e-06
-2.373e-06 -4.110e-06 -1.615e-05  1.228e-06  1.271e-06 -3.662e-06
 1.031e-05 -3.820e-06 -8.858e-06 -2.190e-06  1.540e-07 -2.552e-06
 1.415e-05 -7.216e-07  2.016e-06 -5.044e-06 -1.671e-07 -9.551e-07
 1.726e-05  6.828e-06  1.262e-05 -6.823e-06  3.772e-07  5.034e-07
 1.533e-05  8.972e-06  1.954e-05 -7.358e-06  1.487e-06  1.277e-06
 9.152e-07  2.042e-06  1.758e-05 -6.700e-06  2.636e-06  1.116e-06
