 FL =   0.00000     FU =   0.50000     DF =   0.00195
     N1 =   1     N2 = 256     DEPTH =      8.00 N =  512     NSKIP =    1
 ALPHA =   0.00350     DT =     1.000  XLENG=   0.4100E+04  XFAC =   1.50
 0.1900E+01 0.3406E+01 0.2009E+01 0.2215E+01 0.1667E-02 0.3333E-02
 0.6100E+01 0.5544E+01 0.3295E+01 0.2609E+01 0.1667E-02 0.3333E-02
 0.1000E+00 0.5544E+01 0.3295E+01 0.2609E+01 0.1667E-02 0.3333E-02
 0.1290E+02 0.6271E+01 0.3739E+01 0.2781E+01 0.1667E-02 0.3333E-02
 0.1900E+02 0.6407E+01 0.3768E+01 0.2822E+01 0.1667E-02 0.3333E-02
 0.6000E+03 0.7407E+01 0.4768E+01 0.2822E+01 0.1667E-02 0.3333E-02
 FREQUENCIES FOR WHICH RESPONSE COMPUTED
              1  F =    0.1953E-04 NBLOCK =      1 IBLOCK=   2
              2  F =    0.1953E-02 NBLOCK =      1 IBLOCK=  12
              3  F =    0.3906E-02 NBLOCK =      1 IBLOCK=  22
              4  F =    0.5859E-02 NBLOCK =      1 IBLOCK=  32
              5  F =    0.7812E-02 NBLOCK =      1 IBLOCK=  42
              6  F =    0.9766E-02 NBLOCK =      1 IBLOCK=  52
              7  F =    0.1172E-01 NBLOCK =      1 IBLOCK=  62
              8  F =    0.1367E-01 NBLOCK =      1 IBLOCK=  72
              9  F =    0.1562E-01 NBLOCK =      1 IBLOCK=  82
             10  F =    0.1758E-01 NBLOCK =      1 IBLOCK=  92
             11  F =    0.1953E-01 NBLOCK =      2 IBLOCK=   2
             12  F =    0.2148E-01 NBLOCK =      2 IBLOCK=  12
             13  F =    0.2344E-01 NBLOCK =      2 IBLOCK=  22
             14  F =    0.2539E-01 NBLOCK =      2 IBLOCK=  32
             15  F =    0.2734E-01 NBLOCK =      2 IBLOCK=  42
             16  F =    0.2930E-01 NBLOCK =      2 IBLOCK=  52
             17  F =    0.3125E-01 NBLOCK =      2 IBLOCK=  62
             18  F =    0.3320E-01 NBLOCK =      2 IBLOCK=  72
             19  F =    0.3516E-01 NBLOCK =      2 IBLOCK=  82
             20  F =    0.3711E-01 NBLOCK =      2 IBLOCK=  92
             21  F =    0.3906E-01 NBLOCK =      3 IBLOCK=   2
             22  F =    0.4102E-01 NBLOCK =      3 IBLOCK=  12
             23  F =    0.4297E-01 NBLOCK =      3 IBLOCK=  22
             24  F =    0.4492E-01 NBLOCK =      3 IBLOCK=  32
             25  F =    0.4688E-01 NBLOCK =      3 IBLOCK=  42
             26  F =    0.4883E-01 NBLOCK =      3 IBLOCK=  52
             27  F =    0.5078E-01 NBLOCK =      3 IBLOCK=  62
             28  F =    0.5273E-01 NBLOCK =      3 IBLOCK=  72
             29  F =    0.5469E-01 NBLOCK =      3 IBLOCK=  82
             30  F =    0.5664E-01 NBLOCK =      3 IBLOCK=  92
             31  F =    0.5859E-01 NBLOCK =      4 IBLOCK=   2
             32  F =    0.6055E-01 NBLOCK =      4 IBLOCK=  12
             33  F =    0.6250E-01 NBLOCK =      4 IBLOCK=  22
             34  F =    0.6445E-01 NBLOCK =      4 IBLOCK=  32
             35  F =    0.6641E-01 NBLOCK =      4 IBLOCK=  42
             36  F =    0.6836E-01 NBLOCK =      4 IBLOCK=  52
             37  F =    0.7031E-01 NBLOCK =      4 IBLOCK=  62
             38  F =    0.7227E-01 NBLOCK =      4 IBLOCK=  72
             39  F =    0.7422E-01 NBLOCK =      4 IBLOCK=  82
             40  F =    0.7617E-01 NBLOCK =      4 IBLOCK=  92
             41  F =    0.7812E-01 NBLOCK =      5 IBLOCK=   2
             42  F =    0.8008E-01 NBLOCK =      5 IBLOCK=  12
             43  F =    0.8203E-01 NBLOCK =      5 IBLOCK=  22
             44  F =    0.8398E-01 NBLOCK =      5 IBLOCK=  32
             45  F =    0.8594E-01 NBLOCK =      5 IBLOCK=  42
             46  F =    0.8789E-01 NBLOCK =      5 IBLOCK=  52
             47  F =    0.8984E-01 NBLOCK =      5 IBLOCK=  62
             48  F =    0.9180E-01 NBLOCK =      5 IBLOCK=  72
             49  F =    0.9375E-01 NBLOCK =      5 IBLOCK=  82
             50  F =    0.9570E-01 NBLOCK =      5 IBLOCK=  92
             51  F =    0.9766E-01 NBLOCK =      6 IBLOCK=   2
             52  F =    0.9961E-01 NBLOCK =      6 IBLOCK=  12
             53  F =    0.1016E+00 NBLOCK =      6 IBLOCK=  22
             54  F =    0.1035E+00 NBLOCK =      6 IBLOCK=  32
             55  F =    0.1055E+00 NBLOCK =      6 IBLOCK=  42
             56  F =    0.1074E+00 NBLOCK =      6 IBLOCK=  52
             57  F =    0.1094E+00 NBLOCK =      6 IBLOCK=  62
             58  F =    0.1113E+00 NBLOCK =      6 IBLOCK=  72
             59  F =    0.1133E+00 NBLOCK =      6 IBLOCK=  82
             60  F =    0.1152E+00 NBLOCK =      6 IBLOCK=  92
             61  F =    0.1172E+00 NBLOCK =      7 IBLOCK=   2
             62  F =    0.1191E+00 NBLOCK =      7 IBLOCK=  12
             63  F =    0.1211E+00 NBLOCK =      7 IBLOCK=  22
             64  F =    0.1230E+00 NBLOCK =      7 IBLOCK=  32
             65  F =    0.1250E+00 NBLOCK =      7 IBLOCK=  42
             66  F =    0.1270E+00 NBLOCK =      7 IBLOCK=  52
             67  F =    0.1289E+00 NBLOCK =      7 IBLOCK=  62
             68  F =    0.1309E+00 NBLOCK =      7 IBLOCK=  72
             69  F =    0.1328E+00 NBLOCK =      7 IBLOCK=  82
             70  F =    0.1348E+00 NBLOCK =      7 IBLOCK=  92
             71  F =    0.1367E+00 NBLOCK =      8 IBLOCK=   2
             72  F =    0.1387E+00 NBLOCK =      8 IBLOCK=  12
             73  F =    0.1406E+00 NBLOCK =      8 IBLOCK=  22
             74  F =    0.1426E+00 NBLOCK =      8 IBLOCK=  32
             75  F =    0.1445E+00 NBLOCK =      8 IBLOCK=  42
             76  F =    0.1465E+00 NBLOCK =      8 IBLOCK=  52
             77  F =    0.1484E+00 NBLOCK =      8 IBLOCK=  62
             78  F =    0.1504E+00 NBLOCK =      8 IBLOCK=  72
             79  F =    0.1523E+00 NBLOCK =      8 IBLOCK=  82
             80  F =    0.1543E+00 NBLOCK =      8 IBLOCK=  92
             81  F =    0.1562E+00 NBLOCK =      9 IBLOCK=   2
             82  F =    0.1582E+00 NBLOCK =      9 IBLOCK=  12
             83  F =    0.1602E+00 NBLOCK =      9 IBLOCK=  22
             84  F =    0.1621E+00 NBLOCK =      9 IBLOCK=  32
             85  F =    0.1641E+00 NBLOCK =      9 IBLOCK=  42
             86  F =    0.1660E+00 NBLOCK =      9 IBLOCK=  52
             87  F =    0.1680E+00 NBLOCK =      9 IBLOCK=  62
             88  F =    0.1699E+00 NBLOCK =      9 IBLOCK=  72
             89  F =    0.1719E+00 NBLOCK =      9 IBLOCK=  82
             90  F =    0.1738E+00 NBLOCK =      9 IBLOCK=  92
             91  F =    0.1758E+00 NBLOCK =     10 IBLOCK=   2
             92  F =    0.1777E+00 NBLOCK =     10 IBLOCK=  12
             93  F =    0.1797E+00 NBLOCK =     10 IBLOCK=  22
             94  F =    0.1816E+00 NBLOCK =     10 IBLOCK=  32
             95  F =    0.1836E+00 NBLOCK =     10 IBLOCK=  42
             96  F =    0.1855E+00 NBLOCK =     10 IBLOCK=  52
             97  F =    0.1875E+00 NBLOCK =     10 IBLOCK=  62
             98  F =    0.1895E+00 NBLOCK =     10 IBLOCK=  72
             99  F =    0.1914E+00 NBLOCK =     10 IBLOCK=  82
            100  F =    0.1934E+00 NBLOCK =     10 IBLOCK=  92
            101  F =    0.1953E+00 NBLOCK =     11 IBLOCK=   2
            102  F =    0.1973E+00 NBLOCK =     11 IBLOCK=  12
            103  F =    0.1992E+00 NBLOCK =     11 IBLOCK=  19
            104  F =    0.2012E+00 NBLOCK =     11 IBLOCK=  25
            105  F =    0.2031E+00 NBLOCK =     11 IBLOCK=  31
            106  F =    0.2051E+00 NBLOCK =     11 IBLOCK=  37
            107  F =    0.2070E+00 NBLOCK =     11 IBLOCK=  43
            108  F =    0.2090E+00 NBLOCK =     11 IBLOCK=  49
            109  F =    0.2109E+00 NBLOCK =     11 IBLOCK=  55
            110  F =    0.2129E+00 NBLOCK =     11 IBLOCK=  61
            111  F =    0.2148E+00 NBLOCK =     11 IBLOCK=  67
            112  F =    0.2168E+00 NBLOCK =     11 IBLOCK=  73
            113  F =    0.2188E+00 NBLOCK =     11 IBLOCK=  79
            114  F =    0.2207E+00 NBLOCK =     11 IBLOCK=  85
            115  F =    0.2227E+00 NBLOCK =     11 IBLOCK=  91
            116  F =    0.2246E+00 NBLOCK =     11 IBLOCK=  97
            117  F =    0.2266E+00 NBLOCK =     12 IBLOCK=   3
            118  F =    0.2285E+00 NBLOCK =     12 IBLOCK=   9
            119  F =    0.2305E+00 NBLOCK =     12 IBLOCK=  15
            120  F =    0.2324E+00 NBLOCK =     12 IBLOCK=  21
            121  F =    0.2344E+00 NBLOCK =     12 IBLOCK=  27
            122  F =    0.2363E+00 NBLOCK =     12 IBLOCK=  33
            123  F =    0.2383E+00 NBLOCK =     12 IBLOCK=  39
            124  F =    0.2402E+00 NBLOCK =     12 IBLOCK=  45
            125  F =    0.2422E+00 NBLOCK =     12 IBLOCK=  51
            126  F =    0.2441E+00 NBLOCK =     12 IBLOCK=  57
            127  F =    0.2461E+00 NBLOCK =     12 IBLOCK=  63
            128  F =    0.2480E+00 NBLOCK =     12 IBLOCK=  69
            129  F =    0.2500E+00 NBLOCK =     12 IBLOCK=  75
            130  F =    0.2520E+00 NBLOCK =     12 IBLOCK=  81
            131  F =    0.2539E+00 NBLOCK =     12 IBLOCK=  87
            132  F =    0.2559E+00 NBLOCK =     12 IBLOCK=  93
            133  F =    0.2578E+00 NBLOCK =     12 IBLOCK=  99
            134  F =    0.2598E+00 NBLOCK =     13 IBLOCK=   5
            135  F =    0.2617E+00 NBLOCK =     13 IBLOCK=  11
            136  F =    0.2637E+00 NBLOCK =     13 IBLOCK=  16
            137  F =    0.2656E+00 NBLOCK =     13 IBLOCK=  22
            138  F =    0.2676E+00 NBLOCK =     13 IBLOCK=  28
            139  F =    0.2695E+00 NBLOCK =     13 IBLOCK=  34
            140  F =    0.2715E+00 NBLOCK =     13 IBLOCK=  40
            141  F =    0.2734E+00 NBLOCK =     13 IBLOCK=  46
            142  F =    0.2754E+00 NBLOCK =     13 IBLOCK=  52
            143  F =    0.2773E+00 NBLOCK =     13 IBLOCK=  58
            144  F =    0.2793E+00 NBLOCK =     13 IBLOCK=  64
            145  F =    0.2812E+00 NBLOCK =     13 IBLOCK=  70
            146  F =    0.2832E+00 NBLOCK =     13 IBLOCK=  76
            147  F =    0.2852E+00 NBLOCK =     13 IBLOCK=  82
            148  F =    0.2871E+00 NBLOCK =     13 IBLOCK=  88
            149  F =    0.2891E+00 NBLOCK =     13 IBLOCK=  94
            150  F =    0.2910E+00 NBLOCK =     13 IBLOCK= 100
            151  F =    0.2930E+00 NBLOCK =     14 IBLOCK=   6
            152  F =    0.2949E+00 NBLOCK =     14 IBLOCK=  12
            153  F =    0.2969E+00 NBLOCK =     14 IBLOCK=  18
            154  F =    0.2988E+00 NBLOCK =     14 IBLOCK=  24
            155  F =    0.3008E+00 NBLOCK =     14 IBLOCK=  30
            156  F =    0.3027E+00 NBLOCK =     14 IBLOCK=  36
            157  F =    0.3047E+00 NBLOCK =     14 IBLOCK=  42
            158  F =    0.3066E+00 NBLOCK =     14 IBLOCK=  48
            159  F =    0.3086E+00 NBLOCK =     14 IBLOCK=  54
            160  F =    0.3105E+00 NBLOCK =     14 IBLOCK=  60
            161  F =    0.3125E+00 NBLOCK =     14 IBLOCK=  66
            162  F =    0.3145E+00 NBLOCK =     14 IBLOCK=  72
            163  F =    0.3164E+00 NBLOCK =     14 IBLOCK=  78
            164  F =    0.3184E+00 NBLOCK =     14 IBLOCK=  84
            165  F =    0.3203E+00 NBLOCK =     14 IBLOCK=  90
            166  F =    0.3223E+00 NBLOCK =     14 IBLOCK=  96
            167  F =    0.3242E+00 NBLOCK =     15 IBLOCK=   2
            168  F =    0.3262E+00 NBLOCK =     15 IBLOCK=   8
            169  F =    0.3281E+00 NBLOCK =     15 IBLOCK=  14
            170  F =    0.3301E+00 NBLOCK =     15 IBLOCK=  20
            171  F =    0.3320E+00 NBLOCK =     15 IBLOCK=  26
            172  F =    0.3340E+00 NBLOCK =     15 IBLOCK=  32
            173  F =    0.3359E+00 NBLOCK =     15 IBLOCK=  38
            174  F =    0.3379E+00 NBLOCK =     15 IBLOCK=  44
            175  F =    0.3398E+00 NBLOCK =     15 IBLOCK=  50
            176  F =    0.3418E+00 NBLOCK =     15 IBLOCK=  56
            177  F =    0.3438E+00 NBLOCK =     15 IBLOCK=  62
            178  F =    0.3457E+00 NBLOCK =     15 IBLOCK=  68
            179  F =    0.3477E+00 NBLOCK =     15 IBLOCK=  74
            180  F =    0.3496E+00 NBLOCK =     15 IBLOCK=  80
            181  F =    0.3516E+00 NBLOCK =     15 IBLOCK=  86
            182  F =    0.3535E+00 NBLOCK =     15 IBLOCK=  92
            183  F =    0.3555E+00 NBLOCK =     15 IBLOCK=  98
            184  F =    0.3574E+00 NBLOCK =     16 IBLOCK=   3
            185  F =    0.3594E+00 NBLOCK =     16 IBLOCK=   9
            186  F =    0.3613E+00 NBLOCK =     16 IBLOCK=  15
            187  F =    0.3633E+00 NBLOCK =     16 IBLOCK=  21
            188  F =    0.3652E+00 NBLOCK =     16 IBLOCK=  27
            189  F =    0.3672E+00 NBLOCK =     16 IBLOCK=  33
            190  F =    0.3691E+00 NBLOCK =     16 IBLOCK=  39
            191  F =    0.3711E+00 NBLOCK =     16 IBLOCK=  45
            192  F =    0.3730E+00 NBLOCK =     16 IBLOCK=  51
            193  F =    0.3750E+00 NBLOCK =     16 IBLOCK=  57
            194  F =    0.3770E+00 NBLOCK =     16 IBLOCK=  63
            195  F =    0.3789E+00 NBLOCK =     16 IBLOCK=  69
            196  F =    0.3809E+00 NBLOCK =     16 IBLOCK=  75
            197  F =    0.3828E+00 NBLOCK =     16 IBLOCK=  81
            198  F =    0.3848E+00 NBLOCK =     16 IBLOCK=  87
            199  F =    0.3867E+00 NBLOCK =     16 IBLOCK=  93
            200  F =    0.3887E+00 NBLOCK =     16 IBLOCK=  99
            201  F =    0.3906E+00 NBLOCK =     17 IBLOCK=   5
            202  F =    0.3926E+00 NBLOCK =     17 IBLOCK=  11
            203  F =    0.3945E+00 NBLOCK =     17 IBLOCK=  17
            204  F =    0.3965E+00 NBLOCK =     17 IBLOCK=  23
            205  F =    0.3984E+00 NBLOCK =     17 IBLOCK=  29
            206  F =    0.4004E+00 NBLOCK =     17 IBLOCK=  35
            207  F =    0.4023E+00 NBLOCK =     17 IBLOCK=  41
            208  F =    0.4043E+00 NBLOCK =     17 IBLOCK=  47
            209  F =    0.4062E+00 NBLOCK =     17 IBLOCK=  53
            210  F =    0.4082E+00 NBLOCK =     17 IBLOCK=  59
            211  F =    0.4102E+00 NBLOCK =     17 IBLOCK=  65
            212  F =    0.4121E+00 NBLOCK =     17 IBLOCK=  71
            213  F =    0.4141E+00 NBLOCK =     17 IBLOCK=  77
            214  F =    0.4160E+00 NBLOCK =     17 IBLOCK=  83
            215  F =    0.4180E+00 NBLOCK =     17 IBLOCK=  89
            216  F =    0.4199E+00 NBLOCK =     17 IBLOCK=  95
            217  F =    0.4219E+00 NBLOCK =     18 IBLOCK=   1
            218  F =    0.4238E+00 NBLOCK =     18 IBLOCK=   7
            219  F =    0.4258E+00 NBLOCK =     18 IBLOCK=  13
            220  F =    0.4277E+00 NBLOCK =     18 IBLOCK=  19
            221  F =    0.4297E+00 NBLOCK =     18 IBLOCK=  25
            222  F =    0.4316E+00 NBLOCK =     18 IBLOCK=  31
            223  F =    0.4336E+00 NBLOCK =     18 IBLOCK=  37
            224  F =    0.4355E+00 NBLOCK =     18 IBLOCK=  43
            225  F =    0.4375E+00 NBLOCK =     18 IBLOCK=  49
            226  F =    0.4395E+00 NBLOCK =     18 IBLOCK=  55
            227  F =    0.4414E+00 NBLOCK =     18 IBLOCK=  61
            228  F =    0.4434E+00 NBLOCK =     18 IBLOCK=  67
            229  F =    0.4453E+00 NBLOCK =     18 IBLOCK=  73
            230  F =    0.4473E+00 NBLOCK =     18 IBLOCK=  79
            231  F =    0.4492E+00 NBLOCK =     18 IBLOCK=  84
            232  F =    0.4512E+00 NBLOCK =     18 IBLOCK=  90
            233  F =    0.4531E+00 NBLOCK =     18 IBLOCK=  96
            234  F =    0.4551E+00 NBLOCK =     19 IBLOCK=   2
            235  F =    0.4570E+00 NBLOCK =     19 IBLOCK=   8
            236  F =    0.4590E+00 NBLOCK =     19 IBLOCK=  14
            237  F =    0.4609E+00 NBLOCK =     19 IBLOCK=  20
            238  F =    0.4629E+00 NBLOCK =     19 IBLOCK=  26
            239  F =    0.4648E+00 NBLOCK =     19 IBLOCK=  32
            240  F =    0.4668E+00 NBLOCK =     19 IBLOCK=  38
            241  F =    0.4688E+00 NBLOCK =     19 IBLOCK=  44
            242  F =    0.4707E+00 NBLOCK =     19 IBLOCK=  50
            243  F =    0.4727E+00 NBLOCK =     19 IBLOCK=  56
            244  F =    0.4746E+00 NBLOCK =     19 IBLOCK=  62
            245  F =    0.4766E+00 NBLOCK =     19 IBLOCK=  68
            246  F =    0.4785E+00 NBLOCK =     19 IBLOCK=  74
            247  F =    0.4805E+00 NBLOCK =     19 IBLOCK=  80
            248  F =    0.4824E+00 NBLOCK =     19 IBLOCK=  86
            249  F =    0.4844E+00 NBLOCK =     19 IBLOCK=  92
            250  F =    0.4863E+00 NBLOCK =     19 IBLOCK=  98
            251  F =    0.4883E+00 NBLOCK =     20 IBLOCK=   4
            252  F =    0.4902E+00 NBLOCK =     20 IBLOCK=  10
            253  F =    0.4922E+00 NBLOCK =     20 IBLOCK=  16
            254  F =    0.4941E+00 NBLOCK =     20 IBLOCK=  22
            255  F =    0.4961E+00 NBLOCK =     20 IBLOCK=  28
            256  F =    0.4980E+00 NBLOCK =     20 IBLOCK=  34
